test construct/<DISAMB>::crux_test[0]: returned Symbolic BV, [Crux] Attempting to prove verification conditions.
FAILED

failures:

---- construct/<DISAMB>::crux_test[0] counterexamples ----
[Crux] Found counterexample for verification goal
[Crux]   ./libs/crucible/lib.rs:45:9: 45:79 !test/symb_eval/sym_bytes/construct.rs:13:5: 13:35: error: in construct/<DISAMB>::crux_test[0]
[Crux]   MIR assertion at test/symb_eval/sym_bytes/construct.rs:13:5:
[Crux]   	sym2[0] == 0
[Crux]   Context:
[Crux]     internal: _start

[Crux-MIR] ---- FINAL RESULTS ----
[Crux] Goal status:
[Crux]   Total: 1
[Crux]   Proved: 0
[Crux]   Disproved: 1
[Crux]   Incomplete: 0
[Crux]   Unknown: 0
[Crux] Overall status: Invalid.
