Build profile: -w ghc-9.2.7 -O1
In order, the following will be built (use -v for more details):
 - crux-mir-0.6.0.99 (test:test) (file /home/rscott/Documents/Hacking/Haskell/sandbox/crucible/dist-newstyle/build/x86_64-linux/ghc-9.2.7/crux-mir-0.6.0.99/cache/build changed)
Preprocessing test suite 'test' for crux-mir-0.6.0.99..
Building test suite 'test' for crux-mir-0.6.0.99..
Linking /home/rscott/Documents/Hacking/Haskell/sandbox/crucible/dist-newstyle/build/x86_64-linux/ghc-9.2.7/crux-mir-0.6.0.99/t/test/build/test/test ...
crux-mir
  crux concrete
    
      refs
        promoted_imm:            OK (2.19s)
          Compiling and running oracle program (0.19s)
          Oracle output: 0                     (2.00s)
          Crux output: 0
        mut_raw:                 OK (2.15s)
          Compiling and running oracle program (0.17s)
          Oracle output: 123                   (1.98s)
          Crux output: 123
        mut_nested:              OK (2.17s)
          Compiling and running oracle program (0.17s)
          Oracle output: ()                    (2.00s)
          Crux output: ()
        fn_ptr_mut:              OK (2.19s)
          Compiling and running oracle program (0.16s)
          Oracle output: 1                     (2.03s)
          Crux output: 1
        never:                   OK (2.17s)
          Compiling and running oracle program (0.16s)
          Oracle output: 1                     (2.00s)
          Crux output: 1
        mut_ref:                 OK (2.16s)
          Compiling and running oracle program (0.17s)
          Oracle output: 1                     (2.00s)
          Crux output: 1
        temp:                    OK (2.22s)
          Compiling and running oracle program (0.18s)
          Oracle output: 1                     (2.04s)
          Crux output: 1
        mut_arg:                 OK (2.15s)
          Compiling and running oracle program (0.18s)
          Oracle output: 1                     (1.97s)
          Crux output: 1
        fn_ptr:                  OK (2.22s)
          Compiling and running oracle program (0.21s)
          Oracle output: 1                     (2.01s)
          Crux output: 1
        promoted_mut:            OK (2.18s)
          Compiling and running oracle program (0.19s)
          Oracle output: 0                     (2.00s)
          Crux output: 0
        never_mut:               OK (2.15s)
          Compiling and running oracle program (0.17s)
          Oracle output: 1                     (1.98s)
          Crux output: 1
        mut_tuple_field:         FAIL (2.22s)
          Compiling and running oracle program                           (0.17s)
          Oracle output: ()                                              (2.05s)
          Crux output: 
          failures:
          
          ---- mut_tuple_field/ef64915e::f[0] counterexamples ----
          [Crux] Found counterexample for verification goal
          [Crux]   internal: error: in static_initializer
          [Crux]   Translation error in the static initializer: fail or unimp constant: TyTuple [TyInt B32,TyInt B32] (StructRepr [MaybeRepr (BVRepr 32), MaybeRepr (BVRepr 32)]) ConstTuple [ConstInt (I32 3),ConstInt (I32 4)]
          
          [Crux] Overall status: Invalid.
          
            test/Test.hs:124:
            crux doesn't match oracle
          
          Use -p '/mut_tuple_field/' to rerun this test only.
        imm_raw:                 OK (2.16s)
          Compiling and running oracle program (0.18s)
          Oracle output: 123                   (1.98s)
          Crux output: 123
        static_mut:              OK (2.17s)
          Compiling and running oracle program (0.17s)
          Oracle output: 2                     (2.00s)
          Crux output: 2
        imm_ref:                 OK (2.13s)
          Compiling and running oracle program (0.18s)
          Oracle output: 123                   (1.95s)
          Crux output: 123
        imm_arg:                 OK (2.14s)
          Compiling and running oracle program (0.17s)
          Oracle output: 1                     (1.97s)
          Crux output: 1
      hash_map
        insert_multi:            FAIL (3.17s)
          Compiling and running oracle program (0.22s)
          Oracle output: 100                   (2.95s)
            user error (JSON Decoding of test/conc_eval/hash_map/insert_multi.all.mir failed: Error in $.fns[1463].body.blocks[0].block.data[2].rhs: unsupported RValue Just (String "ThreadLocalRef"))
          
          Use -p '/insert_multi/' to rerun this test only.
        insert_remove:           FAIL (3.26s)
          Compiling and running oracle program (0.22s)
          Oracle output: 12                    (3.04s)
            user error (JSON Decoding of test/conc_eval/hash_map/insert_remove.all.mir failed: Error in $.fns[1489].body.blocks[0].block.data[2].rhs: unsupported RValue Just (String "ThreadLocalRef"))
          
          Use -p '/insert_remove/' to rerun this test only.
        insert_iter:             FAIL (3.21s)
          Compiling and running oracle program (0.23s)
          Oracle output: [11, 12]              (2.99s)
            user error (JSON Decoding of test/conc_eval/hash_map/insert_iter.all.mir failed: Error in $.fns[1464].body.blocks[0].block.data[2].rhs: unsupported RValue Just (String "ThreadLocalRef"))
          
          Use -p '/insert_iter/' to rerun this test only.
        insert_get:              FAIL (3.17s)
          Compiling and running oracle program (0.21s)
          Oracle output: (11, 12)              (2.95s)
            user error (JSON Decoding of test/conc_eval/hash_map/insert_get.all.mir failed: Error in $.fns[1465].body.blocks[0].block.data[2].rhs: unsupported RValue Just (String "ThreadLocalRef"))
          
          Use -p '/insert_get/' to rerun this test only.
      traits
        params:                  OK (2.16s)
          Compiling and running oracle program (0.18s)
          Oracle output: 25                    (1.98s)
          Crux output: 25
        generic3:                FAIL (2.26s)
          Compiling and running oracle program                           (0.17s)
          Oracle output: ()                                              (2.09s)
          Crux output: 
          failures:
          
          ---- generic3/b76a1aa5::crux_test[0] counterexamples ----
          [Crux] Found counterexample for verification goal
          [Crux]   internal: error: in generic3/b76a1aa5::f[0]
          [Crux]   Translation error in generic3/b76a1aa5::f[0]: error building variant core/5a1f6960::option[0]::Option[0]::Some[0]: not enough expressions -- []
          
          [Crux] Overall status: Invalid.
          
            test/Test.hs:124:
            crux doesn't match oracle
          
          Use -p '/generic3/' to rerun this test only.
        static_three:            OK (2.18s)
          Compiling and running oracle program (0.18s)
          Oracle output: 2                     (2.00s)
          Crux output: 2
        generic1:                FAIL (2.20s)
          Compiling and running oracle program                           (0.17s)
          Oracle output: ()                                              (2.02s)
          Crux output: 
          failures:
          
          ---- generic1/af42c30b::crux_test[0] counterexamples ----
          [Crux] Found counterexample for verification goal
          [Crux]   internal: error: in generic1/af42c30b::f[0]
          [Crux]   Translation error in generic1/af42c30b::f[0]: error building variant core/5a1f6960::option[0]::Option[0]::Some[0]: not enough expressions -- []
          
          [Crux] Overall status: Invalid.
          
            test/Test.hs:124:
            crux doesn't match oracle
          
          Use -p '/generic1/' to rerun this test only.
        subtrait:                OK (2.16s)
          Compiling and running oracle program (0.17s)
          Oracle output: 73                    (1.99s)
          Crux output: 73
        gen_trait:               OK (2.17s)
          Compiling and running oracle program (0.17s)
          Oracle output: -69                   (2.00s)
          Crux output: -69
        dynamic_branch:          FAIL (0.20s)
          Compiling and running oracle program (0.17s)
          Oracle output: 1                     (0.03s)
            user error (Error 101 while running mir-json on test/conc_eval/traits/dynamic_branch.rs)
          
          Use -p '/dynamic_branch/' to rerun this test only.
        static_two:              OK (2.15s)
          Compiling and running oracle program (0.17s)
          Oracle output: 1                     (1.98s)
          Crux output: 1
        tyfam5:                  OK (2.15s)
          Compiling and running oracle program (0.17s)
          Oracle output: ()                    (1.98s)
          Crux output: ()
        generic2:                FAIL (2.22s)
          Compiling and running oracle program                           (0.21s)
          Oracle output: ()                                              (2.01s)
          Crux output: 
          failures:
          
          ---- generic2/adc7abb7::crux_test[0] counterexamples ----
          [Crux] Found counterexample for verification goal
          [Crux]   internal: error: in generic2/adc7abb7::f[0]
          [Crux]   Translation error in generic2/adc7abb7::f[0]: error building variant core/5a1f6960::option[0]::Option[0]::Some[0]: not enough expressions -- []
          
          [Crux] Overall status: Invalid.
          
            test/Test.hs:124:
            crux doesn't match oracle
          
          Use -p '/generic2/' to rerun this test only.
        assoc3:                  OK (2.20s)
          Compiling and running oracle program (0.18s)
          Oracle output: ()                    (2.02s)
          Crux output: ()
        tyfam4:                  OK (2.19s)
          Compiling and running oracle program (0.17s)
          Oracle output: 0                     (2.01s)
          Crux output: 0
        static_self:             OK (2.12s)
          Compiling and running oracle program (0.17s)
          Oracle output: 42                    (1.96s)
          Crux output: 42
        conv:                    OK (2.17s)
          Compiling and running oracle program (0.17s)
          Oracle output: 1                     (2.01s)
          Crux output: 1
        dynamic_poly:            FAIL (0.22s)
          Compiling and running oracle program (0.19s)
          Oracle output: 3                     (0.04s)
            user error (Error 101 while running mir-json on test/conc_eval/traits/dynamic_poly.rs)
          
          Use -p '/dynamic_poly/' to rerun this test only.
        dynamic_simple:          OK (2.13s)
          Compiling and running oracle program (0.16s)
          Oracle output: 1                     (1.97s)
          Crux output: 1
        gen_trait_poly:          OK (2.18s)
          Compiling and running oracle program (0.17s)
          Oracle output: 12                    (2.01s)
          Crux output: 12
        default:                 OK (2.14s)
          Compiling and running oracle program (0.17s)
          Oracle output: 12                    (1.97s)
          Crux output: 12
        assoc1:                  OK (2.18s)
          Compiling and running oracle program (0.18s)
          Oracle output: ()                    (1.99s)
          Crux output: ()
        subtrait2:               OK (2.13s)
          Compiling and running oracle program (0.18s)
          Oracle output: 64                    (1.95s)
          Crux output: 64
        bounds1:                 FAIL (2.16s)
          Compiling and running oracle program                           (0.17s)
          Oracle output: ()                                              (1.99s)
          Crux output: 
          failures:
          
          ---- bounds1/d7ac532f::crux_test[0] counterexamples ----
          [Crux] Found counterexample for verification goal
          [Crux]   internal: error: in bounds1/d7ac532f::f[0]
          [Crux]   Translation error in bounds1/d7ac532f::f[0]: error building variant core/5a1f6960::option[0]::Option[0]::Some[0]: not enough expressions -- []
          
          [Crux] Overall status: Invalid.
          
            test/Test.hs:124:
            crux doesn't match oracle
          
          Use -p '/bounds1/' to rerun this test only.
        bounds3:                 FAIL (2.20s)
          Compiling and running oracle program                           (0.20s)
          Oracle output: ()                                              (2.00s)
          Crux output: 
          failures:
          
          ---- bounds3/6f12d636::crux_test[0] counterexamples ----
          [Crux] Found counterexample for verification goal
          [Crux]   internal: error: in bounds3/6f12d636::f[0]
          [Crux]   Translation error in bounds3/6f12d636::f[0]: error building variant core/5a1f6960::option[0]::Option[0]::Some[0]: not enough expressions -- []
          
          [Crux] Overall status: Invalid.
          
            test/Test.hs:124:
            crux doesn't match oracle
          
          Use -p '/bounds3/' to rerun this test only.
        static_eq:               OK (2.18s)
          Compiling and running oracle program (0.16s)
          Oracle output: true                  (2.01s)
          Crux output: true
        tyfam3:                  OK (2.17s)
          Compiling and running oracle program (0.17s)
          Oracle output: 23                    (1.99s)
          Crux output: 23
        dict_med:                OK (2.21s)
          Compiling and running oracle program (0.16s)
          Oracle output: 42                    (2.05s)
          Crux output: 42
        basics1:                 OK (2.24s)
          Compiling and running oracle program (0.18s)
          Oracle output: ()                    (2.06s)
          Crux output: ()
        assoc2:                  OK (2.22s)
          Compiling and running oracle program (0.18s)
          Oracle output: ()                    (2.04s)
          Crux output: ()
        dict_polymem:            OK (2.19s)
          Compiling and running oracle program (0.18s)
          Oracle output: 4                     (2.02s)
          Crux output: 4
        bounds2:                 FAIL (2.18s)
          Compiling and running oracle program                           (0.18s)
          Oracle output: ()                                              (2.01s)
          Crux output: 
          failures:
          
          ---- bounds2/4feb6822::crux_test[0] counterexamples ----
          [Crux] Found counterexample for verification goal
          [Crux]   internal: error: in bounds2/4feb6822::f[0]
          [Crux]   Translation error in bounds2/4feb6822::f[0]: error building variant core/5a1f6960::option[0]::Option[0]::Some[0]: not enough expressions -- []
          
          [Crux] Overall status: Invalid.
          
            test/Test.hs:124:
            crux doesn't match oracle
          
          Use -p '/bounds2/' to rerun this test only.
        intoiter:                OK (2.17s)
          Compiling and running oracle program (0.19s)
          Oracle output: 0                     (1.98s)
          Crux output: 0
        static:                  OK (2.15s)
          Compiling and running oracle program (0.18s)
          Oracle output: 42                    (1.97s)
          Crux output: 42
        dynamic_two:             FAIL (0.21s)
          Compiling and running oracle program (0.17s)
          Oracle output: 1                     (0.04s)
            user error (Error 101 while running mir-json on test/conc_eval/traits/dynamic_two.rs)
          
          Use -p '/dynamic_two/' to rerun this test only.
        bounds4:                 FAIL (2.29s)
          Compiling and running oracle program                           (0.18s)
          Oracle output: ()                                              (2.11s)
          Crux output: 
          failures:
          
          ---- bounds4/33198a89::crux_test[0] counterexamples ----
          [Crux] Found counterexample for verification goal
          [Crux]   internal: error: in bounds4/33198a89::f[0]
          [Crux]   Translation error in bounds4/33198a89::f[0]: error building variant core/5a1f6960::option[0]::Option[0]::Some[0]: not enough expressions -- []
          
          [Crux] Overall status: Invalid.
          
            test/Test.hs:124:
            crux doesn't match oracle
          
          Use -p '/bounds4/' to rerun this test only.
        dict_poly:               OK (2.16s)
          Compiling and running oracle program (0.17s)
          Oracle output: 1                     (1.99s)
          Crux output: 1
        dict_simple:             OK (2.16s)
          Compiling and running oracle program (0.19s)
          Oracle output: 32                    (1.97s)
          Crux output: 32
        tyfam:                   OK (2.13s)
          Compiling and running oracle program (0.16s)
          Oracle output: 23                    (1.97s)
          Crux output: 23
        bounds5:                 FAIL (2.17s)
          Compiling and running oracle program                           (0.18s)
          Oracle output: ()                                              (1.99s)
          Crux output: 
          failures:
          
          ---- bounds5/ee058fbf::crux_test[0] counterexamples ----
          [Crux] Found counterexample for verification goal
          [Crux]   internal: error: in bounds5/ee058fbf::f[0]
          [Crux]   Translation error in bounds5/ee058fbf::f[0]: error building variant core/5a1f6960::option[0]::Option[0]::Some[0]: not enough expressions -- []
          
          [Crux] Overall status: Invalid.
          
            test/Test.hs:124:
            crux doesn't match oracle
          
          Use -p '/bounds5/' to rerun this test only.
        tyfam2:                  OK (2.17s)
          Compiling and running oracle program (0.17s)
          Oracle output: 23                    (1.99s)
          Crux output: 23
        dynamic_med:             FAIL (0.20s)
          Compiling and running oracle program (0.17s)
          Oracle output: 1                     (0.03s)
            user error (Error 101 while running mir-json on test/conc_eval/traits/dynamic_med.rs)
          
          Use -p '/dynamic_med/' to rerun this test only.
      intTest
        test0039:                OK (2.28s)
          Compiling and running oracle program (0.17s)
          Oracle output: 7                     (2.11s)
          Crux output: 7
        test0038:                FAIL (2.26s)
          Compiling and running oracle program                           (0.19s)
          Oracle output: ()                                              (2.07s)
          Crux output: 
          failures:
          
          ---- test0038/8a6cadf1::crux_test[0] counterexamples ----
          [Crux] Found counterexample for verification goal
          [Crux]   /home/rscott/Documents/Hacking/Haskell/sandbox/crucible/crux-mir/lib/core/src/ptr/mut_ptr.rs:52:37: 52:52: error: in core/5a1f6960::ptr[0]::mut_ptr[0]::{impl#0}[0]::is_null[0]::_inst5dab88813bb37c92[0]
          [Crux]   Translation error in core/5a1f6960::ptr[0]::mut_ptr[0]::{impl#0}[0]::is_null[0]::_inst5dab88813bb37c92[0]: unimplemented cast: Misc
          [Crux]     ty: TyRawPtr (TyArray (TyInt B32) 4) Mut
          [Crux]     as: TyRawPtr (TyUint B8) Mut
          
          [Crux] Overall status: Invalid.
          
            test/Test.hs:124:
            crux doesn't match oracle
          
          Use -p '/test0038/' to rerun this test only.
      tuple
        clone_rec:               FAIL (2.21s)
          Compiling and running oracle program                           (0.17s)
          Oracle output: ()                                              (2.04s)
          Crux output: 
          failures:
          
          ---- clone_rec/777a7011::f[0] counterexamples ----
          [Crux] Found counterexample for verification goal
          [Crux]   test/conc_eval/tuple/clone_rec.rs:4:17: 4:28: error: in clone_rec/777a7011::f[0]
          [Crux]   Translation error in clone_rec/777a7011::f[0]: fail or unimp constant: TyTuple [TyInt B32,TyInt B32] (StructRepr [MaybeRepr (BVRepr 32), MaybeRepr (BVRepr 32)]) ConstTuple [ConstInt (I32 3),ConstInt (I32 4)]
          
          [Crux] Overall status: Invalid.
          
            test/Test.hs:124:
            crux doesn't match oracle
          
          Use -p '/clone_rec/' to rerun this test only.
        clone:                   OK (2.21s)
          Compiling and running oracle program (0.19s)
          Oracle output: ()                    (2.02s)
          Crux output: ()
        clone_from:              FAIL (2.19s)
          Compiling and running oracle program                           (0.19s)
          Oracle output: ()                                              (2.00s)
          Crux output: 
          failures:
          
          ---- clone_from/9fe2d3a6::f[0] counterexamples ----
          [Crux] Found counterexample for verification goal
          [Crux]   /home/rscott/Documents/Hacking/Haskell/sandbox/crucible/crux-mir/lib/core/src/clone.rs:136:17: 136:31: error: in core/5a1f6960::clone[0]::Clone[0]::clone_from[0]::_insta1f0a334420ce0e0[0]
          [Crux]   Translation error in core/5a1f6960::clone[0]::Clone[0]::clone_from[0]::_insta1f0a334420ce0e0[0]: don't know how to generate CloneShim for unknown method core/5a1f6960::clone[0]::Clone[0]::clone[0]
          
          [Crux] Overall status: Invalid.
          
            test/Test.hs:124:
            crux doesn't match oracle
          
          Use -p '/clone_from/' to rerun this test only.
        clone_struct:            FAIL (2.19s)
          Compiling and running oracle program                           (0.18s)
          Oracle output: ()                                              (2.01s)
          Crux output: 
          failures:
          
          ---- clone_struct/6843d741::f[0] counterexamples ----
          [Crux] Found counterexample for verification goal
          [Crux]   test/conc_eval/tuple/clone_struct.rs:8:13: 8:22: error: in clone_struct/6843d741::f[0]
          [Crux]   Translation error in clone_struct/6843d741::f[0]: don't know how to generate CloneShim for unknown method core/5a1f6960::clone[0]::Clone[0]::clone[0]
          
          [Crux] Overall status: Invalid.
          
            test/Test.hs:124:
            crux doesn't match oracle
          
          Use -p '/clone_struct/' to rerun this test only.
      iter
        for:                     FAIL (2.25s)
          Compiling and running oracle program                           (0.17s)
          Oracle output: 47                                              (2.08s)
          Crux output: 
          failures:
          
          ---- for/318ca416::crux_test[0] counterexamples ----
          [Crux] Found counterexample for verification goal
          [Crux]   /home/rscott/Documents/Hacking/Haskell/sandbox/crucible/crux-mir/lib/core/src/num/uint_macros.rs:470:54: 470:57 !/home/rscott/Documents/Hacking/Haskell/sandbox/crucible/crux-mir/lib/core/src/num/mod.rs:921:5: 922:101: error: in core/5a1f6960::num[0]::{impl#9}[0]::unchecked_add[0]
          [Crux]   Translation error in core/5a1f6960::num[0]::{impl#9}[0]::unchecked_add[0]: callExp: Don't know how to call core/5a1f6960::intrinsics[0]::{extern#0}[0]::unchecked_add[0]::_instc5e93708b8ca6e2a[0]
          
          [Crux] Overall status: Invalid.
          
            test/Test.hs:124:
            crux doesn't match oracle
          
          Use -p '/iter.for/' to rerun this test only.
        sum:                     FAIL (2.22s)
          Compiling and running oracle program                           (0.17s)
          Oracle output: ()                                              (2.05s)
          Crux output: 
          failures:
          
          ---- sum/32c2d811::f[0] counterexamples ----
          [Crux] Found counterexample for verification goal
          [Crux]   lib/core/src/ptr/const_ptr.rs:53:37: 53:54: error: in core/5a1f6960::ptr[0]::const_ptr[0]::{impl#0}[0]::is_null[0]::_instaffa7a8b1157c078[0]
          [Crux]   Translation error in core/5a1f6960::ptr[0]::const_ptr[0]::{impl#0}[0]::is_null[0]::_instaffa7a8b1157c078[0]: unimplemented cast: Misc
          [Crux]     ty: TyRawPtr (TyUint USize) Immut
          [Crux]     as: TyRawPtr (TyUint B8) Immut
          
          [Crux] Overall status: Invalid.
          
            test/Test.hs:124:
            crux doesn't match oracle
          
          Use -p '/sum/' to rerun this test only.
        filter_chain:            OK (2.36s)
          Compiling and running oracle program (0.20s)
          Oracle output: 0                     (2.16s)
          Crux output: 0
        from_fn:                 OK (2.20s)
          Compiling and running oracle program (0.17s)
          Oracle output: ()                    (2.03s)
          Crux output: ()
        peek:                    FAIL (2.33s)
          Compiling and running oracle program                           (0.20s)
          Oracle output: 3                                               (2.12s)
          Crux output: 
          failures:
          
          ---- peek/dee0a907::crux_test[0] counterexamples ----
          [Crux] Found counterexample for verification goal
          [Crux]   lib/core/src/ptr/const_ptr.rs:53:37: 53:54: error: in core/5a1f6960::ptr[0]::const_ptr[0]::{impl#0}[0]::is_null[0]::_instaffa7a8b1157c078[0]
          [Crux]   Translation error in core/5a1f6960::ptr[0]::const_ptr[0]::{impl#0}[0]::is_null[0]::_instaffa7a8b1157c078[0]: unimplemented cast: Misc
          [Crux]     ty: TyRawPtr (TyUint USize) Immut
          [Crux]     as: TyRawPtr (TyUint B8) Immut
          
          [Crux] Overall status: Invalid.
          
            test/Test.hs:124:
            crux doesn't match oracle
          
          Use -p '/peek/' to rerun this test only.
        zip:                     FAIL (2.29s)
          Compiling and running oracle program                           (0.18s)
          Oracle output: ()                                              (2.10s)
          Crux output: 
          failures:
          
          ---- zip/b55065e9::f[0] counterexamples ----
          [Crux] Found counterexample for verification goal
          [Crux]   /home/rscott/Documents/Hacking/Haskell/sandbox/crucible/crux-mir/lib/core/src/ptr/const_ptr.rs:53:37: 53:54: error: in core/5a1f6960::ptr[0]::const_ptr[0]::{impl#0}[0]::is_null[0]::_inst1e2825177cd3b608[0]
          [Crux]   Translation error in core/5a1f6960::ptr[0]::const_ptr[0]::{impl#0}[0]::is_null[0]::_inst1e2825177cd3b608[0]: unimplemented cast: Misc
          [Crux]     ty: TyRawPtr (TyInt B32) Immut
          [Crux]     as: TyRawPtr (TyUint B8) Immut
          
          [Crux] Overall status: Invalid.
          
            test/Test.hs:124:
            crux doesn't match oracle
          
          Use -p '/zip/' to rerun this test only.
        loop:                    OK (2.14s)
          Compiling and running oracle program (0.18s)
          Oracle output: 2                     (1.97s)
          Crux output: 2
        cloned:                  FAIL (2.24s)
          Compiling and running oracle program                           (0.18s)
          Oracle output: 6                                               (2.06s)
          Crux output: 
          failures:
          
          ---- cloned/7cb6e236::crux_test[0] counterexamples ----
          [Crux] Found counterexample for verification goal
          [Crux]   lib/core/src/ptr/const_ptr.rs:53:37: 53:54: error: in core/5a1f6960::ptr[0]::const_ptr[0]::{impl#0}[0]::is_null[0]::_instaffa7a8b1157c078[0]
          [Crux]   Translation error in core/5a1f6960::ptr[0]::const_ptr[0]::{impl#0}[0]::is_null[0]::_instaffa7a8b1157c078[0]: unimplemented cast: Misc
          [Crux]     ty: TyRawPtr (TyUint USize) Immut
          [Crux]     as: TyRawPtr (TyUint B8) Immut
          
          [Crux] Overall status: Invalid.
          
            test/Test.hs:124:
            crux doesn't match oracle
          
          Use -p '/cloned/' to rerun this test only.
      str
        format_hex:              FAIL (3.00s)
          Compiling and running oracle program                           (0.17s)
          Oracle output: true                                            (2.83s)
          Crux output: 
          failures:
          
          ---- format_hex/b2ce67ae::crux_test[0] counterexamples ----
          [Crux] Found counterexample for verification goal
          [Crux]   lib/core/src/ptr/const_ptr.rs:53:37: 53:54: error: in core/5a1f6960::ptr[0]::const_ptr[0]::{impl#0}[0]::is_null[0]::_inst69034e259c08d50e[0]
          [Crux]   Translation error in core/5a1f6960::ptr[0]::const_ptr[0]::{impl#0}[0]::is_null[0]::_inst69034e259c08d50e[0]: unimplemented cast: Misc
          [Crux]     ty: TyRawPtr (TyRef TyStr Immut) Immut
          [Crux]     as: TyRawPtr (TyUint B8) Immut
          
          [Crux] Overall status: Invalid.
          
            test/Test.hs:124:
            crux doesn't match oracle
          
          Use -p '/format_hex/' to rerun this test only.
        format_int:              FAIL (3.02s)
          Compiling and running oracle program                           (0.18s)
          Oracle output: true                                            (2.84s)
          Crux output: 
          failures:
          
          ---- format_int/4ab30ab2::crux_test[0] counterexamples ----
          [Crux] Found counterexample for verification goal
          [Crux]   lib/core/src/ptr/const_ptr.rs:53:37: 53:54: error: in core/5a1f6960::ptr[0]::const_ptr[0]::{impl#0}[0]::is_null[0]::_inst69034e259c08d50e[0]
          [Crux]   Translation error in core/5a1f6960::ptr[0]::const_ptr[0]::{impl#0}[0]::is_null[0]::_inst69034e259c08d50e[0]: unimplemented cast: Misc
          [Crux]     ty: TyRawPtr (TyRef TyStr Immut) Immut
          [Crux]     as: TyRawPtr (TyUint B8) Immut
          
          [Crux] Overall status: Invalid.
          
            test/Test.hs:124:
            crux doesn't match oracle
          
          Use -p '/format_int/' to rerun this test only.
        format_struct:           FAIL (3.11s)
          Compiling and running oracle program                           (0.18s)
          Oracle output: true                                            (2.93s)
          Crux output: 
          failures:
          
          ---- format_struct/3a3e646a::crux_test[0] counterexamples ----
          [Crux] Found counterexample for verification goal
          [Crux]   lib/core/src/ptr/const_ptr.rs:53:37: 53:54: error: in core/5a1f6960::ptr[0]::const_ptr[0]::{impl#0}[0]::is_null[0]::_inst69034e259c08d50e[0]
          [Crux]   Translation error in core/5a1f6960::ptr[0]::const_ptr[0]::{impl#0}[0]::is_null[0]::_inst69034e259c08d50e[0]: unimplemented cast: Misc
          [Crux]     ty: TyRawPtr (TyRef TyStr Immut) Immut
          [Crux]     as: TyRawPtr (TyUint B8) Immut
          
          [Crux] Overall status: Invalid.
          
            test/Test.hs:124:
            crux doesn't match oracle
          
          Use -p '/format_struct/' to rerun this test only.
        format:                  FAIL (3.23s)
          Compiling and running oracle program                           (0.18s)
          Oracle output: true                                            (3.05s)
          Crux output: 
          failures:
          
          ---- format/c1518bdc::crux_test[0] counterexamples ----
          [Crux] Found counterexample for verification goal
          [Crux]   lib/core/src/ptr/const_ptr.rs:53:37: 53:54: error: in core/5a1f6960::ptr[0]::const_ptr[0]::{impl#0}[0]::is_null[0]::_inst69034e259c08d50e[0]
          [Crux]   Translation error in core/5a1f6960::ptr[0]::const_ptr[0]::{impl#0}[0]::is_null[0]::_inst69034e259c08d50e[0]: unimplemented cast: Misc
          [Crux]     ty: TyRawPtr (TyRef TyStr Immut) Immut
          [Crux]     as: TyRawPtr (TyUint B8) Immut
          
          [Crux] Overall status: Invalid.
          
            test/Test.hs:124:
            crux doesn't match oracle
          
          Use -p '$0=="crux-mir.crux concrete..str.format"' to rerun this test only.
        to_owned:                FAIL (2.37s)
          Compiling and running oracle program                           (0.18s)
          Oracle output: true                                            (2.19s)
          Crux output: 
          failures:
          
          ---- to_owned/41c1673f::crux_test[0] counterexamples ----
          [Crux] Found counterexample for verification goal
          [Crux]   /home/rscott/Documents/Hacking/Haskell/sandbox/crucible/crux-mir/lib/core/src/str/mod.rs:327:33: 327:37: error: in core/5a1f6960::str[0]::{impl#0}[0]::as_bytes[0]
          [Crux]   Translation error in core/5a1f6960::str[0]::{impl#0}[0]::as_bytes[0]: callExp: Don't know how to call core/5a1f6960::intrinsics[0]::{extern#0}[0]::transmute[0]::_instf78f029a53f4941f[0]
          
          [Crux] Overall status: Invalid.
          
            test/Test.hs:124:
            crux doesn't match oracle
          
          Use -p '/to_owned/' to rerun this test only.
        string_push:             FAIL (3.02s)
          Compiling and running oracle program                           (0.18s)
          Oracle output: true                                            (2.84s)
          Crux output: 
          failures:
          
          ---- string_push/cf3b0ae9::crux_test[0] counterexamples ----
          [Crux] Found counterexample for verification goal
          [Crux]   lib/core/src/cmp.rs:1300:11: 1300:28: error: in core/5a1f6960::cmp[0]::max_by[0]::_insta10905add4aa20a5[0]
          [Crux]   Translation error in core/5a1f6960::cmp[0]::max_by[0]::_insta10905add4aa20a5[0]: illegal or unimplemented coercion from TyInt USize (concretely BVRepr 32) to TyInt B8
          
          [Crux] Overall status: Invalid.
          
            test/Test.hs:124:
            crux doesn't match oracle
          
          Use -p '/string_push/' to rerun this test only.
        format_array:            FAIL (3.11s)
          Compiling and running oracle program                           (0.18s)
          Oracle output: true                                            (2.92s)
          Crux output: 
          failures:
          
          ---- format_array/8a564567::crux_test[0] counterexamples ----
          [Crux] Found counterexample for verification goal
          [Crux]   lib/core/src/ptr/const_ptr.rs:53:37: 53:54: error: in core/5a1f6960::ptr[0]::const_ptr[0]::{impl#0}[0]::is_null[0]::_inst69034e259c08d50e[0]
          [Crux]   Translation error in core/5a1f6960::ptr[0]::const_ptr[0]::{impl#0}[0]::is_null[0]::_inst69034e259c08d50e[0]: unimplemented cast: Misc
          [Crux]     ty: TyRawPtr (TyRef TyStr Immut) Immut
          [Crux]     as: TyRawPtr (TyUint B8) Immut
          
          [Crux] Overall status: Invalid.
          
            test/Test.hs:124:
            crux doesn't match oracle
          
          Use -p '/format_array/' to rerun this test only.
      sync
        mutex:                   FAIL (2.80s)
          Compiling and running oracle program (0.19s)
          Oracle output: 1                     (2.61s)
            user error (JSON Decoding of test/conc_eval/sync/mutex.all.mir failed: Error in $.fns[1069].body.blocks[0].block.data[2].rhs: unsupported RValue Just (String "ThreadLocalRef"))
          
          Use -p '$0=="crux-mir.crux concrete..sync.mutex"' to rerun this test only.
        arc_cell:                FAIL (2.41s)
          Compiling and running oracle program                           (0.19s)
          Oracle output: 4                                               (2.23s)
          Crux output: 
          failures:
          
          ---- arc_cell/685cfc00::crux_test[0] counterexamples ----
          [Crux] Found counterexample for verification goal
          [Crux]   /home/rscott/Documents/Hacking/Haskell/sandbox/crucible/crux-mir/lib/core/src/ptr/alignment.rs:89:53: 89:58: error: in core/5a1f6960::ptr[0]::alignment[0]::{impl#0}[0]::new_unchecked[0]
          [Crux]   Translation error in core/5a1f6960::ptr[0]::alignment[0]::{impl#0}[0]::new_unchecked[0]: callExp: Don't know how to call core/5a1f6960::intrinsics[0]::{extern#0}[0]::transmute[0]::_instfab2666815496a23[0]
          
          [Crux] Overall status: Invalid.
          
            test/Test.hs:124:
            crux doesn't match oracle
          
          Use -p '/arc_cell/' to rerun this test only.
        arc:                     FAIL (2.46s)
          Compiling and running oracle program                           (0.18s)
          Oracle output: 1                                               (2.28s)
          Crux output: 
          failures:
          
          ---- arc/346ee371::crux_test[0] counterexamples ----
          [Crux] Found counterexample for verification goal
          [Crux]   /home/rscott/Documents/Hacking/Haskell/sandbox/crucible/crux-mir/lib/core/src/ptr/alignment.rs:89:53: 89:58: error: in core/5a1f6960::ptr[0]::alignment[0]::{impl#0}[0]::new_unchecked[0]
          [Crux]   Translation error in core/5a1f6960::ptr[0]::alignment[0]::{impl#0}[0]::new_unchecked[0]: callExp: Don't know how to call core/5a1f6960::intrinsics[0]::{extern#0}[0]::transmute[0]::_instfab2666815496a23[0]
          
          [Crux] Overall status: Invalid.
          
            test/Test.hs:124:
            crux doesn't match oracle
          
          Use -p '$0=="crux-mir.crux concrete..sync.arc"' to rerun this test only.
        atomic_add:              FAIL (2.22s)
          Compiling and running oracle program                           (0.17s)
          Oracle output: 6                                               (2.05s)
          Crux output: 
          failures:
          
          ---- atomic_add/65495182::crux_test[0] counterexamples ----
          [Crux] Found counterexample for verification goal
          [Crux]   /home/rscott/Documents/Hacking/Haskell/sandbox/crucible/crux-mir/lib/core/src/ptr/const_ptr.rs:53:37: 53:54: error: in core/5a1f6960::ptr[0]::const_ptr[0]::{impl#0}[0]::is_null[0]::_inst8c861ae30ba93f05[0]
          [Crux]   Translation error in core/5a1f6960::ptr[0]::const_ptr[0]::{impl#0}[0]::is_null[0]::_inst8c861ae30ba93f05[0]: unimplemented cast: Misc
          [Crux]     ty: TyRawPtr (TyAdt core/5a1f6960::sync[0]::atomic[0]::Ordering[0]::_adtb7803c2264daf0ec[0] core/5a1f6960::sync[0]::atomic[0]::Ordering[0] (Substs [])) Immut
          [Crux]     as: TyRawPtr (TyUint B8) Immut
          
          [Crux] Overall status: Invalid.
          
            test/Test.hs:124:
            crux doesn't match oracle
          
          Use -p '/atomic_add/' to rerun this test only.
        rwlock:                  FAIL (2.87s)
          Compiling and running oracle program (0.18s)
          Oracle output: 2                     (2.69s)
            user error (JSON Decoding of test/conc_eval/sync/rwlock.all.mir failed: Error in $.fns[1097].body.blocks[0].block.data[2].rhs: unsupported RValue Just (String "ThreadLocalRef"))
          
          Use -p '$0=="crux-mir.crux concrete..sync.rwlock"' to rerun this test only.
        atomic_cxchg:            FAIL (2.40s)
          Compiling and running oracle program                           (0.19s)
          Oracle output: 6                                               (2.22s)
          Crux output: 
          failures:
          
          ---- atomic_cxchg/eb5b5103::crux_test[0] counterexamples ----
          [Crux] Found counterexample for verification goal
          [Crux]   /home/rscott/Documents/Hacking/Haskell/sandbox/crucible/crux-mir/lib/core/src/ptr/const_ptr.rs:53:37: 53:54: error: in core/5a1f6960::ptr[0]::const_ptr[0]::{impl#0}[0]::is_null[0]::_inst8c861ae30ba93f05[0]
          [Crux]   Translation error in core/5a1f6960::ptr[0]::const_ptr[0]::{impl#0}[0]::is_null[0]::_inst8c861ae30ba93f05[0]: unimplemented cast: Misc
          [Crux]     ty: TyRawPtr (TyAdt core/5a1f6960::sync[0]::atomic[0]::Ordering[0]::_adtb7803c2264daf0ec[0] core/5a1f6960::sync[0]::atomic[0]::Ordering[0] (Substs [])) Immut
          [Crux]     as: TyRawPtr (TyUint B8) Immut
          
          [Crux] Overall status: Invalid.
          
            test/Test.hs:124:
            crux doesn't match oracle
          
          Use -p '/atomic_cxchg/' to rerun this test only.
        arc_clone:               FAIL (2.32s)
          Compiling and running oracle program                           (0.18s)
          Oracle output: 2                                               (2.13s)
          Crux output: 
          failures:
          
          ---- arc_clone/760f187f::crux_test[0] counterexamples ----
          [Crux] Found counterexample for verification goal
          [Crux]   /home/rscott/Documents/Hacking/Haskell/sandbox/crucible/crux-mir/lib/core/src/ptr/alignment.rs:89:53: 89:58: error: in core/5a1f6960::ptr[0]::alignment[0]::{impl#0}[0]::new_unchecked[0]
          [Crux]   Translation error in core/5a1f6960::ptr[0]::alignment[0]::{impl#0}[0]::new_unchecked[0]: callExp: Don't know how to call core/5a1f6960::intrinsics[0]::{extern#0}[0]::transmute[0]::_instfab2666815496a23[0]
          
          [Crux] Overall status: Invalid.
          
            test/Test.hs:124:
            crux doesn't match oracle
          
          Use -p '/arc_clone/' to rerun this test only.
        atomic_swap:             FAIL (2.21s)
          Compiling and running oracle program                           (0.18s)
          Oracle output: (2, 1)                                          (2.03s)
          Crux output: 
          failures:
          
          ---- atomic_swap/25d5ab9a::crux_test[0] counterexamples ----
          [Crux] Found counterexample for verification goal
          [Crux]   /home/rscott/Documents/Hacking/Haskell/sandbox/crucible/crux-mir/lib/core/src/sync/atomic.rs:3010:60: 3010:63: error: in core/5a1f6960::sync[0]::atomic[0]::atomic_store[0]::_inst1e2825177cd3b608[0]
          [Crux]   Translation error in core/5a1f6960::sync[0]::atomic[0]::atomic_store[0]::_inst1e2825177cd3b608[0]: callExp: Don't know how to call core/5a1f6960::intrinsics[0]::{extern#0}[0]::atomic_store_seqcst[0]::_inst1e2825177cd3b608[0]
          
          [Crux] Overall status: Invalid.
          
            test/Test.hs:124:
            crux doesn't match oracle
          
          Use -p '/atomic_swap/' to rerun this test only.
        rwlock_multi:            FAIL (2.87s)
          Compiling and running oracle program (0.18s)
          Oracle output: 3                     (2.69s)
            user error (JSON Decoding of test/conc_eval/sync/rwlock_multi.all.mir failed: Error in $.fns[1123].body.blocks[0].block.data[2].rhs: unsupported RValue Just (String "ThreadLocalRef"))
          
          Use -p '/rwlock_multi/' to rerun this test only.
        atomic_fence:            FAIL (2.32s)
          Compiling and running oracle program                           (0.17s)
          Oracle output: 2                                               (2.16s)
          Crux output: 
          failures:
          
          ---- atomic_fence/89629395::crux_test[0] counterexamples ----
          [Crux] Found counterexample for verification goal
          [Crux]   /home/rscott/Documents/Hacking/Haskell/sandbox/crucible/crux-mir/lib/core/src/sync/atomic.rs:3010:60: 3010:63: error: in core/5a1f6960::sync[0]::atomic[0]::atomic_store[0]::_inst1e2825177cd3b608[0]
          [Crux]   Translation error in core/5a1f6960::sync[0]::atomic[0]::atomic_store[0]::_inst1e2825177cd3b608[0]: callExp: Don't know how to call core/5a1f6960::intrinsics[0]::{extern#0}[0]::atomic_store_seqcst[0]::_inst1e2825177cd3b608[0]
          
          [Crux] Overall status: Invalid.
          
            test/Test.hs:124:
            crux doesn't match oracle
          
          Use -p '/atomic_fence/' to rerun this test only.
        mutex_multi:             FAIL (2.71s)
          Compiling and running oracle program (0.18s)
          Oracle output: 3                     (2.53s)
            user error (JSON Decoding of test/conc_eval/sync/mutex_multi.all.mir failed: Error in $.fns[1079].body.blocks[0].block.data[2].rhs: unsupported RValue Just (String "ThreadLocalRef"))
          
          Use -p '/mutex_multi/' to rerun this test only.
      consts
        struct_val:              OK (2.21s)
          Compiling and running oracle program (0.17s)
          Oracle output: Foo { x: true }       (2.03s)
          Crux output: Foo { x: true }
        struct_unit:             FAIL (2.17s)
          Compiling and running oracle program                           (0.17s)
          Oracle output: Err(Foo { x: () })                              (2.00s)
          Crux output: 
          failures:
          
          ---- struct_unit/c2581b77::crux_test[0] counterexamples ----
          [Crux] Found counterexample for verification goal
          [Crux]   internal: error: in struct_unit/c2581b77::crux_test[0]
          [Crux]   Translation error in struct_unit/c2581b77::crux_test[0]: error building variant core/5a1f6960::result[0]::Result[0]::Err[0]: not enough expressions -- []
          
          [Crux] Overall status: Invalid.
          
            test/Test.hs:124:
            crux doesn't match oracle
          
          Use -p '/struct_unit/' to rerun this test only.
        local_key:               FAIL (2.21s)
          Compiling and running oracle program (0.18s)
          Oracle output: 1                     (2.04s)
            user error (JSON Decoding of test/conc_eval/consts/local_key.all.mir failed: Error in $.statics[0].rendered.fields[0]: parseJSON - bad rendered constant kind: Just (String "fn_ptr"))
          
          Use -p '/local_key/' to rerun this test only.
        fn_def:                  FAIL (2.19s)
          Compiling and running oracle program (0.21s)
          Oracle output: 1                     (1.99s)
            user error (JSON Decoding of test/conc_eval/consts/fn_def.all.mir failed: Error in $.fns[0].body.blocks[0].block.terminator.func.data.rendered: parseJSON - bad rendered constant kind: Just (String "fn_ptr"))
          
          Use -p '/fn_def/' to rerun this test only.
        enum_val:                OK (2.14s)
          Compiling and running oracle program (0.17s)
          Oracle output: None                  (1.97s)
          Crux output: None
      crypto
        add:                     FAIL (2.29s)
          Compiling and running oracle program                           (0.18s)
          Oracle output: true                                            (2.11s)
          Crux output: 
          failures:
          
          ---- add/f9cfa7f7::crux_test[0] counterexamples ----
          [Crux] Found counterexample for verification goal
          [Crux]   lib/core/src/num/uint_macros.rs:470:54: 470:57 !lib/core/src/num/mod.rs:965:5: 970:27: error: in core/5a1f6960::num[0]::{impl#12}[0]::unchecked_add[0]
          [Crux]   Translation error in core/5a1f6960::num[0]::{impl#12}[0]::unchecked_add[0]: callExp: Don't know how to call core/5a1f6960::intrinsics[0]::{extern#0}[0]::unchecked_add[0]::_instaffa7a8b1157c078[0]
          
          [Crux] Overall status: Invalid.
          
            test/Test.hs:124:
            crux doesn't match oracle
          
          Use -p '$0=="crux-mir.crux concrete..crypto.add"' to rerun this test only.
        add_noL:                 FAIL (2.22s)
          Compiling and running oracle program                           (0.19s)
          Oracle output: false                                           (2.03s)
          Crux output: 
          failures:
          
          ---- add_noL/d822cec7::crux_test[0] counterexamples ----
          [Crux] Found counterexample for verification goal
          [Crux]   lib/core/src/num/uint_macros.rs:470:54: 470:57 !lib/core/src/num/mod.rs:965:5: 970:27: error: in core/5a1f6960::num[0]::{impl#12}[0]::unchecked_add[0]
          [Crux]   Translation error in core/5a1f6960::num[0]::{impl#12}[0]::unchecked_add[0]: callExp: Don't know how to call core/5a1f6960::intrinsics[0]::{extern#0}[0]::unchecked_add[0]::_instaffa7a8b1157c078[0]
          
          [Crux] Overall status: Invalid.
          
            test/Test.hs:124:
            crux doesn't match oracle
          
          Use -p '/add_noL/' to rerun this test only.
      cell
        cell:                    OK (2.24s)
          Compiling and running oracle program (0.18s)
          Oracle output: 2                     (2.05s)
          Crux output: 2
        ref_cell:                FAIL (2.95s)
          Compiling and running oracle program                           (0.18s)
          Oracle output: 2                                               (2.77s)
          Crux output: 
          failures:
          
          ---- ref_cell/67706a18::crux_test[0] counterexamples ----
          [Crux] Found counterexample for verification goal
          [Crux]   /home/rscott/Documents/Hacking/Haskell/sandbox/crucible/crux-mir/lib/core/src/ptr/mut_ptr.rs:52:37: 52:52: error: in core/5a1f6960::ptr[0]::mut_ptr[0]::{impl#0}[0]::is_null[0]::_inst1e2825177cd3b608[0]
          [Crux]   Translation error in core/5a1f6960::ptr[0]::mut_ptr[0]::{impl#0}[0]::is_null[0]::_inst1e2825177cd3b608[0]: unimplemented cast: Misc
          [Crux]     ty: TyRawPtr (TyInt B32) Mut
          [Crux]     as: TyRawPtr (TyUint B8) Mut
          
          [Crux] Overall status: Invalid.
          
            test/Test.hs:124:
            crux doesn't match oracle
          
          Use -p '$0=="crux-mir.crux concrete..cell.ref_cell"' to rerun this test only.
        ref_cell2:               FAIL (2.94s)
          Compiling and running oracle program                           (0.19s)
          Oracle output: 2                                               (2.76s)
          Crux output: 
          failures:
          
          ---- ref_cell2/d5dc162d::crux_test[0] counterexamples ----
          [Crux] Found counterexample for verification goal
          [Crux]   /home/rscott/Documents/Hacking/Haskell/sandbox/crucible/crux-mir/lib/core/src/ptr/mut_ptr.rs:52:37: 52:52: error: in core/5a1f6960::ptr[0]::mut_ptr[0]::{impl#0}[0]::is_null[0]::_inst1e2825177cd3b608[0]
          [Crux]   Translation error in core/5a1f6960::ptr[0]::mut_ptr[0]::{impl#0}[0]::is_null[0]::_inst1e2825177cd3b608[0]: unimplemented cast: Misc
          [Crux]     ty: TyRawPtr (TyInt B32) Mut
          [Crux]     as: TyRawPtr (TyUint B8) Mut
          
          [Crux] Overall status: Invalid.
          
            test/Test.hs:124:
            crux doesn't match oracle
          
          Use -p '/ref_cell2/' to rerun this test only.
      fnptr
        call:                    OK (2.32s)
          Compiling and running oracle program (0.17s)
          Oracle output: 2                     (2.15s)
          Crux output: 2
        field:                   OK (2.22s)
          Compiling and running oracle program (0.18s)
          Oracle output: 2                     (2.04s)
          Crux output: 2
        make:                    OK (2.18s)
          Compiling and running oracle program (0.18s)
          Oracle output: 0                     (1.99s)
          Crux output: 0
        custom:                  rustc compilation failed for custom
error output:
error[E0432]: unresolved import `core`
 --> test/conc_eval/fnptr/custom.rs:2:5
  |
2 | use core::mem;
  |     ^^^^ maybe a missing crate `core`?
  |
  = help: consider adding `extern crate core` to use the `core` crate

error: aborting due to previous error

For more information about this error, try `rustc --explain E0432`.

FAIL (expected: taking address of an overridden function) (0.06s)
          Compiling and running oracle program (0.06s)
            test/Test.hs:107:
            failed to compile and run
           (expected failure)
      num
        overflow:                FAIL (2.22s)
          Compiling and running oracle program                           (0.18s)
          Oracle output: ()                                              (2.05s)
          Crux output: 
          failures:
          
          ---- overflow/0ff004e4::crux_test[0] counterexamples ----
          [Crux] Found counterexample for verification goal
          [Crux]   internal: error: in static_initializer
          [Crux]   Translation error in the static initializer: fail or unimp constant: TyTuple [TyUint B8,TyBool] (StructRepr [MaybeRepr (BVRepr 8), MaybeRepr BoolRepr]) ConstTuple [ConstInt (U8 3),ConstBool False]
          
          [Crux] Overall status: Invalid.
          
            test/Test.hs:124:
            crux doesn't match oracle
          
          Use -p '/num.overflow/' to rerun this test only.
        from_bytes:              FAIL (2.17s)
          Compiling and running oracle program                           (0.17s)
          Oracle output: ()                                              (2.01s)
          Crux output: 
          failures:
          
          ---- from_bytes/84ee4e7f::f[0] counterexamples ----
          [Crux] Found counterexample for verification goal
          [Crux]   /home/rscott/Documents/Hacking/Haskell/sandbox/crucible/crux-mir/lib/core/src/num/uint_macros.rs:2417:37: 2417:42 !/home/rscott/Documents/Hacking/Haskell/sandbox/crucible/crux-mir/lib/core/src/num/mod.rs:890:5: 891:49: error: in core/5a1f6960::num[0]::{impl#8}[0]::from_ne_bytes[0]
          [Crux]   Translation error in core/5a1f6960::num[0]::{impl#8}[0]::from_ne_bytes[0]: callExp: Don't know how to call core/5a1f6960::intrinsics[0]::{extern#0}[0]::transmute[0]::_inst850c595be4adc72f[0]
          
          [Crux] Overall status: Invalid.
          
            test/Test.hs:124:
            crux doesn't match oracle
          
          Use -p '/from_bytes/' to rerun this test only.
        saturate:                FAIL (2.86s)
          Compiling and running oracle program                           (0.18s)
          Oracle output: ()                                              (2.69s)
          Crux output: 
          failures:
          
          ---- saturate/e630dede::crux_test[0] counterexamples ----
          [Crux] Found counterexample for verification goal
          [Crux]   /home/rscott/Documents/Hacking/Haskell/sandbox/crucible/crux-mir/lib/core/src/num/uint_macros.rs:1022:46: 1022:49 !/home/rscott/Documents/Hacking/Haskell/sandbox/crucible/crux-mir/lib/core/src/num/mod.rs:305:5: 306:27: error: in core/5a1f6960::num[0]::{impl#7}[0]::saturating_add[0]
          [Crux]   Translation error in core/5a1f6960::num[0]::{impl#7}[0]::saturating_add[0]: callExp: Don't know how to call core/5a1f6960::intrinsics[0]::{extern#0}[0]::saturating_add[0]::_instaddce72e1232152c[0]
          
          [Crux] Overall status: Invalid.
          
            test/Test.hs:124:
            crux doesn't match oracle
          
          Use -p '/saturate/' to rerun this test only.
      prim
        bool:                    OK (2.13s)
          Compiling and running oracle program (0.17s)
          Oracle output: false                 (1.97s)
          Crux output: false
        shift3:                  OK (2.27s)
          Compiling and running oracle program (0.17s)
          Oracle output: -9223372036854775808  (2.10s)
          Crux output: -9223372036854775808
        div:                     OK (2.15s)
          Compiling and running oracle program (0.16s)
          Oracle output: 4                     (1.98s)
          Crux output: 4
        ge:                      OK (2.16s)
          Compiling and running oracle program (0.16s)
          Oracle output: true                  (2.00s)
          Crux output: true
        add1:                    OK (2.19s)
          Compiling and running oracle program (0.16s)
          Oracle output: 2                     (2.03s)
          Crux output: 2
        shift_exceeding:         rustc compilation failed for shift_exceeding
error output:
error[E0425]: cannot find function `catch_unwind` in module `panic`
  --> test/conc_eval/prim/shift_exceeding.rs:14:25
   |
14 |     let result = panic::catch_unwind(|| {
   |                         ^^^^^^^^^^^^ not found in `panic`
   |
help: consider importing this function
   |
3  | use std::panic::catch_unwind;
   |
help: if you import `catch_unwind`, refer to it directly
   |
14 -     let result = panic::catch_unwind(|| {
14 +     let result = catch_unwind(|| {
   |

warning: lint `exceeding_bitshifts` has been renamed to `arithmetic_overflow`
 --> test/conc_eval/prim/shift_exceeding.rs:4:9
  |
4 | #[allow(exceeding_bitshifts)]
  |         ^^^^^^^^^^^^^^^^^^^ help: use the new name: `arithmetic_overflow`
  |
  = note: `#[warn(renamed_and_removed_lints)]` on by default

error: aborting due to previous error; 1 warning emitted

For more information about this error, try `rustc --explain E0425`.

FAIL (expected: Should panic, but doesn't) (0.06s)
          Compiling and running oracle program (0.06s)
            test/Test.hs:107:
            failed to compile and run
           (expected failure)
        char_from_u32:           FAIL (2.21s)
          Compiling and running oracle program                           (0.17s)
          Oracle output: 'A'                                             (2.04s)
          Crux output: 
          failures:
          
          ---- char_from_u32/2f2f276c::crux_test[0] counterexamples ----
          [Crux] Found counterexample for verification goal
          [Crux]   /home/rscott/Documents/Hacking/Haskell/sandbox/crucible/crux-mir/lib/core/src/char/convert.rs:215:31: 215:32: error: in core/5a1f6960::char[0]::convert[0]::char_try_from_u32[0]
          [Crux]   Translation error in core/5a1f6960::char[0]::convert[0]::char_try_from_u32[0]: callExp: Don't know how to call core/5a1f6960::intrinsics[0]::{extern#0}[0]::transmute[0]::_instdc3291f36c45d6de[0]
          
          [Crux] Overall status: Invalid.
          
            test/Test.hs:124:
            crux doesn't match oracle
          
          Use -p '/char_from_u32/' to rerun this test only.
        ffs:                     FAIL (2.22s)
          Compiling and running oracle program                           (0.17s)
          Oracle output: true                                            (2.04s)
          Crux output: 
          failures:
          
          ---- ffs/5879a819::crux_test[0] counterexamples ----
          [Crux] Found counterexample for verification goal
          [Crux]   /home/rscott/Documents/Hacking/Haskell/sandbox/crucible/crux-mir/lib/core/src/num/int_macros.rs:460:54: 460:57 !/home/rscott/Documents/Hacking/Haskell/sandbox/crucible/crux-mir/lib/core/src/num/mod.rs:251:5: 253:45: error: in core/5a1f6960::num[0]::{impl#3}[0]::unchecked_add[0]
          [Crux]   Translation error in core/5a1f6960::num[0]::{impl#3}[0]::unchecked_add[0]: callExp: Don't know how to call core/5a1f6960::intrinsics[0]::{extern#0}[0]::unchecked_add[0]::_inst1e2825177cd3b608[0]
          
          [Crux] Overall status: Invalid.
          
            test/Test.hs:124:
            crux doesn't match oracle
          
          Use -p '/prim.ffs/' to rerun this test only.
        mut_arg:                 OK (2.26s)
          Compiling and running oracle program (0.17s)
          Oracle output: 1                     (2.09s)
          Crux output: 1
        litstring:               FAIL (2.17s)
          Compiling and running oracle program                           (0.16s)
          Oracle output: true                                            (2.00s)
          Crux output: 
          failures:
          
          ---- litstring/dd559cbf::crux_test[0] counterexamples ----
          [Crux] Found counterexample for verification goal
          [Crux]   /home/rscott/Documents/Hacking/Haskell/sandbox/crucible/crux-mir/lib/core/src/str/mod.rs:327:33: 327:37: error: in core/5a1f6960::str[0]::{impl#0}[0]::as_bytes[0]
          [Crux]   Translation error in core/5a1f6960::str[0]::{impl#0}[0]::as_bytes[0]: callExp: Don't know how to call core/5a1f6960::intrinsics[0]::{extern#0}[0]::transmute[0]::_instf78f029a53f4941f[0]
          
          [Crux] Overall status: Invalid.
          
            test/Test.hs:124:
            crux doesn't match oracle
          
          Use -p '/litstring/' to rerun this test only.
        lit:                     FAIL (2.15s)
          Compiling and running oracle program                           (0.17s)
          Oracle output: false                                           (1.97s)
          Crux output: 
          failures:
          
          ---- lit/7ce419c4::crux_test[0] counterexamples ----
          [Crux] Found counterexample for verification goal
          [Crux]   internal: error: in lit/7ce419c4::crux_test[0]
          [Crux]   Translation error in lit/7ce419c4::crux_test[0]: fail or unimp constant: TyTuple [TyBool,TyBool] (StructRepr [MaybeRepr BoolRepr, MaybeRepr BoolRepr]) ConstTuple [ConstBool True,ConstBool True]
          
          [Crux] Overall status: Invalid.
          
            test/Test.hs:124:
            crux doesn't match oracle
          
          Use -p '$0=="crux-mir.crux concrete..prim.lit"' to rerun this test only.
        litbstring:              OK (2.12s)
          Compiling and running oracle program (0.16s)
          Oracle output: true                  (1.96s)
          Crux output: true
        shift1:                  OK (2.17s)
          Compiling and running oracle program (0.16s)
          Oracle output: 2                     (2.01s)
          Crux output: 2
        shift2:                  OK (2.16s)
          Compiling and running oracle program (0.17s)
          Oracle output: 2                     (1.99s)
          Crux output: 2
        shift4:                  OK (2.15s)
          Compiling and running oracle program (0.18s)
          Oracle output: -9223372036854775808  (1.97s)
          Crux output: -9223372036854775808
        mut:                     OK (2.14s)
          Compiling and running oracle program (0.18s)
          Oracle output: 14                    (1.96s)
          Crux output: 14
        wrapping_sub:            OK (2.23s)
          Compiling and running oracle program (0.21s)
          Oracle output: true                  (2.02s)
          Crux output: true
      impl
        self:                    OK (2.22s)
          Compiling and running oracle program (0.17s)
          Oracle output: 42                    (2.04s)
          Crux output: 42
        simple:                  OK (2.17s)
          Compiling and running oracle program (0.18s)
          Oracle output: 42                    (2.00s)
          Crux output: 42
        self_mut:                OK (2.17s)
          Compiling and running oracle program (0.17s)
          Oracle output: 42                    (2.00s)
          Crux output: 42
      box
        new:                     FAIL (2.22s)
          Compiling and running oracle program                           (0.17s)
          Oracle output: ()                                              (2.05s)
          Crux output: 
          failures:
          
          ---- new/f7f026f5::f[0] counterexamples ----
          [Crux] Found counterexample for verification goal
          [Crux]   /home/rscott/Documents/Hacking/Haskell/sandbox/crucible/crux-mir/lib/core/src/ptr/alignment.rs:89:53: 89:58: error: in core/5a1f6960::ptr[0]::alignment[0]::{impl#0}[0]::new_unchecked[0]
          [Crux]   Translation error in core/5a1f6960::ptr[0]::alignment[0]::{impl#0}[0]::new_unchecked[0]: callExp: Don't know how to call core/5a1f6960::intrinsics[0]::{extern#0}[0]::transmute[0]::_instfab2666815496a23[0]
          
          [Crux] Overall status: Invalid.
          
            test/Test.hs:124:
            crux doesn't match oracle
          
          Use -p '/box.new/' to rerun this test only.
        mut_ref:                 FAIL (2.33s)
          Compiling and running oracle program                           (0.17s)
          Oracle output: ()                                              (2.16s)
          Crux output: 
          failures:
          
          ---- mut_ref/975c3f15::f[0] counterexamples ----
          [Crux] Found counterexample for verification goal
          [Crux]   /home/rscott/Documents/Hacking/Haskell/sandbox/crucible/crux-mir/lib/core/src/ptr/alignment.rs:89:53: 89:58: error: in core/5a1f6960::ptr[0]::alignment[0]::{impl#0}[0]::new_unchecked[0]
          [Crux]   Translation error in core/5a1f6960::ptr[0]::alignment[0]::{impl#0}[0]::new_unchecked[0]: callExp: Don't know how to call core/5a1f6960::intrinsics[0]::{extern#0}[0]::transmute[0]::_instfab2666815496a23[0]
          
          [Crux] Overall status: Invalid.
          
            test/Test.hs:124:
            crux doesn't match oracle
          
          Use -p '/box.mut_ref/' to rerun this test only.
        mut:                     FAIL (2.30s)
          Compiling and running oracle program                           (0.18s)
          Oracle output: ()                                              (2.13s)
          Crux output: 
          failures:
          
          ---- mut/5b3bcc1f::f[0] counterexamples ----
          [Crux] Found counterexample for verification goal
          [Crux]   /home/rscott/Documents/Hacking/Haskell/sandbox/crucible/crux-mir/lib/core/src/ptr/alignment.rs:89:53: 89:58: error: in core/5a1f6960::ptr[0]::alignment[0]::{impl#0}[0]::new_unchecked[0]
          [Crux]   Translation error in core/5a1f6960::ptr[0]::alignment[0]::{impl#0}[0]::new_unchecked[0]: callExp: Don't know how to call core/5a1f6960::intrinsics[0]::{extern#0}[0]::transmute[0]::_instfab2666815496a23[0]
          
          [Crux] Overall status: Invalid.
          
            test/Test.hs:124:
            crux doesn't match oracle
          
          Use -p '$0=="crux-mir.crux concrete..box.mut"' to rerun this test only.
        unsize:                  FAIL (2.28s)
          Compiling and running oracle program                           (0.18s)
          Oracle output: 2                                               (2.11s)
          Crux output: 
          failures:
          
          ---- unsize/18882248::f[0] counterexamples ----
          [Crux] Found counterexample for verification goal
          [Crux]   /home/rscott/Documents/Hacking/Haskell/sandbox/crucible/crux-mir/lib/core/src/ptr/alignment.rs:89:53: 89:58: error: in core/5a1f6960::ptr[0]::alignment[0]::{impl#0}[0]::new_unchecked[0]
          [Crux]   Translation error in core/5a1f6960::ptr[0]::alignment[0]::{impl#0}[0]::new_unchecked[0]: callExp: Don't know how to call core/5a1f6960::intrinsics[0]::{extern#0}[0]::transmute[0]::_instfab2666815496a23[0]
          
          [Crux] Overall status: Invalid.
          
            test/Test.hs:124:
            crux doesn't match oracle
          
          Use -p '/box.unsize/' to rerun this test only.
        struct:                  FAIL (2.26s)
          Compiling and running oracle program                           (0.17s)
          Oracle output: 1                                               (2.09s)
          Crux output: 
          failures:
          
          ---- struct/c7e3a7f5::crux_test[0] counterexamples ----
          [Crux] Found counterexample for verification goal
          [Crux]   /home/rscott/Documents/Hacking/Haskell/sandbox/crucible/crux-mir/lib/core/src/ptr/alignment.rs:89:53: 89:58: error: in core/5a1f6960::ptr[0]::alignment[0]::{impl#0}[0]::new_unchecked[0]
          [Crux]   Translation error in core/5a1f6960::ptr[0]::alignment[0]::{impl#0}[0]::new_unchecked[0]: callExp: Don't know how to call core/5a1f6960::intrinsics[0]::{extern#0}[0]::transmute[0]::_instfab2666815496a23[0]
          
          [Crux] Overall status: Invalid.
          
            test/Test.hs:124:
            crux doesn't match oracle
          
          Use -p '/box.struct/' to rerun this test only.
      ptr
        is_null_slice:           FAIL (expected: can't unsize null pointers) (2.20s)
          Compiling and running oracle program                           (0.17s)
          Oracle output: (false, true)                                   (2.03s)
          Crux output: 
          failures:
          
          ---- is_null_slice/994d2033::crux_test[0] counterexamples ----
          [Crux] Found counterexample for verification goal
          [Crux]   test/conc_eval/ptr/is_null_slice.rs:7:13: 7:33: error: in is_null_slice/994d2033::crux_test[0]
          [Crux]   attempted subindex on the result of an integer-to-pointer cast
          [Crux] Found counterexample for verification goal
          [Crux]   /home/rscott/Documents/Hacking/Haskell/sandbox/crucible/crux-mir/lib/core/src/ptr/const_ptr.rs:53:37: 53:54: error: in core/5a1f6960::ptr[0]::const_ptr[0]::{impl#0}[0]::is_null[0]::_inst55af81a2cef2701c[0]
          [Crux]   Translation error in core/5a1f6960::ptr[0]::const_ptr[0]::{impl#0}[0]::is_null[0]::_inst55af81a2cef2701c[0]: unimplemented cast: Misc
          [Crux]     ty: TyRawPtr (TySlice (TyInt B32)) Immut
          [Crux]     as: TyRawPtr (TyUint B8) Immut
          
          [Crux] Overall status: Invalid.
          
            test/Test.hs:124:
            crux doesn't match oracle
           (expected failure)
        struct_eq:               OK (2.20s)
          Compiling and running oracle program (0.17s)
          Oracle output: ()                    (2.03s)
          Crux output: ()
        read_write:              OK (2.20s)
          Compiling and running oracle program (0.17s)
          Oracle output: [1, 3, 1]             (2.03s)
          Crux output: [1, 3, 1]
        offset_mut:              OK (2.17s)
          Compiling and running oracle program (0.17s)
          Oracle output: 3                     (2.00s)
          Crux output: 3
        copy:                    OK (2.22s)
          Compiling and running oracle program (0.17s)
          Oracle output: [1, 2, 3, 1, 2, 3]    (2.05s)
          Crux output: [1, 2, 3, 1, 2, 3]
        unsize_slice:            OK (2.22s)
          Compiling and running oracle program (0.19s)
          Oracle output: (1, 2)                (2.02s)
          Crux output: (1, 2)
        dangling_eq:             FAIL (2.21s)
          Compiling and running oracle program                           (0.16s)
          Oracle output: ()                                              (2.04s)
          Crux output: 
          failures:
          
          ---- dangling_eq/a15fc55d::crux_test[0] counterexamples ----
          [Crux] Found counterexample for verification goal
          [Crux]   /home/rscott/Documents/Hacking/Haskell/sandbox/crucible/crux-mir/lib/core/src/ptr/mod.rs:599:29: 599:33: error: in core/5a1f6960::ptr[0]::invalid_mut[0]::_inst1e2825177cd3b608[0]
          [Crux]   Translation error in core/5a1f6960::ptr[0]::invalid_mut[0]::_inst1e2825177cd3b608[0]: callExp: Don't know how to call core/5a1f6960::intrinsics[0]::{extern#0}[0]::transmute[0]::_inst102627303ebf2823[0]
          
          [Crux] Overall status: Invalid.
          
            test/Test.hs:124:
            crux doesn't match oracle
          
          Use -p '/dangling_eq/' to rerun this test only.
        cast_eq:                 OK (2.17s)
          Compiling and running oracle program (0.18s)
          Oracle output: ()                    (1.99s)
          Crux output: ()
        offset_from:             OK (2.21s)
          Compiling and running oracle program (0.17s)
          Oracle output: -2                    (2.03s)
          Crux output: -2
        null_eq:                 FAIL (2.19s)
          Compiling and running oracle program                           (0.17s)
          Oracle output: 1                                               (2.02s)
          Crux output: 
          failures:
          
          ---- null_eq/9be1a456::crux_test[0] counterexamples ----
          [Crux] Found counterexample for verification goal
          [Crux]   /home/rscott/Documents/Hacking/Haskell/sandbox/crucible/crux-mir/lib/core/src/ptr/mod.rs:568:29: 568:33: error: in core/5a1f6960::ptr[0]::invalid[0]::_instf59dc84daa91a404[0]
          [Crux]   Translation error in core/5a1f6960::ptr[0]::invalid[0]::_instf59dc84daa91a404[0]: callExp: Don't know how to call core/5a1f6960::intrinsics[0]::{extern#0}[0]::transmute[0]::_insta5d0a99e3b08f3bd[0]
          
          [Crux] Overall status: Invalid.
          
            test/Test.hs:124:
            crux doesn't match oracle
          
          Use -p '/null_eq/' to rerun this test only.
        coerce_unsized:          OK (2.23s)
          Compiling and running oracle program (0.17s)
          Oracle output: (1, 2)                (2.06s)
          Crux output: (1, 2)
        offset:                  OK (2.18s)
          Compiling and running oracle program (0.18s)
          Oracle output: 3                     (2.00s)
          Crux output: 3
        is_null:                 FAIL (2.15s)
          Compiling and running oracle program                           (0.17s)
          Oracle output: (false, true)                                   (1.97s)
          Crux output: 
          failures:
          
          ---- is_null/7b991371::crux_test[0] counterexamples ----
          [Crux] Found counterexample for verification goal
          [Crux]   /home/rscott/Documents/Hacking/Haskell/sandbox/crucible/crux-mir/lib/core/src/ptr/const_ptr.rs:53:37: 53:54: error: in core/5a1f6960::ptr[0]::const_ptr[0]::{impl#0}[0]::is_null[0]::_inst1e2825177cd3b608[0]
          [Crux]   Translation error in core/5a1f6960::ptr[0]::const_ptr[0]::{impl#0}[0]::is_null[0]::_inst1e2825177cd3b608[0]: unimplemented cast: Misc
          [Crux]     ty: TyRawPtr (TyInt B32) Immut
          [Crux]     as: TyRawPtr (TyUint B8) Immut
          
          [Crux] Overall status: Invalid.
          
            test/Test.hs:124:
            crux doesn't match oracle
          
          Use -p '$0=="crux-mir.crux concrete..ptr.is_null"' to rerun this test only.
        valid_eq:                OK (2.21s)
          Compiling and running oracle program (0.17s)
          Oracle output: ()                    (2.05s)
          Crux output: ()
      ops
        deref2:                  OK (2.20s)
          Compiling and running oracle program (0.18s)
          Oracle output: ()                    (2.02s)
          Crux output: ()
        index2:                  OK (2.18s)
          Compiling and running oracle program (0.17s)
          Oracle output: ()                    (2.01s)
          Crux output: ()
        arith1:                  OK (2.16s)
          Compiling and running oracle program (0.18s)
          Oracle output: ()                    (1.99s)
          Crux output: ()
        index3:                  OK (2.19s)
          Compiling and running oracle program (0.17s)
          Oracle output: ()                    (2.01s)
          Crux output: ()
        deref1:                  OK (2.19s)
          Compiling and running oracle program (0.17s)
          Oracle output: ()                    (2.03s)
          Crux output: ()
        index1:                  OK (2.17s)
          Compiling and running oracle program (0.17s)
          Oracle output: ()                    (2.00s)
          Crux output: ()
        deref3:                  OK (2.16s)
          Compiling and running oracle program (0.17s)
          Oracle output: ()                    (1.99s)
          Crux output: ()
      statics
        promoted_fn:             OK (2.19s)
          Compiling and running oracle program (0.19s)
          Oracle output: 1                     (1.99s)
          Crux output: 1
        promoted_static:         OK (2.14s)
          Compiling and running oracle program (0.17s)
          Oracle output: 1                     (1.97s)
          Crux output: 1
      io
        cursor_write2:           FAIL (2.70s)
          Compiling and running oracle program (0.18s)
          Oracle output: 0                     (2.52s)
            user error (JSON Decoding of test/conc_eval/io/cursor_write2.all.mir failed: Error in $.statics[61].rendered: parseJSON - bad rendered constant kind: Just (String "slice"))
          
          Use -p '/cursor_write2/' to rerun this test only.
        cursor_write:            FAIL (2.80s)
          Compiling and running oracle program (0.20s)
          Oracle output: 0                     (2.60s)
            standalone use of `dyn` is not supported: TyDynamic core/5a1f6960::error[0]::Error[0]::_trait56353a7b840403b4[0]
            CallStack (from HasCallStack):
              error, called at src/Mir/TransTy.hs:225:25 in crucible-mir-0.1-inplace:Mir.TransTy
              tyToRepr, called at src/Mir/Trans.hs:815:12 in crucible-mir-0.1-inplace:Mir.Trans
              evalCast', called at src/Mir/Trans.hs:883:5 in crucible-mir-0.1-inplace:Mir.Trans
              evalCast, called at src/Mir/Trans.hs:935:30 in crucible-mir-0.1-inplace:Mir.Trans
              evalRval, called at src/Mir/Trans.hs:1147:11 in crucible-mir-0.1-inplace:Mir.Trans
              transStatement, called at src/Mir/Trans.hs:1746:68 in crucible-mir-0.1-inplace:Mir.Trans
              translateBlockBody, called at src/Mir/Trans.hs:1755:28 in crucible-mir-0.1-inplace:Mir.Trans
              registerBlock, called at src/Mir/Trans.hs:1795:10 in crucible-mir-0.1-inplace:Mir.Trans
              genFn, called at src/Mir/Trans.hs:1841:24 in crucible-mir-0.1-inplace:Mir.Trans
              transDefine, called at src/Mir/Trans.hs:2275:30 in crucible-mir-0.1-inplace:Mir.Trans
              transCollection, called at src/Mir/ParseTranslate.hs:77:26 in crucible-mir-0.1-inplace:Mir.ParseTranslate
              translateMIR, called at src/Mir/Language.hs:255:16 in crux-mir-0.6.0.99-inplace:Mir.Language
          
          Use -p '$0=="crux-mir.crux concrete..io.cursor_write"' to rerun this test only.
        cursor_read:             FAIL (2.77s)
          Compiling and running oracle program (0.19s)
          Oracle output: 0                     (2.58s)
            standalone use of `dyn` is not supported: TyDynamic core/5a1f6960::error[0]::Error[0]::_trait56353a7b840403b4[0]
            CallStack (from HasCallStack):
              error, called at src/Mir/TransTy.hs:225:25 in crucible-mir-0.1-inplace:Mir.TransTy
              tyToRepr, called at src/Mir/Trans.hs:815:12 in crucible-mir-0.1-inplace:Mir.Trans
              evalCast', called at src/Mir/Trans.hs:883:5 in crucible-mir-0.1-inplace:Mir.Trans
              evalCast, called at src/Mir/Trans.hs:935:30 in crucible-mir-0.1-inplace:Mir.Trans
              evalRval, called at src/Mir/Trans.hs:1147:11 in crucible-mir-0.1-inplace:Mir.Trans
              transStatement, called at src/Mir/Trans.hs:1746:68 in crucible-mir-0.1-inplace:Mir.Trans
              translateBlockBody, called at src/Mir/Trans.hs:1755:28 in crucible-mir-0.1-inplace:Mir.Trans
              registerBlock, called at src/Mir/Trans.hs:1795:10 in crucible-mir-0.1-inplace:Mir.Trans
              genFn, called at src/Mir/Trans.hs:1841:24 in crucible-mir-0.1-inplace:Mir.Trans
              transDefine, called at src/Mir/Trans.hs:2275:30 in crucible-mir-0.1-inplace:Mir.Trans
              transCollection, called at src/Mir/ParseTranslate.hs:77:26 in crucible-mir-0.1-inplace:Mir.ParseTranslate
              translateMIR, called at src/Mir/Language.hs:255:16 in crux-mir-0.6.0.99-inplace:Mir.Language
          
          Use -p '/io.cursor_read/' to rerun this test only.
      mem
        maybe_uninit:            FAIL (2.20s)
          Compiling and running oracle program                           (0.18s)
          Oracle output: 1                                               (2.02s)
          Crux output: 
          failures:
          
          ---- maybe_uninit/419c4a2a::crux_test[0] counterexamples ----
          [Crux] Found counterexample for verification goal
          [Crux]   internal: error: in maybe_uninit/419c4a2a::crux_test[0]
          [Crux]   Translation error in maybe_uninit/419c4a2a::crux_test[0]: unknown ADT (core/3a1fbbbh::mem[0]::maybe_uninit[0]::MaybeUninit[0],Substs [TyInt B32])
          
          [Crux] Overall status: Invalid.
          
            test/Test.hs:124:
            crux doesn't match oracle
          
          Use -p '$0=="crux-mir.crux concrete..mem.maybe_uninit"' to rerun this test only.
        maybe_uninit_array_cast: FAIL (2.20s)
          Compiling and running oracle program                           (0.18s)
          Oracle output: [1, 2]                                          (2.02s)
          Crux output: 
          failures:
          
          ---- maybe_uninit_array_cast/c4460e75::crux_test[0] counterexamples ----
          [Crux] Found counterexample for verification goal
          [Crux]   internal: error: in maybe_uninit_array_cast/c4460e75::crux_test[0]
          [Crux]   Translation error in maybe_uninit_array_cast/c4460e75::crux_test[0]: unknown ADT (core/3a1fbbbh::mem[0]::maybe_uninit[0]::MaybeUninit[0],Substs [TyArray (TyInt B32) 2])
          
          [Crux] Overall status: Invalid.
          
            test/Test.hs:124:
            crux doesn't match oracle
          
          Use -p '/maybe_uninit_array_cast/' to rerun this test only.
      time
        instant:                 FAIL (2.81s)
          Compiling and running oracle program (0.17s)
          Oracle output: ()                    (2.64s)
            user error (JSON Decoding of test/conc_eval/time/instant.all.mir failed: Error in $.statics[61].rendered: parseJSON - bad rendered constant kind: Just (String "slice"))
          
          Use -p '/instant/' to rerun this test only.
      struct
        field_order:             OK (2.20s)
          Compiling and running oracle program (0.19s)
          Oracle output: ()                    (2.01s)
          Crux output: ()
        arg:                     OK (2.16s)
          Compiling and running oracle program (0.18s)
          Oracle output: 42                    (1.98s)
          Crux output: 42
        tup:                     OK (2.18s)
          Compiling and running oracle program (0.18s)
          Oracle output: ()                    (2.00s)
          Crux output: ()
        proj:                    OK (2.14s)
          Compiling and running oracle program (0.17s)
          Oracle output: 42                    (1.98s)
          Crux output: 42
        ret:                     OK (2.16s)
          Compiling and running oracle program (0.18s)
          Oracle output: S { x: 42, y: 120 }   (1.98s)
          Crux output: S { x: 42, y: 120 }
        repr_transparent:        FAIL (2.24s)
          Compiling and running oracle program                           (0.19s)
          Oracle output: 6                                               (2.05s)
          Crux output: 
          failures:
          
          ---- repr_transparent/020bf42b::crux_test[0] counterexamples ----
          [Crux] Found counterexample for verification goal
          [Crux]   /home/rscott/Documents/Hacking/Haskell/sandbox/crucible/crux-mir/lib/core/src/ptr/const_ptr.rs:61:9: 61:18: error: in core/5a1f6960::ptr[0]::const_ptr[0]::{impl#0}[0]::cast[0]::_inst1fe84093a10a77db[0]
          [Crux]   Translation error in core/5a1f6960::ptr[0]::const_ptr[0]::{impl#0}[0]::cast[0]::_inst1fe84093a10a77db[0]: unimplemented cast: Misc
          [Crux]     ty: TyRawPtr (TyInt B32) Immut
          [Crux]     as: TyRawPtr (TyArray (TyInt B32) 2) Immut
          
          [Crux] Overall status: Invalid.
          
            test/Test.hs:124:
            crux doesn't match oracle
          
          Use -p '$0=="crux-mir.crux concrete..struct.repr_transparent"' to rerun this test only.
        repr_transparent_const:  OK (2.16s)
          Compiling and running oracle program (0.17s)
          Oracle output: 124                   (1.99s)
          Crux output: 124
      dyn
        assoc_ty:                OK (2.17s)
          Compiling and running oracle program (0.19s)
          Oracle output: 100                   (1.98s)
          Crux output: 100
        trait_param:             OK (2.20s)
          Compiling and running oracle program (0.18s)
          Oracle output: 100                   (2.02s)
          Crux output: 100
        plain_trait:             OK (2.17s)
          Compiling and running oracle program (0.17s)
          Oracle output: 100                   (2.00s)
          Crux output: 100
        inherit:                 OK (2.24s)
          Compiling and running oracle program (0.17s)
          Oracle output: 4                     (2.07s)
          Crux output: 4
      stdlib
        option:                  OK (2.18s)
          Compiling and running oracle program (0.18s)
          Oracle output: true                  (2.00s)
          Crux output: true
        option2:                 OK (2.15s)
          Compiling and running oracle program (0.17s)
          Oracle output: 0                     (1.99s)
          Crux output: 0
        result:                  OK (2.13s)
          Compiling and running oracle program (0.16s)
          Oracle output: 27                    (1.97s)
          Crux output: 27
        default:                 OK (2.18s)
          Compiling and running oracle program (0.18s)
          Oracle output: true                  (2.00s)
          Crux output: true
        cvt:                     OK (2.14s)
          Compiling and running oracle program (0.18s)
          Oracle output: 0                     (1.97s)
          Crux output: 0
        range:                   OK (2.21s)
          Compiling and running oracle program (0.19s)
          Oracle output: 10                    (2.02s)
          Crux output: 10
        poly:                    OK (2.18s)
          Compiling and running oracle program (0.18s)
          Oracle output: 1                     (2.00s)
          Crux output: 1
        result_interior:         OK (2.15s)
          Compiling and running oracle program (0.16s)
          Oracle output: 3                     (1.98s)
          Crux output: 3
        default_impl:            OK (2.17s)
          Compiling and running oracle program (0.19s)
          Oracle output: ()                    (1.98s)
          Crux output: ()
        option3:                 OK (2.16s)
          Compiling and running oracle program (0.17s)
          Oracle output: 27                    (2.00s)
          Crux output: 27
        teq:                     OK (2.14s)
          Compiling and running oracle program (0.17s)
          Oracle output: false                 (1.98s)
          Crux output: false
      array
        wick2:                   OK (2.19s)
          Compiling and running oracle program (0.18s)
          Oracle output: true                  (2.01s)
          Crux output: true
        arg:                     OK (2.18s)
          Compiling and running oracle program (0.19s)
          Oracle output: 2                     (1.99s)
          Crux output: 2
        iter:                    FAIL (2.26s)
          Compiling and running oracle program                           (0.20s)
          Oracle output: 3                                               (2.06s)
          Crux output: 
          failures:
          
          ---- iter/d4aa120f::crux_test[0] counterexamples ----
          [Crux] Found counterexample for verification goal
          [Crux]   /home/rscott/Documents/Hacking/Haskell/sandbox/crucible/crux-mir/lib/core/src/ptr/const_ptr.rs:53:37: 53:54: error: in core/5a1f6960::ptr[0]::const_ptr[0]::{impl#0}[0]::is_null[0]::_inst1e2825177cd3b608[0]
          [Crux]   Translation error in core/5a1f6960::ptr[0]::const_ptr[0]::{impl#0}[0]::is_null[0]::_inst1e2825177cd3b608[0]: unimplemented cast: Misc
          [Crux]     ty: TyRawPtr (TyInt B32) Immut
          [Crux]     as: TyRawPtr (TyUint B8) Immut
          
          [Crux] Overall status: Invalid.
          
            test/Test.hs:124:
            crux doesn't match oracle
          
          Use -p '/array.iter/' to rerun this test only.
        mk_and_proj:             OK (2.17s)
          Compiling and running oracle program (0.17s)
          Oracle output: 42                    (2.01s)
          Crux output: 42
        wick3:                   FAIL (expected: needs Vec data structure from stdlib) (0.23s)
          Compiling and running oracle program (0.19s)
          Oracle output: true                  (0.05s)
            user error (Error 101 while running mir-json on test/conc_eval/array/wick3.rs)
           (expected failure)
        clone:                   FAIL (2.19s)
          Compiling and running oracle program                           (0.18s)
          Oracle output: ()                                              (2.01s)
          Crux output: 
          failures:
          
          ---- clone/12e7688c::f[0] counterexamples ----
          [Crux] Found counterexample for verification goal
          [Crux]   /home/rscott/Documents/Hacking/Haskell/sandbox/crucible/crux-mir/lib/core/src/ptr/const_ptr.rs:61:9: 61:18: error: in core/5a1f6960::ptr[0]::const_ptr[0]::{impl#0}[0]::cast[0]::_inst6cd22c7344b2c333[0]
          [Crux]   Translation error in core/5a1f6960::ptr[0]::const_ptr[0]::{impl#0}[0]::cast[0]::_inst6cd22c7344b2c333[0]: unimplemented cast: Misc
          [Crux]     ty: TyRawPtr (TyInt B32) Immut
          [Crux]     as: TyRawPtr (TyArray (TyInt B32) 3) Immut
          
          [Crux] Overall status: Invalid.
          
            test/Test.hs:124:
            crux doesn't match oracle
          
          Use -p '/array.clone/' to rerun this test only.
        wick1:                   FAIL (expected: needs Vec data structure from stdlib) (0.24s)
          Compiling and running oracle program (0.19s)
          Oracle output: true                  (0.05s)
            user error (Error 101 while running mir-json on test/conc_eval/array/wick1.rs)
           (expected failure)
        mut_index:               FAIL (2.69s)
          Compiling and running oracle program                           (0.17s)
          Oracle output: 7                                               (2.52s)
          Crux output: 
          failures:
          
          ---- mut_index/00778a49::crux_test[0] counterexamples ----
          [Crux] Found counterexample for verification goal
          [Crux]   lib/core/src/ptr/metadata.rs:98:14: 98:40: error: in core/5a1f6960::ptr[0]::metadata[0]::metadata[0]::_inst1743054c4d18d3c5[0]
          [Crux]   Translation error in core/5a1f6960::ptr[0]::metadata[0]::metadata[0]::_inst1743054c4d18d3c5[0]: evalPlace (PField, Union) NYI
          
          [Crux] Overall status: Invalid.
          
            test/Test.hs:124:
            crux doesn't match oracle
          
          Use -p '/mut_index/' to rerun this test only.
        mut_arg:                 OK (2.18s)
          Compiling and running oracle program (0.17s)
          Oracle output: 42                    (2.01s)
          Crux output: 42
        const:                   OK (2.14s)
          Compiling and running oracle program (0.17s)
          Oracle output: 1                     (1.97s)
          Crux output: 1
        from_slice:              FAIL (3.15s)
          Compiling and running oracle program                           (0.19s)
          Oracle output: ()                                              (2.96s)
          Crux output: 
          failures:
          
          ---- from_slice/f9c79bee::f[0] counterexamples ----
          [Crux] Found counterexample for verification goal
          [Crux]   internal: error: in core/5a1f6960::array[0]::{impl#10}[0]::try_from[0]::_instb3c76ad3dd4c5256[0]
          [Crux]   Translation error in core/5a1f6960::array[0]::{impl#10}[0]::try_from[0]::_instb3c76ad3dd4c5256[0]: error building variant core/5a1f6960::result[0]::Result[0]::Err[0]: not enough expressions -- []
          
          [Crux] Overall status: Invalid.
          
            test/Test.hs:124:
            crux doesn't match oracle
          
          Use -p '/array.from_slice/' to rerun this test only.
        const_impl:              OK (2.20s)
          Compiling and running oracle program (0.18s)
          Oracle output: 5                     (2.02s)
          Crux output: 5
      enum
        match:                   OK (2.15s)
          Compiling and running oracle program (0.17s)
          Oracle output: 42                    (1.98s)
          Crux output: 42
        field_order:             OK (2.24s)
          Compiling and running oracle program (0.18s)
          Oracle output: ()                    (2.05s)
          Crux output: ()
        mixed_discrs:            OK (2.18s)
          Compiling and running oracle program (0.18s)
          Oracle output: ()                    (2.00s)
          Crux output: ()
        arg:                     OK (2.18s)
          Compiling and running oracle program (0.18s)
          Oracle output: 0                     (2.00s)
          Crux output: 0
        arg2:                    rustc compilation failed for arg2
error output:
error[E0518]: attribute should be applied to function or closure
 --> test/conc_eval/enum/arg2.rs:3:5
  |
3 |     #[inline(never)]
  |     ^^^^^^^^^^^^^^^^
4 |     A(u8),
  |     ----- not a function or closure

error[E0518]: attribute should be applied to function or closure
 --> test/conc_eval/enum/arg2.rs:5:5
  |
5 |     #[inline(never)]
  |     ^^^^^^^^^^^^^^^^
6 |     B(i32,i32),
  |     ---------- not a function or closure

error: aborting due to 2 previous errors

For more information about this error, try `rustc --explain E0518`.

FAIL (0.06s)
          Compiling and running oracle program (0.06s)
            test/Test.hs:107:
            failed to compile and run
          
          Use -p '/arg2/' to rerun this test only.
        cow:                     FAIL (2.35s)
          Compiling and running oracle program                           (0.18s)
          Oracle output: 200                                             (2.17s)
          Crux output: 
          failures:
          
          ---- cow/95160fea::crux_test[0] counterexamples ----
          [Crux] Found counterexample for verification goal
          [Crux]   lib/core/src/ptr/metadata.rs:98:14: 98:40: error: in core/5a1f6960::ptr[0]::metadata[0]::metadata[0]::_inst1743054c4d18d3c5[0]
          [Crux]   Translation error in core/5a1f6960::ptr[0]::metadata[0]::metadata[0]::_inst1743054c4d18d3c5[0]: evalPlace (PField, Union) NYI
          
          [Crux] Overall status: Invalid.
          
            test/Test.hs:124:
            crux doesn't match oracle
          
          Use -p '/cow/' to rerun this test only.
        ret:                     OK (2.15s)
          Compiling and running oracle program   (0.19s)
          Oracle output: (A(42), B { x: 42 }, C) (1.96s)
          Crux output: (A(42), B { x: 42 }, C)
        eq:                      OK (2.18s)
          Compiling and running oracle program (0.18s)
          Oracle output: ()                    (2.01s)
          Crux output: ()
        cmp:                     OK (2.13s)
          Compiling and running oracle program (0.17s)
          Oracle output: -23                   (1.96s)
          Crux output: -23
        inner:                   OK (2.19s)
          Compiling and running oracle program (0.17s)
          Oracle output: 4                     (2.02s)
          Crux output: 4
      vec
        drop:                    FAIL (2.33s)
          Compiling and running oracle program                           (0.18s)
          Oracle output: ()                                              (2.15s)
          Crux output: 
          failures:
          
          ---- drop/af39379f::crux_test[0] counterexamples ----
          [Crux] Found counterexample for verification goal
          [Crux]   /home/rscott/Documents/Hacking/Haskell/sandbox/crucible/crux-mir/lib/core/src/ptr/alignment.rs:89:53: 89:58: error: in core/5a1f6960::ptr[0]::alignment[0]::{impl#0}[0]::new_unchecked[0]
          [Crux]   Translation error in core/5a1f6960::ptr[0]::alignment[0]::{impl#0}[0]::new_unchecked[0]: callExp: Don't know how to call core/5a1f6960::intrinsics[0]::{extern#0}[0]::transmute[0]::_instfab2666815496a23[0]
          
          [Crux] Overall status: Invalid.
          
            test/Test.hs:124:
            crux doesn't match oracle
          
          Use -p '/drop/' to rerun this test only.
        set_len:                 FAIL (2.33s)
          Compiling and running oracle program                           (0.18s)
          Oracle output: 2                                               (2.15s)
          Crux output: 
          failures:
          
          ---- set_len/ce70a406::crux_test[0] counterexamples ----
          [Crux] Found counterexample for verification goal
          [Crux]   /home/rscott/Documents/Hacking/Haskell/sandbox/crucible/crux-mir/lib/core/src/ptr/alignment.rs:89:53: 89:58: error: in core/5a1f6960::ptr[0]::alignment[0]::{impl#0}[0]::new_unchecked[0]
          [Crux]   Translation error in core/5a1f6960::ptr[0]::alignment[0]::{impl#0}[0]::new_unchecked[0]: callExp: Don't know how to call core/5a1f6960::intrinsics[0]::{extern#0}[0]::transmute[0]::_instfab2666815496a23[0]
          
          [Crux] Overall status: Invalid.
          
            test/Test.hs:124:
            crux doesn't match oracle
          
          Use -p '/set_len/' to rerun this test only.
        push:                    FAIL (2.47s)
          Compiling and running oracle program                           (0.19s)
          Oracle output: (1, 2)                                          (2.28s)
          Crux output: 
          failures:
          
          ---- push/1ea71252::crux_test[0] counterexamples ----
          [Crux] Found counterexample for verification goal
          [Crux]   lib/core/src/cmp.rs:1300:11: 1300:28: error: in core/5a1f6960::cmp[0]::max_by[0]::_insta10905add4aa20a5[0]
          [Crux]   Translation error in core/5a1f6960::cmp[0]::max_by[0]::_insta10905add4aa20a5[0]: illegal or unimplemented coercion from TyInt USize (concretely BVRepr 32) to TyInt B8
          
          [Crux] Overall status: Invalid.
          
            test/Test.hs:124:
            crux doesn't match oracle
          
          Use -p '/vec.push/' to rerun this test only.
        extend:                  FAIL (2.58s)
          Compiling and running oracle program                           (0.19s)
          Oracle output: (1, 10)                                         (2.39s)
          Crux output: 
          failures:
          
          ---- extend/842dc1c4::crux_test[0] counterexamples ----
          [Crux] Found counterexample for verification goal
          [Crux]   lib/core/src/cmp.rs:1300:11: 1300:28: error: in core/5a1f6960::cmp[0]::max_by[0]::_insta10905add4aa20a5[0]
          [Crux]   Translation error in core/5a1f6960::cmp[0]::max_by[0]::_insta10905add4aa20a5[0]: illegal or unimplemented coercion from TyInt USize (concretely BVRepr 32) to TyInt B8
          
          [Crux] Overall status: Invalid.
          
            test/Test.hs:124:
            crux doesn't match oracle
          
          Use -p '$0=="crux-mir.crux concrete..vec.extend"' to rerun this test only.
        collect:                 FAIL (3.30s)
          Compiling and running oracle program                           (0.19s)
          Oracle output: 45                                              (3.11s)
          Crux output: 
          failures:
          
          ---- collect/f7c87f57::crux_test[0] counterexamples ----
          [Crux] Found counterexample for verification goal
          [Crux]   /home/rscott/Documents/Hacking/Haskell/sandbox/crucible/crux-mir/lib/core/src/ptr/mut_ptr.rs:52:37: 52:52: error: in core/5a1f6960::ptr[0]::mut_ptr[0]::{impl#0}[0]::is_null[0]::_inst1e2825177cd3b608[0]
          [Crux]   Translation error in core/5a1f6960::ptr[0]::mut_ptr[0]::{impl#0}[0]::is_null[0]::_inst1e2825177cd3b608[0]: unimplemented cast: Misc
          [Crux]     ty: TyRawPtr (TyInt B32) Mut
          [Crux]     as: TyRawPtr (TyUint B8) Mut
          
          [Crux] Overall status: Invalid.
          
            test/Test.hs:124:
            crux doesn't match oracle
          
          Use -p '/collect/' to rerun this test only.
        extend_trusted_len:      FAIL (3.18s)
          Compiling and running oracle program                           (0.19s)
          Oracle output: (1, 10)                                         (2.99s)
          Crux output: 
          failures:
          
          ---- extend_trusted_len/87428b97::crux_test[0] counterexamples ----
          [Crux] Found counterexample for verification goal
          [Crux]   lib/core/src/cmp.rs:1300:11: 1300:28: error: in core/5a1f6960::cmp[0]::max_by[0]::_insta10905add4aa20a5[0]
          [Crux]   Translation error in core/5a1f6960::cmp[0]::max_by[0]::_insta10905add4aa20a5[0]: illegal or unimplemented coercion from TyInt USize (concretely BVRepr 32) to TyInt B8
          
          [Crux] Overall status: Invalid.
          
            test/Test.hs:124:
            crux doesn't match oracle
          
          Use -p '/extend_trusted_len/' to rerun this test only.
        from_elem_zero:          FAIL (0.24s)
          Compiling and running oracle program (0.18s)
          Oracle output: 0                     (0.06s)
            user error (Error 101 while running mir-json on test/conc_eval/vec/from_elem_zero.rs)
          
          Use -p '/from_elem_zero/' to rerun this test only.
      clos
        promoted:                OK (2.16s)
          Compiling and running oracle program (0.17s)
          Oracle output: 33                    (1.98s)
          Crux output: 33
        as_fn_ptr:               FAIL (expected: ClosureFnPointer cast) (2.20s)
          Compiling and running oracle program                           (0.17s)
          Oracle output: 1                                               (2.03s)
          Crux output: 
          failures:
          
          ---- as_fn_ptr/a835ceec::crux_test[0] counterexamples ----
          [Crux] Found counterexample for verification goal
          [Crux]   test/conc_eval/clos/as_fn_ptr.rs:9:13: 9:19: error: in as_fn_ptr/a835ceec::crux_test[0]
          [Crux]   Translation error in as_fn_ptr/a835ceec::crux_test[0]: unimplemented cast: ClosureFnPointer
          [Crux]     ty: TyClosure []
          [Crux]     as: TyFnPtr (FnSig {_fsarg_tys = [], _fsreturn_ty = TyInt B32, _fsabi = RustAbi, _fsspreadarg = Nothing})
          
          [Crux] Overall status: Invalid.
          
            test/Test.hs:124:
            crux doesn't match oracle
           (expected failure)
        fnptr_fnmut:             OK (2.14s)
          Compiling and running oracle program (0.17s)
          Oracle output: 4                     (1.97s)
          Crux output: 4
        direct_fnonce:           OK (2.18s)
          Compiling and running oracle program (0.18s)
          Oracle output: 2                     (2.00s)
          Crux output: 2
        conv_fnonce_fnmut:       OK (2.14s)
          Compiling and running oracle program (0.17s)
          Oracle output: 2                     (1.97s)
          Crux output: 2
        fn_static_poly:          OK (2.13s)
          Compiling and running oracle program (0.17s)
          Oracle output: 3                     (1.96s)
          Crux output: 3
        fnptr_fnonce:            OK (2.24s)
          Compiling and running oracle program (0.17s)
          Oracle output: 4                     (2.07s)
          Crux output: 4
        fn_static:               OK (2.29s)
          Compiling and running oracle program (0.17s)
          Oracle output: 3                     (2.12s)
          Crux output: 3
        fn_dyn:                  FAIL (expected: call_once shim (in `dyn Fn` vtable)) (0.22s)
          Compiling and running oracle program (0.19s)
          Oracle output: 3                     (0.03s)
            user error (Error 101 while running mir-json on test/conc_eval/clos/fn_dyn.rs)
           (expected failure)
        fnonce:                  OK (2.15s)
          Compiling and running oracle program (0.17s)
          Oracle output: false                 (1.98s)
          Crux output: false
        conv_fnmut_fn:           OK (2.16s)
          Compiling and running oracle program (0.17s)
          Oracle output: 2                     (1.99s)
          Crux output: 2
        direct_fnmut2:           OK (2.19s)
          Compiling and running oracle program (0.19s)
          Oracle output: 7                     (2.00s)
          Crux output: 7
        fo:                      OK (2.22s)
          Compiling and running oracle program (0.17s)
          Oracle output: 29                    (2.06s)
          Crux output: 29
        unique_borrow:           OK (2.19s)
          Compiling and running oracle program (0.17s)
          Oracle output: 3                     (2.02s)
          Crux output: 3
        conv_fnonce_fn:          OK (2.16s)
          Compiling and running oracle program (0.17s)
          Oracle output: 2                     (1.99s)
          Crux output: 2
        fnptr_fn:                OK (2.12s)
          Compiling and running oracle program (0.17s)
          Oracle output: 4                     (1.96s)
          Crux output: 4
        direct_fnmut:            OK (2.14s)
          Compiling and running oracle program (0.17s)
          Oracle output: 7                     (1.98s)
          Crux output: 7
        dispatch_fnmut:          OK (2.19s)
          Compiling and running oracle program (0.17s)
          Oracle output: 7                     (2.02s)
          Crux output: 7
        poly:                    OK (2.19s)
          Compiling and running oracle program (0.17s)
          Oracle output: 3                     (2.03s)
          Crux output: 3
        direct_fn:               OK (2.15s)
          Compiling and running oracle program (0.18s)
          Oracle output: 2                     (1.98s)
          Crux output: 2
        fnptr_closure:           OK (2.23s)
          Compiling and running oracle program (0.17s)
          Oracle output: 7                     (2.06s)
          Crux output: 7
        fnonce1:                 OK (2.13s)
          Compiling and running oracle program (0.17s)
          Oracle output: 3                     (1.97s)
          Crux output: 3
        ref_fnmut:               OK (2.15s)
          Compiling and running oracle program (0.17s)
          Oracle output: 7                     (1.99s)
          Crux output: 7
      vec_deque
        pop:                     FAIL (3.06s)
          Compiling and running oracle program                           (0.19s)
          Oracle output: [5, 4, 3, 1, 2]                                 (2.87s)
          Crux output: 
          failures:
          
          ---- pop/becc159b::crux_test[0] counterexamples ----
          [Crux] Found counterexample for verification goal
          [Crux]   /home/rscott/Documents/Hacking/Haskell/sandbox/crucible/crux-mir/lib/core/src/ptr/alignment.rs:89:53: 89:58: error: in core/5a1f6960::ptr[0]::alignment[0]::{impl#0}[0]::new_unchecked[0]
          [Crux]   Translation error in core/5a1f6960::ptr[0]::alignment[0]::{impl#0}[0]::new_unchecked[0]: callExp: Don't know how to call core/5a1f6960::intrinsics[0]::{extern#0}[0]::transmute[0]::_instfab2666815496a23[0]
          
          [Crux] Overall status: Invalid.
          
            test/Test.hs:124:
            crux doesn't match oracle
          
          Use -p '/vec_deque.pop/' to rerun this test only.
        iter_clone:              FAIL (3.07s)
          Compiling and running oracle program                           (0.19s)
          Oracle output: [1, 2, 3, 2, 3]                                 (2.88s)
          Crux output: 
          failures:
          
          ---- iter_clone/07a0e881::crux_test[0] counterexamples ----
          [Crux] Found counterexample for verification goal
          [Crux]   /home/rscott/Documents/Hacking/Haskell/sandbox/crucible/crux-mir/lib/core/src/ptr/alignment.rs:89:53: 89:58: error: in core/5a1f6960::ptr[0]::alignment[0]::{impl#0}[0]::new_unchecked[0]
          [Crux]   Translation error in core/5a1f6960::ptr[0]::alignment[0]::{impl#0}[0]::new_unchecked[0]: callExp: Don't know how to call core/5a1f6960::intrinsics[0]::{extern#0}[0]::transmute[0]::_instfab2666815496a23[0]
          
          [Crux] Overall status: Invalid.
          
            test/Test.hs:124:
            crux doesn't match oracle
          
          Use -p '/iter_clone/' to rerun this test only.
        push:                    FAIL (3.02s)
          Compiling and running oracle program                           (0.20s)
          Oracle output: [4, 1, 2, 3, 5]                                 (2.82s)
          Crux output: 
          failures:
          
          ---- push/2bbd650b::crux_test[0] counterexamples ----
          [Crux] Found counterexample for verification goal
          [Crux]   lib/core/src/cmp.rs:1300:11: 1300:28: error: in core/5a1f6960::cmp[0]::max_by[0]::_insta10905add4aa20a5[0]
          [Crux]   Translation error in core/5a1f6960::cmp[0]::max_by[0]::_insta10905add4aa20a5[0]: illegal or unimplemented coercion from TyInt USize (concretely BVRepr 32) to TyInt B8
          
          [Crux] Overall status: Invalid.
          
            test/Test.hs:124:
            crux doesn't match oracle
          
          Use -p '/vec_deque.push/' to rerun this test only.
        retain:                  FAIL (3.03s)
          Compiling and running oracle program                           (0.18s)
          Oracle output: [1, 4]                                          (2.85s)
          Crux output: 
          failures:
          
          ---- retain/71809604::crux_test[0] counterexamples ----
          [Crux] Found counterexample for verification goal
          [Crux]   /home/rscott/Documents/Hacking/Haskell/sandbox/crucible/crux-mir/lib/core/src/ptr/alignment.rs:89:53: 89:58: error: in core/5a1f6960::ptr[0]::alignment[0]::{impl#0}[0]::new_unchecked[0]
          [Crux]   Translation error in core/5a1f6960::ptr[0]::alignment[0]::{impl#0}[0]::new_unchecked[0]: callExp: Don't know how to call core/5a1f6960::intrinsics[0]::{extern#0}[0]::transmute[0]::_instfab2666815496a23[0]
          
          [Crux] Overall status: Invalid.
          
            test/Test.hs:124:
            crux doesn't match oracle
          
          Use -p '/retain/' to rerun this test only.
        rotate_left:             FAIL (3.04s)
          Compiling and running oracle program                           (0.18s)
          Oracle output: [3, 4, 5, 1, 2]                                 (2.86s)
          Crux output: 
          failures:
          
          ---- rotate_left/c536d376::crux_test[0] counterexamples ----
          [Crux] Found counterexample for verification goal
          [Crux]   /home/rscott/Documents/Hacking/Haskell/sandbox/crucible/crux-mir/lib/core/src/ptr/alignment.rs:89:53: 89:58: error: in core/5a1f6960::ptr[0]::alignment[0]::{impl#0}[0]::new_unchecked[0]
          [Crux]   Translation error in core/5a1f6960::ptr[0]::alignment[0]::{impl#0}[0]::new_unchecked[0]: callExp: Don't know how to call core/5a1f6960::intrinsics[0]::{extern#0}[0]::transmute[0]::_instfab2666815496a23[0]
          
          [Crux] Overall status: Invalid.
          
            test/Test.hs:124:
            crux doesn't match oracle
          
          Use -p '/rotate_left/' to rerun this test only.
        rotate_right:            FAIL (3.14s)
          Compiling and running oracle program                           (0.20s)
          Oracle output: [4, 5, 1, 2, 3]                                 (2.93s)
          Crux output: 
          failures:
          
          ---- rotate_right/7b40a8a9::crux_test[0] counterexamples ----
          [Crux] Found counterexample for verification goal
          [Crux]   /home/rscott/Documents/Hacking/Haskell/sandbox/crucible/crux-mir/lib/core/src/ptr/alignment.rs:89:53: 89:58: error: in core/5a1f6960::ptr[0]::alignment[0]::{impl#0}[0]::new_unchecked[0]
          [Crux]   Translation error in core/5a1f6960::ptr[0]::alignment[0]::{impl#0}[0]::new_unchecked[0]: callExp: Don't know how to call core/5a1f6960::intrinsics[0]::{extern#0}[0]::transmute[0]::_instfab2666815496a23[0]
          
          [Crux] Overall status: Invalid.
          
            test/Test.hs:124:
            crux doesn't match oracle
          
          Use -p '/rotate_right/' to rerun this test only.
      slice
        len:                     OK (2.21s)
          Compiling and running oracle program (0.17s)
          Oracle output: 5                     (2.04s)
          Crux output: 5
        mut_range:               FAIL (2.77s)
          Compiling and running oracle program                           (0.19s)
          Oracle output: 86                                              (2.58s)
          Crux output: 
          failures:
          
          ---- mut_range/037e427f::crux_test[0] counterexamples ----
          [Crux] Found counterexample for verification goal
          [Crux]   lib/core/src/ptr/metadata.rs:98:14: 98:40: error: in core/5a1f6960::ptr[0]::metadata[0]::metadata[0]::_inst1743054c4d18d3c5[0]
          [Crux]   Translation error in core/5a1f6960::ptr[0]::metadata[0]::metadata[0]::_inst1743054c4d18d3c5[0]: evalPlace (PField, Union) NYI
          
          [Crux] Overall status: Invalid.
          
            test/Test.hs:124:
            crux doesn't match oracle
          
          Use -p '/mut_range/' to rerun this test only.
        range_len:               FAIL (2.74s)
          Compiling and running oracle program                           (0.17s)
          Oracle output: 1                                               (2.57s)
          Crux output: 
          failures:
          
          ---- range_len/d549cefb::crux_test[0] counterexamples ----
          [Crux] Found counterexample for verification goal
          [Crux]   lib/core/src/ptr/metadata.rs:98:14: 98:40: error: in core/5a1f6960::ptr[0]::metadata[0]::metadata[0]::_inst1743054c4d18d3c5[0]
          [Crux]   Translation error in core/5a1f6960::ptr[0]::metadata[0]::metadata[0]::_inst1743054c4d18d3c5[0]: evalPlace (PField, Union) NYI
          
          [Crux] Overall status: Invalid.
          
            test/Test.hs:124:
            crux doesn't match oracle
          
          Use -p '$0=="crux-mir.crux concrete..slice.range_len"' to rerun this test only.
        range_len_mut:           FAIL (2.82s)
          Compiling and running oracle program                           (0.18s)
          Oracle output: 1                                               (2.63s)
          Crux output: 
          failures:
          
          ---- range_len_mut/efebb8fd::crux_test[0] counterexamples ----
          [Crux] Found counterexample for verification goal
          [Crux]   lib/core/src/ptr/metadata.rs:98:14: 98:40: error: in core/5a1f6960::ptr[0]::metadata[0]::metadata[0]::_inst1743054c4d18d3c5[0]
          [Crux]   Translation error in core/5a1f6960::ptr[0]::metadata[0]::metadata[0]::_inst1743054c4d18d3c5[0]: evalPlace (PField, Union) NYI
          
          [Crux] Overall status: Invalid.
          
            test/Test.hs:124:
            crux doesn't match oracle
          
          Use -p '/range_len_mut/' to rerun this test only.
        mk_and_proj:             OK (2.15s)
          Compiling and running oracle program (0.17s)
          Oracle output: 42                    (1.98s)
          Crux output: 42
        swap:                    OK (2.20s)
          Compiling and running oracle program (0.18s)
          Oracle output: 2001                  (2.02s)
          Crux output: 2001
        eq:                      FAIL (2.20s)
          Compiling and running oracle program                           (0.16s)
          Oracle output: ()                                              (2.04s)
          Crux output: 
          failures:
          
          ---- eq/13e22240::f[0] counterexamples ----
          [Crux] Found counterexample for verification goal
          [Crux]   /home/rscott/Documents/Hacking/Haskell/sandbox/crucible/crux-mir/lib/core/src/mem/mod.rs:338:38: 338:41: error: in core/5a1f6960::mem[0]::size_of_val[0]::_inst55af81a2cef2701c[0]
          [Crux]   Translation error in core/5a1f6960::mem[0]::size_of_val[0]::_inst55af81a2cef2701c[0]: callExp: Don't know how to call core/5a1f6960::intrinsics[0]::{extern#0}[0]::size_of_val[0]::_inst55af81a2cef2701c[0]
          
          [Crux] Overall status: Invalid.
          
            test/Test.hs:124:
            crux doesn't match oracle
          
          Use -p '/slice.eq/' to rerun this test only.
        iter_mut:                FAIL (2.28s)
          Compiling and running oracle program                           (0.17s)
          Oracle output: ()                                              (2.10s)
          Crux output: 
          failures:
          
          ---- iter_mut/af588650::f[0] counterexamples ----
          [Crux] Found counterexample for verification goal
          [Crux]   /home/rscott/Documents/Hacking/Haskell/sandbox/crucible/crux-mir/lib/core/src/ptr/mut_ptr.rs:52:37: 52:52: error: in core/5a1f6960::ptr[0]::mut_ptr[0]::{impl#0}[0]::is_null[0]::_inst1e2825177cd3b608[0]
          [Crux]   Translation error in core/5a1f6960::ptr[0]::mut_ptr[0]::{impl#0}[0]::is_null[0]::_inst1e2825177cd3b608[0]: unimplemented cast: Misc
          [Crux]     ty: TyRawPtr (TyInt B32) Mut
          [Crux]     as: TyRawPtr (TyUint B8) Mut
          
          [Crux] Overall status: Invalid.
          
            test/Test.hs:124:
            crux doesn't match oracle
          
          Use -p '/iter_mut/' to rerun this test only.
        get:                     FAIL (2.36s)
          Compiling and running oracle program                           (0.17s)
          Oracle output: true                                            (2.19s)
          Crux output: 
          failures:
          
          ---- get/8d7d266a::crux_test[0] counterexamples ----
          [Crux] Found counterexample for verification goal
          [Crux]   lib/core/src/ptr/metadata.rs:98:14: 98:40: error: in core/5a1f6960::ptr[0]::metadata[0]::metadata[0]::_inst1743054c4d18d3c5[0]
          [Crux]   Translation error in core/5a1f6960::ptr[0]::metadata[0]::metadata[0]::_inst1743054c4d18d3c5[0]: evalPlace (PField, Union) NYI
          
          [Crux] Overall status: Invalid.
          
            test/Test.hs:124:
            crux doesn't match oracle
          
          Use -p '/slice.get/' to rerun this test only.
        mut:                     OK (2.30s)
          Compiling and running oracle program (0.17s)
          Oracle output: 42                    (2.13s)
          Crux output: 42
        last:                    OK (2.24s)
          Compiling and running oracle program (0.17s)
          Oracle output: 3                     (2.07s)
          Crux output: 3
  crux symbolic
    Output testing
      mux_init_mut:              [0KFAIL (2.10s)
        files test/symb_eval/refs/mux_init_mut.good and test/symb_eval/refs/mux_init_mut.out differ; test/symb_eval/refs/mux_init_mut.out contains:
        test mux_init_mut/ba0f083a::crux_test[0]: FAILED
        
        failures:
        
        ---- mux_init_mut/ba0f083a::crux_test[0] counterexamples ----
        [Crux] Found counterexample for verification goal
        [Crux]   internal: error: in crucible/6eda2caa::symbolic[0]::symbolic_u8[0]
        [Crux]   panicking::panic_fmt, called from crucible/6eda2caa::symbolic[0]::symbolic_u8[0]
        
        [Crux] Overall status: Invalid.
        
        Use -p '/mux_init_mut/' to rerun this test only.
      mux_init_imm:              [0KFAIL (2.17s)
        files test/symb_eval/refs/mux_init_imm.good and test/symb_eval/refs/mux_init_imm.out differ; test/symb_eval/refs/mux_init_imm.out contains:
        test mux_init_imm/f397f768::crux_test[0]: FAILED
        
        failures:
        
        ---- mux_init_imm/f397f768::crux_test[0] counterexamples ----
        [Crux] Found counterexample for verification goal
        [Crux]   internal: error: in crucible/6eda2caa::symbolic[0]::symbolic_u8[0]
        [Crux]   panicking::panic_fmt, called from crucible/6eda2caa::symbolic[0]::symbolic_u8[0]
        
        [Crux] Overall status: Invalid.
        
        Use -p '/mux_init_imm/' to rerun this test only.
      early_fail:                [0K[0KFAIL (2.14s)
        files test/symb_eval/crux/early_fail.good and test/symb_eval/crux/early_fail.out differ; test/symb_eval/crux/early_fail.out contains:
        test early_fail/aaff3446::fail1[0]: FAILED
        test early_fail/aaff3446::fail2[0]: FAILED
        
        failures:
        
        ---- early_fail/aaff3446::fail1[0] counterexamples ----
        [Crux] Found counterexample for verification goal
        [Crux]   internal: error: in early_fail/aaff3446::fail1[0]
        [Crux]   panicking::panic_fmt, called from early_fail/aaff3446::fail1[0]
        
        ---- early_fail/aaff3446::fail2[0] counterexamples ----
        [Crux] Found counterexample for verification goal
        [Crux]   internal: error: in crucible/6eda2caa::symbolic[0]::symbolic_u8[0]
        [Crux]   panicking::panic_fmt, called from crucible/6eda2caa::symbolic[0]::symbolic_u8[0]
        
        [Crux] Overall status: Invalid.
        
        Use -p '/early_fail/' to rerun this test only.
      mixed_fail:                [0K[0K[0K[0KFAIL (2.16s)
        files test/symb_eval/crux/mixed_fail.good and test/symb_eval/crux/mixed_fail.out differ; test/symb_eval/crux/mixed_fail.out contains:
        test mixed_fail/927be8d8::fail1[0]: FAILED
        test mixed_fail/927be8d8::fail2[0]: FAILED
        test mixed_fail/927be8d8::pass1[0]: FAILED
        test mixed_fail/927be8d8::pass2[0]: FAILED
        
        failures:
        
        ---- mixed_fail/927be8d8::fail1[0] counterexamples ----
        [Crux] Found counterexample for verification goal
        [Crux]   internal: error: in crucible/6eda2caa::symbolic[0]::symbolic_u8[0]
        [Crux]   panicking::panic_fmt, called from crucible/6eda2caa::symbolic[0]::symbolic_u8[0]
        
        ---- mixed_fail/927be8d8::fail2[0] counterexamples ----
        [Crux] Found counterexample for verification goal
        [Crux]   internal: error: in crucible/6eda2caa::symbolic[0]::symbolic_u8[0]
        [Crux]   panicking::panic_fmt, called from crucible/6eda2caa::symbolic[0]::symbolic_u8[0]
        
        ---- mixed_fail/927be8d8::pass1[0] counterexamples ----
        [Crux] Found counterexample for verification goal
        [Crux]   internal: error: in crucible/6eda2caa::symbolic[0]::symbolic_u8[0]
        [Crux]   panicking::panic_fmt, called from crucible/6eda2caa::symbolic[0]::symbolic_u8[0]
        
        ---- mixed_fail/927be8d8::pass2[0] counterexamples ----
        [Crux] Found counterexample for verification goal
        [Crux]   internal: error: in crucible/6eda2caa::symbolic[0]::symbolic_u8[0]
        [Crux]   panicking::panic_fmt, called from crucible/6eda2caa::symbolic[0]::symbolic_u8[0]
        
        [Crux] Overall status: Invalid.
        
        Use -p '/mixed_fail/' to rerun this test only.
      multi:                     [0K[0K[0KFAIL (2.11s)
        files test/symb_eval/crux/multi.good and test/symb_eval/crux/multi.out differ; test/symb_eval/crux/multi.out contains:
        test multi/6273896c::fail1[0]: FAILED
        test multi/6273896c::fail2[0]: FAILED
        test multi/6273896c::fail3[0]: FAILED
        
        failures:
        
        ---- multi/6273896c::fail1[0] counterexamples ----
        [Crux] Found counterexample for verification goal
        [Crux]   internal: error: in crucible/6eda2caa::symbolic[0]::symbolic_u8[0]
        [Crux]   panicking::panic_fmt, called from crucible/6eda2caa::symbolic[0]::symbolic_u8[0]
        
        ---- multi/6273896c::fail2[0] counterexamples ----
        [Crux] Found counterexample for verification goal
        [Crux]   internal: error: in crucible/6eda2caa::symbolic[0]::symbolic_u8[0]
        [Crux]   panicking::panic_fmt, called from crucible/6eda2caa::symbolic[0]::symbolic_u8[0]
        
        ---- multi/6273896c::fail3[0] counterexamples ----
        [Crux] Found counterexample for verification goal
        [Crux]   internal: error: in crucible/6eda2caa::symbolic[0]::symbolic_u8[0]
        [Crux]   panicking::panic_fmt, called from crucible/6eda2caa::symbolic[0]::symbolic_u8[0]
        
        [Crux] Overall status: Invalid.
        
        Use -p '/Output testing.multi/' to rerun this test only.
      fail_return:               [0K[0KFAIL (2.16s)
        files test/symb_eval/crux/fail_return.good and test/symb_eval/crux/fail_return.out differ; test/symb_eval/crux/fail_return.out contains:
        test fail_return/bbd9602c::fail1[0]: FAILED
        test fail_return/bbd9602c::fail2[0]: FAILED
        
        failures:
        
        ---- fail_return/bbd9602c::fail1[0] counterexamples ----
        [Crux] Found counterexample for verification goal
        [Crux]   internal: error: in crucible/6eda2caa::symbolic[0]::symbolic_u8[0]
        [Crux]   panicking::panic_fmt, called from crucible/6eda2caa::symbolic[0]::symbolic_u8[0]
        
        ---- fail_return/bbd9602c::fail2[0] counterexamples ----
        [Crux] Found counterexample for verification goal
        [Crux]   internal: error: in crucible/6eda2caa::symbolic[0]::symbolic_u8[0]
        [Crux]   panicking::panic_fmt, called from crucible/6eda2caa::symbolic[0]::symbolic_u8[0]
        
        [Crux] Overall status: Invalid.
        
        Use -p '/fail_return/' to rerun this test only.
      no_conc:                   [0KFAIL (2.17s)
        files test/symb_eval/concretize/no_conc.good and test/symb_eval/concretize/no_conc.out differ; test/symb_eval/concretize/no_conc.out contains:
        test no_conc/5b356412::crux_test[0]: FAILED
        
        failures:
        
        ---- no_conc/5b356412::crux_test[0] counterexamples ----
        [Crux] Found counterexample for verification goal
        [Crux]   internal: error: in crucible/6eda2caa::symbolic[0]::symbolic_u8[0]
        [Crux]   panicking::panic_fmt, called from crucible/6eda2caa::symbolic[0]::symbolic_u8[0]
        
        [Crux] Overall status: Invalid.
        
        Use -p '/no_conc/' to rerun this test only.
      conc:                      [0KFAIL (2.10s)
        files test/symb_eval/concretize/conc.good and test/symb_eval/concretize/conc.out differ; test/symb_eval/concretize/conc.out contains:
        test conc/b85a9e47::crux_test[0]: FAILED
        
        failures:
        
        ---- conc/b85a9e47::crux_test[0] counterexamples ----
        [Crux] Found counterexample for verification goal
        [Crux]   internal: error: in crucible/6eda2caa::symbolic[0]::symbolic_u8[0]
        [Crux]   panicking::panic_fmt, called from crucible/6eda2caa::symbolic[0]::symbolic_u8[0]
        
        [Crux] Overall status: Invalid.
        
        Use -p '$0=="crux-mir.crux symbolic.Output testing.conc"' to rerun this test only.
      array:                     [0KFAIL (2.14s)
        files test/symb_eval/concretize/array.good and test/symb_eval/concretize/array.out differ; test/symb_eval/concretize/array.out contains:
        test array/b294edd1::crux_test[0]: FAILED
        
        failures:
        
        ---- array/b294edd1::crux_test[0] counterexamples ----
        [Crux] Found counterexample for verification goal
        [Crux]   internal: error: in crucible/6eda2caa::array[0]::symbolic[0]::_inst1e2825177cd3b608[0]
        [Crux]   panicking::panic_fmt, called from crucible/6eda2caa::array[0]::symbolic[0]::_inst1e2825177cd3b608[0]
        
        [Crux] Overall status: Invalid.
        
        Use -p '$0=="crux-mir.crux symbolic.Output testing.array"' to rerun this test only.
      assert_ok:                 [0KFAIL (2.85s)
        files test/symb_eval/concretize/assert_ok.good and test/symb_eval/concretize/assert_ok.out differ; test/symb_eval/concretize/assert_ok.out contains:
        test assert_ok/223e01b8::crux_test[0]: FAILED
        
        failures:
        
        ---- assert_ok/223e01b8::crux_test[0] counterexamples ----
        [Crux] Found counterexample for verification goal
        [Crux]   internal: error: in crucible/6eda2caa::symbolic[0]::symbolic_u8[0]
        [Crux]   panicking::panic_fmt, called from crucible/6eda2caa::symbolic[0]::symbolic_u8[0]
        
        [Crux] Overall status: Invalid.
        
        Use -p '/assert_ok/' to rerun this test only.
      assert:                    [0KFAIL (2.88s)
        files test/symb_eval/concretize/assert.good and test/symb_eval/concretize/assert.out differ; test/symb_eval/concretize/assert.out contains:
        test assert/4d446bb2::crux_test[0]: FAILED
        
        failures:
        
        ---- assert/4d446bb2::crux_test[0] counterexamples ----
        [Crux] Found counterexample for verification goal
        [Crux]   internal: error: in crucible/6eda2caa::symbolic[0]::symbolic_u8[0]
        [Crux]   panicking::panic_fmt, called from crucible/6eda2caa::symbolic[0]::symbolic_u8[0]
        
        [Crux] Overall status: Invalid.
        
        Use -p '$0=="crux-mir.crux symbolic.Output testing.assert"' to rerun this test only.
      bytes2:                    [0KFAIL (2.18s)
        files test/symb_eval/crypto/bytes2.good and test/symb_eval/crypto/bytes2.out differ; test/symb_eval/crypto/bytes2.out contains:
        test bytes2/cec6fb92::f[0]: FAILED
        
        failures:
        
        ---- bytes2/cec6fb92::f[0] counterexamples ----
        [Crux] Found counterexample for verification goal
        [Crux]   internal: error: in crucible/6eda2caa::symbolic[0]::symbolic_u8[0]
        [Crux]   panicking::panic_fmt, called from crucible/6eda2caa::symbolic[0]::symbolic_u8[0]
        
        [Crux] Overall status: Invalid.
        
        Use -p '/bytes2/' to rerun this test only.
      double:                    [0KFAIL (2.15s)
        files test/symb_eval/crypto/double.good and test/symb_eval/crypto/double.out differ; test/symb_eval/crypto/double.out contains:
        test double/da43fdac::f[0]: FAILED
        
        failures:
        
        ---- double/da43fdac::f[0] counterexamples ----
        [Crux] Found counterexample for verification goal
        [Crux]   internal: error: in crucible/6eda2caa::symbolic[0]::symbolic_u32[0]
        [Crux]   panicking::panic_fmt, called from crucible/6eda2caa::symbolic[0]::symbolic_u32[0]
        
        [Crux] Overall status: Invalid.
        
        Use -p '/double/' to rerun this test only.
      ffs:                       [0KFAIL (2.09s)
        files test/symb_eval/crypto/ffs.good and test/symb_eval/crypto/ffs.out differ; test/symb_eval/crypto/ffs.out contains:
        test ffs/be5003b6::f[0]: FAILED
        
        failures:
        
        ---- ffs/be5003b6::f[0] counterexamples ----
        [Crux] Found counterexample for verification goal
        [Crux]   internal: error: in crucible/6eda2caa::symbolic[0]::symbolic_u32[0]
        [Crux]   panicking::panic_fmt, called from crucible/6eda2caa::symbolic[0]::symbolic_u32[0]
        
        [Crux] Overall status: Invalid.
        
        Use -p '/Output testing.ffs/' to rerun this test only.
      bytes:                     [0KFAIL (2.19s)
        files test/symb_eval/crypto/bytes.good and test/symb_eval/crypto/bytes.out differ; test/symb_eval/crypto/bytes.out contains:
        test bytes/39b68e7d::f[0]: FAILED
        
        failures:
        
        ---- bytes/39b68e7d::f[0] counterexamples ----
        [Crux] Found counterexample for verification goal
        [Crux]   internal: error: in crucible/6eda2caa::symbolic[0]::symbolic_u64[0]
        [Crux]   panicking::panic_fmt, called from crucible/6eda2caa::symbolic[0]::symbolic_u64[0]
        
        [Crux] Overall status: Invalid.
        
        Use -p '$0=="crux-mir.crux symbolic.Output testing.bytes"' to rerun this test only.
      bad_symb1:                 [0KFAIL (2.16s)
        files test/symb_eval/overrides/bad_symb1.good and test/symb_eval/overrides/bad_symb1.out differ; test/symb_eval/overrides/bad_symb1.out contains:
        test bad_symb1/6eace5d9::crux_test[0]: FAILED
        
        failures:
        
        ---- bad_symb1/6eace5d9::crux_test[0] counterexamples ----
        [Crux] Found counterexample for verification goal
        [Crux]   internal: error: in crucible/6eda2caa::symbolic[0]::symbolic_u8[0]
        [Crux]   panicking::panic_fmt, called from crucible/6eda2caa::symbolic[0]::symbolic_u8[0]
        
        [Crux] Overall status: Invalid.
        
        Use -p '/bad_symb1/' to rerun this test only.
      bad_symb2:                 [0KFAIL (2.10s)
        files test/symb_eval/overrides/bad_symb2.good and test/symb_eval/overrides/bad_symb2.out differ; test/symb_eval/overrides/bad_symb2.out contains:
        test bad_symb2/0e44e20a::crux_test[0]: FAILED
        
        failures:
        
        ---- bad_symb2/0e44e20a::crux_test[0] counterexamples ----
        [Crux] Found counterexample for verification goal
        [Crux]   internal: error: in crucible/6eda2caa::symbolic[0]::symbolic_u8[0]
        [Crux]   panicking::panic_fmt, called from crucible/6eda2caa::symbolic[0]::symbolic_u8[0]
        
        [Crux] Overall status: Invalid.
        
        Use -p '/bad_symb2/' to rerun this test only.
      override3:                 [0KFAIL (2.07s)
        files test/symb_eval/overrides/override3.good and test/symb_eval/overrides/override3.out differ; test/symb_eval/overrides/override3.out contains:
        test override3/406699f3::f[0]: FAILED
        
        failures:
        
        ---- override3/406699f3::f[0] counterexamples ----
        [Crux] Found counterexample for verification goal
        [Crux]   internal: error: in crucible/6eda2caa::symbolic[0]::symbolic_u8[0]
        [Crux]   panicking::panic_fmt, called from crucible/6eda2caa::symbolic[0]::symbolic_u8[0]
        
        [Crux] Overall status: Invalid.
        
        Use -p '/override3/' to rerun this test only.
      override1:                 [0KFAIL (2.03s)
        files test/symb_eval/overrides/override1.good and test/symb_eval/overrides/override1.out differ; test/symb_eval/overrides/override1.out contains:
        test override1/84f90b58::f[0]: FAILED
        
        failures:
        
        ---- override1/84f90b58::f[0] counterexamples ----
        [Crux] Found counterexample for verification goal
        [Crux]   internal: error: in crucible/6eda2caa::one[0]
        [Crux]   panicking::panic, called from crucible/6eda2caa::one[0]
        
        [Crux] Overall status: Invalid.
        
        Use -p '/override1/' to rerun this test only.
      override4:                 [0KFAIL (2.13s)
        files test/symb_eval/overrides/override4.good and test/symb_eval/overrides/override4.out differ; test/symb_eval/overrides/override4.out contains:
        test override4/2a387b8d::f[0]: FAILED
        
        failures:
        
        ---- override4/2a387b8d::f[0] counterexamples ----
        [Crux] Found counterexample for verification goal
        [Crux]   internal: error: in crucible/6eda2caa::symbolic[0]::symbolic_u8[0]
        [Crux]   panicking::panic_fmt, called from crucible/6eda2caa::symbolic[0]::symbolic_u8[0]
        
        [Crux] Overall status: Invalid.
        
        Use -p '/override4/' to rerun this test only.
      override_rust:             [0KFAIL (2.15s)
        files test/symb_eval/overrides/override_rust.good and test/symb_eval/overrides/override_rust.out differ; test/symb_eval/overrides/override_rust.out contains:
        test override_rust/81c3ff88::crux_test[0]: FAILED
        
        failures:
        
        ---- override_rust/81c3ff88::crux_test[0] counterexamples ----
        [Crux] Found counterexample for verification goal
        [Crux]   internal: error: in crucible/6eda2caa::override_[0]::_inst28abcb7c380bf102[0]
        [Crux]   panicking::panic_fmt, called from crucible/6eda2caa::override_[0]::_inst28abcb7c380bf102[0]
        
        [Crux] Overall status: Invalid.
        
        Use -p '/override_rust/' to rerun this test only.
      override2:                 [0KFAIL (2.12s)
        files test/symb_eval/overrides/override2.good and test/symb_eval/overrides/override2.out differ; test/symb_eval/overrides/override2.out contains:
        test override2/7910119c::f[0]: FAILED
        
        failures:
        
        ---- override2/7910119c::f[0] counterexamples ----
        [Crux] Found counterexample for verification goal
        [Crux]   internal: error: in crucible/6eda2caa::symbolic[0]::symbolic_u8[0]
        [Crux]   panicking::panic_fmt, called from crucible/6eda2caa::symbolic[0]::symbolic_u8[0]
        
        [Crux] Overall status: Invalid.
        
        Use -p '/override2/' to rerun this test only.
      override5:                 [0KFAIL (2.05s)
        files test/symb_eval/overrides/override5.good and test/symb_eval/overrides/override5.out differ; test/symb_eval/overrides/override5.out contains:
        test override5/5f8d6467::f[0]: FAILED
        
        failures:
        
        ---- override5/5f8d6467::f[0] counterexamples ----
        [Crux] Found counterexample for verification goal
        [Crux]   internal: error: in crucible/6eda2caa::symbolic[0]::symbolic_u64[0]
        [Crux]   panicking::panic_fmt, called from crucible/6eda2caa::symbolic[0]::symbolic_u64[0]
        
        [Crux] Overall status: Invalid.
        
        Use -p '/override5/' to rerun this test only.
      mux:                       [0KFAIL (2.10s)
        files test/symb_eval/fnptr/mux.good and test/symb_eval/fnptr/mux.out differ; test/symb_eval/fnptr/mux.out contains:
        test mux/3918b96f::crux_test[0]: FAILED
        
        failures:
        
        ---- mux/3918b96f::crux_test[0] counterexamples ----
        [Crux] Found counterexample for verification goal
        [Crux]   internal: error: in crucible/6eda2caa::symbolic[0]::symbolic_u8[0]
        [Crux]   panicking::panic_fmt, called from crucible/6eda2caa::symbolic[0]::symbolic_u8[0]
        
        [Crux] Overall status: Invalid.
        
        Use -p '$0=="crux-mir.crux symbolic.Output testing.mux"' to rerun this test only.
      checked_mul_signed:        FAIL
        test/symb_eval/num/checked_mul_signed.out: withFile: user error (Error 101 while running mir-json on test/symb_eval/num/checked_mul_signed.rs)
        Use -p '/checked_mul_signed/' to rerun this test only.
      checked_mul:               FAIL (0.05s)
        test/symb_eval/num/checked_mul.out: withFile: user error (Error 101 while running mir-json on test/symb_eval/num/checked_mul.rs)
        Use -p '$0=="crux-mir.crux symbolic.Output testing.checked_mul"' to rerun this test only.
      checked_div:               [0KFAIL (2.06s)
        files test/symb_eval/num/checked_div.good and test/symb_eval/num/checked_div.out differ; test/symb_eval/num/checked_div.out contains:
        test checked_div/258a4803::crux_test[0]: returned 65, FAILED
        
        failures:
        
        ---- checked_div/258a4803::crux_test[0] counterexamples ----
        [Crux] Found counterexample for verification goal
        [Crux]   test/symb_eval/num/checked_div.rs:3:5: 3:10: error: in checked_div/258a4803::div_signed[0]
        [Crux]   attempt to compute `_3 / _4`, which would overflow
        [Crux] Found counterexample for verification goal
        [Crux]   test/symb_eval/num/checked_div.rs:3:5: 3:10: error: in checked_div/258a4803::div_signed[0]
        [Crux]   attempt to divide `_3` by zero
        [Crux] Found counterexample for verification goal
        [Crux]   test/symb_eval/num/checked_div.rs:8:5: 8:10: error: in checked_div/258a4803::div_unsigned[0]
        [Crux]   attempt to divide `_3` by zero
        
        [Crux] Overall status: Invalid.
        
        Use -p '/checked_div/' to rerun this test only.
      checked_add:               FAIL (0.05s)
        test/symb_eval/num/checked_add.out: withFile: user error (Error 101 while running mir-json on test/symb_eval/num/checked_add.rs)
        Use -p '/checked_add/' to rerun this test only.
      test1:                     [0KFAIL (2.39s)
        files test/symb_eval/scalar/test1.good and test/symb_eval/scalar/test1.out differ; test/symb_eval/scalar/test1.out contains:
        test test1/b6abe038::f[0]: FAILED
        
        failures:
        
        ---- test1/b6abe038::f[0] counterexamples ----
        [Crux] Found counterexample for verification goal
        [Crux]   internal: error: in int512/11aae4f6::symbolic[0]
        [Crux]   panicking::panic, called from int512/11aae4f6::symbolic[0]
        
        [Crux] Overall status: Invalid.
        
        Use -p '/test1/' to rerun this test only.
      pop:                       [0KFAIL (2.19s)
        files test/symb_eval/vector/pop.good and test/symb_eval/vector/pop.out differ; test/symb_eval/vector/pop.out contains:
        test pop/34bcb08d::f[0]: FAILED
        
        failures:
        
        ---- pop/34bcb08d::f[0] counterexamples ----
        [Crux] Found counterexample for verification goal
        [Crux]   internal: error: in pop/34bcb08d::f[0]
        [Crux]   Translation error in pop/34bcb08d::f[0]: ill-typed assignment of VectorRepr (BVRepr 8) to AnyRepr (TyAdt crucible/6eda2caa::vector[0]::Vector[0]::_adtaddce72e1232152c[0] crucible/6eda2caa::vector[0]::Vector[0] (Substs [TyUint B8])) LBase (Var {_varname = "_3", _varmut = Mut, _varty = TyAdt crucible/6eda2caa::vector[0]::Vector[0]::_adtaddce72e1232152c[0] crucible/6eda2caa::vector[0]::Vector[0] (Substs [TyUint B8]), _varIsZST = False})
        
        [Crux] Overall status: Invalid.
        
        Use -p '/Output testing.pop/' to rerun this test only.
      as_mut_slice:              [0KFAIL (2.16s)
        files test/symb_eval/vector/as_mut_slice.good and test/symb_eval/vector/as_mut_slice.out differ; test/symb_eval/vector/as_mut_slice.out contains:
        test as_mut_slice/7ce532be::f[0]: FAILED
        
        failures:
        
        ---- as_mut_slice/7ce532be::f[0] counterexamples ----
        [Crux] Found counterexample for verification goal
        [Crux]   internal: error: in as_mut_slice/7ce532be::f[0]
        [Crux]   Translation error in as_mut_slice/7ce532be::f[0]: ill-typed assignment of VectorRepr (BVRepr 8) to AnyRepr (TyAdt crucible/6eda2caa::vector[0]::Vector[0]::_adtaddce72e1232152c[0] crucible/6eda2caa::vector[0]::Vector[0] (Substs [TyUint B8])) LBase (Var {_varname = "_3", _varmut = Mut, _varty = TyAdt crucible/6eda2caa::vector[0]::Vector[0]::_adtaddce72e1232152c[0] crucible/6eda2caa::vector[0]::Vector[0] (Substs [TyUint B8]), _varIsZST = False})
        
        [Crux] Overall status: Invalid.
        
        Use -p '/as_mut_slice/' to rerun this test only.
      push:                      [0KFAIL (2.14s)
        files test/symb_eval/vector/push.good and test/symb_eval/vector/push.out differ; test/symb_eval/vector/push.out contains:
        test push/9484b802::f[0]: FAILED
        
        failures:
        
        ---- push/9484b802::f[0] counterexamples ----
        [Crux] Found counterexample for verification goal
        [Crux]   internal: error: in push/9484b802::f[0]
        [Crux]   Translation error in push/9484b802::f[0]: ill-typed assignment of VectorRepr (BVRepr 8) to AnyRepr (TyAdt crucible/6eda2caa::vector[0]::Vector[0]::_adtaddce72e1232152c[0] crucible/6eda2caa::vector[0]::Vector[0] (Substs [TyUint B8])) LBase (Var {_varname = "_1", _varmut = Immut, _varty = TyAdt crucible/6eda2caa::vector[0]::Vector[0]::_adtaddce72e1232152c[0] crucible/6eda2caa::vector[0]::Vector[0] (Substs [TyUint B8]), _varIsZST = False})
        
        [Crux] Overall status: Invalid.
        
        Use -p '/Output testing.push/' to rerun this test only.
      copy_from_slice:           [0KFAIL (2.24s)
        files test/symb_eval/vector/copy_from_slice.good and test/symb_eval/vector/copy_from_slice.out differ; test/symb_eval/vector/copy_from_slice.out contains:
        test copy_from_slice/891db15e::f[0]: FAILED
        
        failures:
        
        ---- copy_from_slice/891db15e::f[0] counterexamples ----
        [Crux] Found counterexample for verification goal
        [Crux]   test/symb_eval/vector/copy_from_slice.rs:7:43: 7:56: error: in copy_from_slice/891db15e::f[0]
        [Crux]   Translation error in copy_from_slice/891db15e::f[0]: ill-typed assignment of VectorRepr (BVRepr 8) to AnyRepr (TyAdt crucible/6eda2caa::vector[0]::Vector[0]::_adtaddce72e1232152c[0] crucible/6eda2caa::vector[0]::Vector[0] (Substs [TyUint B8])) LBase (Var {_varname = "_1", _varmut = Immut, _varty = TyAdt crucible/6eda2caa::vector[0]::Vector[0]::_adtaddce72e1232152c[0] crucible/6eda2caa::vector[0]::Vector[0] (Substs [TyUint B8]), _varIsZST = False})
        
        [Crux] Overall status: Invalid.
        
        Use -p '/copy_from_slice/' to rerun this test only.
      new:                       [0KFAIL (2.18s)
        files test/symb_eval/vector/new.good and test/symb_eval/vector/new.out differ; test/symb_eval/vector/new.out contains:
        test new/7c232b74::f[0]: FAILED
        
        failures:
        
        ---- new/7c232b74::f[0] counterexamples ----
        [Crux] Found counterexample for verification goal
        [Crux]   internal: error: in new/7c232b74::f[0]
        [Crux]   Translation error in new/7c232b74::f[0]: ill-typed assignment of VectorRepr (BVRepr 8) to AnyRepr (TyAdt crucible/6eda2caa::vector[0]::Vector[0]::_adtaddce72e1232152c[0] crucible/6eda2caa::vector[0]::Vector[0] (Substs [TyUint B8])) LBase (Var {_varname = "_1", _varmut = Immut, _varty = TyAdt crucible/6eda2caa::vector[0]::Vector[0]::_adtaddce72e1232152c[0] crucible/6eda2caa::vector[0]::Vector[0] (Substs [TyUint B8]), _varIsZST = False})
        
        [Crux] Overall status: Invalid.
        
        Use -p '$0=="crux-mir.crux symbolic.Output testing.new"' to rerun this test only.
      mut:                       [0KFAIL (2.06s)
        files test/symb_eval/vector/mut.good and test/symb_eval/vector/mut.out differ; test/symb_eval/vector/mut.out contains:
        test mut/6449c4fb::f[0]: FAILED
        
        failures:
        
        ---- mut/6449c4fb::f[0] counterexamples ----
        [Crux] Found counterexample for verification goal
        [Crux]   internal: error: in mut/6449c4fb::f[0]
        [Crux]   Translation error in mut/6449c4fb::f[0]: ill-typed assignment of VectorRepr (BVRepr 8) to AnyRepr (TyAdt crucible/6eda2caa::vector[0]::Vector[0]::_adtaddce72e1232152c[0] crucible/6eda2caa::vector[0]::Vector[0] (Substs [TyUint B8])) LBase (Var {_varname = "_3", _varmut = Mut, _varty = TyAdt crucible/6eda2caa::vector[0]::Vector[0]::_adtaddce72e1232152c[0] crucible/6eda2caa::vector[0]::Vector[0] (Substs [TyUint B8]), _varIsZST = False})
        
        [Crux] Overall status: Invalid.
        
        Use -p '/Output testing.mut/' to rerun this test only.
      concat:                    [0KFAIL (2.13s)
        files test/symb_eval/vector/concat.good and test/symb_eval/vector/concat.out differ; test/symb_eval/vector/concat.out contains:
        test concat/8ea0a338::f[0]: FAILED
        
        failures:
        
        ---- concat/8ea0a338::f[0] counterexamples ----
        [Crux] Found counterexample for verification goal
        [Crux]   internal: error: in concat/8ea0a338::f[0]
        [Crux]   Translation error in concat/8ea0a338::f[0]: ill-typed assignment of VectorRepr (BVRepr 8) to AnyRepr (TyAdt crucible/6eda2caa::vector[0]::Vector[0]::_adtaddce72e1232152c[0] crucible/6eda2caa::vector[0]::Vector[0] (Substs [TyUint B8])) LBase (Var {_varname = "_3", _varmut = Mut, _varty = TyAdt crucible/6eda2caa::vector[0]::Vector[0]::_adtaddce72e1232152c[0] crucible/6eda2caa::vector[0]::Vector[0] (Substs [TyUint B8]), _varIsZST = False})
        
        [Crux] Overall status: Invalid.
        
        Use -p '/concat/' to rerun this test only.
      split_at:                  [0KFAIL (2.08s)
        files test/symb_eval/vector/split_at.good and test/symb_eval/vector/split_at.out differ; test/symb_eval/vector/split_at.out contains:
        test split_at/096c0611::f[0]: FAILED
        
        failures:
        
        ---- split_at/096c0611::f[0] counterexamples ----
        [Crux] Found counterexample for verification goal
        [Crux]   test/symb_eval/vector/split_at.rs:7:43: 7:56: error: in split_at/096c0611::f[0]
        [Crux]   Translation error in split_at/096c0611::f[0]: ill-typed assignment of VectorRepr (BVRepr 8) to AnyRepr (TyAdt crucible/6eda2caa::vector[0]::Vector[0]::_adtaddce72e1232152c[0] crucible/6eda2caa::vector[0]::Vector[0] (Substs [TyUint B8])) LBase (Var {_varname = "_1", _varmut = Immut, _varty = TyAdt crucible/6eda2caa::vector[0]::Vector[0]::_adtaddce72e1232152c[0] crucible/6eda2caa::vector[0]::Vector[0] (Substs [TyUint B8]), _varIsZST = False})
        
        [Crux] Overall status: Invalid.
        
        Use -p '/split_at/' to rerun this test only.
      replicate:                 [0KFAIL (2.08s)
        files test/symb_eval/vector/replicate.good and test/symb_eval/vector/replicate.out differ; test/symb_eval/vector/replicate.out contains:
        test replicate/776d13b1::f[0]: FAILED
        
        failures:
        
        ---- replicate/776d13b1::f[0] counterexamples ----
        [Crux] Found counterexample for verification goal
        [Crux]   internal: error: in replicate/776d13b1::f[0]
        [Crux]   Translation error in replicate/776d13b1::f[0]: ill-typed assignment of VectorRepr (BVRepr 8) to AnyRepr (TyAdt crucible/6eda2caa::vector[0]::Vector[0]::_adtaddce72e1232152c[0] crucible/6eda2caa::vector[0]::Vector[0] (Substs [TyUint B8])) LBase (Var {_varname = "_1", _varmut = Immut, _varty = TyAdt crucible/6eda2caa::vector[0]::Vector[0]::_adtaddce72e1232152c[0] crucible/6eda2caa::vector[0]::Vector[0] (Substs [TyUint B8]), _varIsZST = False})
        
        [Crux] Overall status: Invalid.
        
        Use -p '/replicate/' to rerun this test only.
      as_slice:                  [0KFAIL (2.11s)
        files test/symb_eval/vector/as_slice.good and test/symb_eval/vector/as_slice.out differ; test/symb_eval/vector/as_slice.out contains:
        test as_slice/a27e71ac::f[0]: FAILED
        
        failures:
        
        ---- as_slice/a27e71ac::f[0] counterexamples ----
        [Crux] Found counterexample for verification goal
        [Crux]   internal: error: in as_slice/a27e71ac::f[0]
        [Crux]   Translation error in as_slice/a27e71ac::f[0]: ill-typed assignment of VectorRepr (BVRepr 8) to AnyRepr (TyAdt crucible/6eda2caa::vector[0]::Vector[0]::_adtaddce72e1232152c[0] crucible/6eda2caa::vector[0]::Vector[0] (Substs [TyUint B8])) LBase (Var {_varname = "_3", _varmut = Mut, _varty = TyAdt crucible/6eda2caa::vector[0]::Vector[0]::_adtaddce72e1232152c[0] crucible/6eda2caa::vector[0]::Vector[0] (Substs [TyUint B8]), _varIsZST = False})
        
        [Crux] Overall status: Invalid.
        
        Use -p '/as_slice/' to rerun this test only.
      array_mut:                 [0KFAIL (2.06s)
        files test/symb_eval/mux/array_mut.good and test/symb_eval/mux/array_mut.out differ; test/symb_eval/mux/array_mut.out contains:
        test array_mut/57ba5703::crux_test[0]: FAILED
        
        failures:
        
        ---- array_mut/57ba5703::crux_test[0] counterexamples ----
        [Crux] Found counterexample for verification goal
        [Crux]   internal: error: in crucible/6eda2caa::symbolic[0]::symbolic_u8[0]
        [Crux]   panicking::panic_fmt, called from crucible/6eda2caa::symbolic[0]::symbolic_u8[0]
        
        [Crux] Overall status: Invalid.
        
        Use -p '/array_mut/' to rerun this test only.
      array:                     [0KFAIL (2.27s)
        files test/symb_eval/mux/array.good and test/symb_eval/mux/array.out differ; test/symb_eval/mux/array.out contains:
        test array/0ee8d2fc::crux_test[0]: FAILED
        
        failures:
        
        ---- array/0ee8d2fc::crux_test[0] counterexamples ----
        [Crux] Found counterexample for verification goal
        [Crux]   internal: error: in crucible/6eda2caa::symbolic[0]::symbolic_u8[0]
        [Crux]   panicking::panic_fmt, called from crucible/6eda2caa::symbolic[0]::symbolic_u8[0]
        
        [Crux] Overall status: Invalid.
        
        Use -p '$0=="crux-mir.crux symbolic.Output testing.array"' to rerun this test only.
      extend_bytes:              [0KFAIL (2.17s)
        files test/symb_eval/bytes/extend_bytes.good and test/symb_eval/bytes/extend_bytes.out differ; test/symb_eval/bytes/extend_bytes.out contains:
        test extend_bytes/3e4d1139::f[0]: FAILED
        
        failures:
        
        ---- extend_bytes/3e4d1139::f[0] counterexamples ----
        [Crux] Found counterexample for verification goal
        [Crux]   lib/bytes.rs:73:40: 73:43: error: in bytes/312a3ac0::{impl#1}[0]::with_capacity[0]
        [Crux]   Translation error in bytes/312a3ac0::{impl#1}[0]::with_capacity[0]: ill-typed assignment of VectorRepr (BVRepr 8) to AnyRepr (TyAdt crucible/6eda2caa::vector[0]::Vector[0]::_adtaddce72e1232152c[0] crucible/6eda2caa::vector[0]::Vector[0] (Substs [TyUint B8])) LBase (Var {_varname = "_2", _varmut = Mut, _varty = TyAdt crucible/6eda2caa::vector[0]::Vector[0]::_adtaddce72e1232152c[0] crucible/6eda2caa::vector[0]::Vector[0] (Substs [TyUint B8]), _varIsZST = False})
        
        [Crux] Overall status: Invalid.
        
        Use -p '/extend_bytes/' to rerun this test only.
      put:                       [0KFAIL (2.58s)
        files test/symb_eval/bytes/put.good and test/symb_eval/bytes/put.out differ; test/symb_eval/bytes/put.out contains:
        test put/da785c5a::f[0]: FAILED
        
        failures:
        
        ---- put/da785c5a::f[0] counterexamples ----
        [Crux] Found counterexample for verification goal
        [Crux]   lib/bytes.rs:73:40: 73:43: error: in bytes/312a3ac0::{impl#1}[0]::with_capacity[0]
        [Crux]   Translation error in bytes/312a3ac0::{impl#1}[0]::with_capacity[0]: ill-typed assignment of VectorRepr (BVRepr 8) to AnyRepr (TyAdt crucible/6eda2caa::vector[0]::Vector[0]::_adtaddce72e1232152c[0] crucible/6eda2caa::vector[0]::Vector[0] (Substs [TyUint B8])) LBase (Var {_varname = "_2", _varmut = Mut, _varty = TyAdt crucible/6eda2caa::vector[0]::Vector[0]::_adtaddce72e1232152c[0] crucible/6eda2caa::vector[0]::Vector[0] (Substs [TyUint B8]), _varIsZST = False})
        
        [Crux] Overall status: Invalid.
        
        Use -p '$0=="crux-mir.crux symbolic.Output testing.put"' to rerun this test only.
      split_to:                  [0KFAIL (2.58s)
        files test/symb_eval/bytes/split_to.good and test/symb_eval/bytes/split_to.out differ; test/symb_eval/bytes/split_to.out contains:
        test split_to/99272bb6::f[0]: FAILED
        
        failures:
        
        ---- split_to/99272bb6::f[0] counterexamples ----
        [Crux] Found counterexample for verification goal
        [Crux]   lib/bytes.rs:73:40: 73:43: error: in bytes/312a3ac0::{impl#1}[0]::with_capacity[0]
        [Crux]   Translation error in bytes/312a3ac0::{impl#1}[0]::with_capacity[0]: ill-typed assignment of VectorRepr (BVRepr 8) to AnyRepr (TyAdt crucible/6eda2caa::vector[0]::Vector[0]::_adtaddce72e1232152c[0] crucible/6eda2caa::vector[0]::Vector[0] (Substs [TyUint B8])) LBase (Var {_varname = "_2", _varmut = Mut, _varty = TyAdt crucible/6eda2caa::vector[0]::Vector[0]::_adtaddce72e1232152c[0] crucible/6eda2caa::vector[0]::Vector[0] (Substs [TyUint B8]), _varIsZST = False})
        
        [Crux] Overall status: Invalid.
        
        Use -p '/split_to/' to rerun this test only.
      new:                       [0KFAIL (2.16s)
        files test/symb_eval/bytes/new.good and test/symb_eval/bytes/new.out differ; test/symb_eval/bytes/new.out contains:
        test new/6f028dc4::f[0]: FAILED
        
        failures:
        
        ---- new/6f028dc4::f[0] counterexamples ----
        [Crux] Found counterexample for verification goal
        [Crux]   lib/bytes.rs:73:40: 73:43: error: in bytes/312a3ac0::{impl#1}[0]::with_capacity[0]
        [Crux]   Translation error in bytes/312a3ac0::{impl#1}[0]::with_capacity[0]: ill-typed assignment of VectorRepr (BVRepr 8) to AnyRepr (TyAdt crucible/6eda2caa::vector[0]::Vector[0]::_adtaddce72e1232152c[0] crucible/6eda2caa::vector[0]::Vector[0] (Substs [TyUint B8])) LBase (Var {_varname = "_2", _varmut = Mut, _varty = TyAdt crucible/6eda2caa::vector[0]::Vector[0]::_adtaddce72e1232152c[0] crucible/6eda2caa::vector[0]::Vector[0] (Substs [TyUint B8]), _varIsZST = False})
        
        [Crux] Overall status: Invalid.
        
        Use -p '$0=="crux-mir.crux symbolic.Output testing.new"' to rerun this test only.
      split_off:                 [0KFAIL (2.59s)
        files test/symb_eval/bytes/split_off.good and test/symb_eval/bytes/split_off.out differ; test/symb_eval/bytes/split_off.out contains:
        test split_off/4bbd6335::f[0]: FAILED
        
        failures:
        
        ---- split_off/4bbd6335::f[0] counterexamples ----
        [Crux] Found counterexample for verification goal
        [Crux]   lib/bytes.rs:73:40: 73:43: error: in bytes/312a3ac0::{impl#1}[0]::with_capacity[0]
        [Crux]   Translation error in bytes/312a3ac0::{impl#1}[0]::with_capacity[0]: ill-typed assignment of VectorRepr (BVRepr 8) to AnyRepr (TyAdt crucible/6eda2caa::vector[0]::Vector[0]::_adtaddce72e1232152c[0] crucible/6eda2caa::vector[0]::Vector[0] (Substs [TyUint B8])) LBase (Var {_varname = "_2", _varmut = Mut, _varty = TyAdt crucible/6eda2caa::vector[0]::Vector[0]::_adtaddce72e1232152c[0] crucible/6eda2caa::vector[0]::Vector[0] (Substs [TyUint B8]), _varIsZST = False})
        
        [Crux] Overall status: Invalid.
        
        Use -p '/split_off/' to rerun this test only.
      sym_len:                   [0KFAIL (2.72s)
        files test/symb_eval/bytes/sym_len.good and test/symb_eval/bytes/sym_len.out differ; test/symb_eval/bytes/sym_len.out contains:
        test sym_len/c70884d6::f[0]: FAILED
        
        failures:
        
        ---- sym_len/c70884d6::f[0] counterexamples ----
        [Crux] Found counterexample for verification goal
        [Crux]   lib/bytes.rs:73:40: 73:43: error: in bytes/312a3ac0::{impl#1}[0]::with_capacity[0]
        [Crux]   Translation error in bytes/312a3ac0::{impl#1}[0]::with_capacity[0]: ill-typed assignment of VectorRepr (BVRepr 8) to AnyRepr (TyAdt crucible/6eda2caa::vector[0]::Vector[0]::_adtaddce72e1232152c[0] crucible/6eda2caa::vector[0]::Vector[0] (Substs [TyUint B8])) LBase (Var {_varname = "_2", _varmut = Mut, _varty = TyAdt crucible/6eda2caa::vector[0]::Vector[0]::_adtaddce72e1232152c[0] crucible/6eda2caa::vector[0]::Vector[0] (Substs [TyUint B8]), _varIsZST = False})
        
        [Crux] Overall status: Invalid.
        
        Use -p '/sym_len/' to rerun this test only.
      put_overflow:              [0KFAIL (2.56s)
        files test/symb_eval/bytes/put_overflow.good and test/symb_eval/bytes/put_overflow.out differ; test/symb_eval/bytes/put_overflow.out contains:
        test put_overflow/26c5f05d::f[0]: FAILED
        
        failures:
        
        ---- put_overflow/26c5f05d::f[0] counterexamples ----
        [Crux] Found counterexample for verification goal
        [Crux]   lib/bytes.rs:73:40: 73:43: error: in bytes/312a3ac0::{impl#1}[0]::with_capacity[0]
        [Crux]   Translation error in bytes/312a3ac0::{impl#1}[0]::with_capacity[0]: ill-typed assignment of VectorRepr (BVRepr 8) to AnyRepr (TyAdt crucible/6eda2caa::vector[0]::Vector[0]::_adtaddce72e1232152c[0] crucible/6eda2caa::vector[0]::Vector[0] (Substs [TyUint B8])) LBase (Var {_varname = "_2", _varmut = Mut, _varty = TyAdt crucible/6eda2caa::vector[0]::Vector[0]::_adtaddce72e1232152c[0] crucible/6eda2caa::vector[0]::Vector[0] (Substs [TyUint B8]), _varIsZST = False})
        
        [Crux] Overall status: Invalid.
        
        Use -p '/put_overflow/' to rerun this test only.
      vec_cursor_read:           FAIL (2.52s)
        test/symb_eval/io/vec_cursor_read.out: withFile: user error (JSON Decoding of test/symb_eval/io/vec_cursor_read.all.mir failed: Error in $.statics[60].rendered: parseJSON - bad rendered constant kind: Just (String "slice"))
        Use -p '/vec_cursor_read/' to rerun this test only.
      vec_write:                 FAIL (2.54s)
        standalone use of `dyn` is not supported: TyDynamic core/5a1f6960::error[0]::Error[0]::_trait56353a7b840403b4[0]
        CallStack (from HasCallStack):
          error, called at src/Mir/TransTy.hs:225:25 in crucible-mir-0.1-inplace:Mir.TransTy
          tyToRepr, called at src/Mir/Trans.hs:815:12 in crucible-mir-0.1-inplace:Mir.Trans
          evalCast', called at src/Mir/Trans.hs:883:5 in crucible-mir-0.1-inplace:Mir.Trans
          evalCast, called at src/Mir/Trans.hs:935:30 in crucible-mir-0.1-inplace:Mir.Trans
          evalRval, called at src/Mir/Trans.hs:1147:11 in crucible-mir-0.1-inplace:Mir.Trans
          transStatement, called at src/Mir/Trans.hs:1746:68 in crucible-mir-0.1-inplace:Mir.Trans
          translateBlockBody, called at src/Mir/Trans.hs:1755:28 in crucible-mir-0.1-inplace:Mir.Trans
          registerBlock, called at src/Mir/Trans.hs:1795:10 in crucible-mir-0.1-inplace:Mir.Trans
          genFn, called at src/Mir/Trans.hs:1841:24 in crucible-mir-0.1-inplace:Mir.Trans
          transDefine, called at src/Mir/Trans.hs:2275:30 in crucible-mir-0.1-inplace:Mir.Trans
          transCollection, called at src/Mir/ParseTranslate.hs:77:26 in crucible-mir-0.1-inplace:Mir.ParseTranslate
          translateMIR, called at src/Mir/Language.hs:255:16 in crux-mir-0.6.0.99-inplace:Mir.Language
        Use -p '/vec_write/' to rerun this test only.
      write:                     FAIL
        test/symb_eval/byteorder/write.out: withFile: user error (Error 101 while running mir-json on test/symb_eval/byteorder/write.rs)
        Use -p '/Output testing.write/' to rerun this test only.
      read:                      FAIL
        test/symb_eval/byteorder/read.out: withFile: user error (Error 101 while running mir-json on test/symb_eval/byteorder/read.rs)
        Use -p '/Output testing.read/' to rerun this test only.
      slice_mut:                 [0KFAIL (2.12s)
        files test/symb_eval/array/slice_mut.good and test/symb_eval/array/slice_mut.out differ; test/symb_eval/array/slice_mut.out contains:
        test slice_mut/9abd2b5d::crux_test[0]: FAILED
        
        failures:
        
        ---- slice_mut/9abd2b5d::crux_test[0] counterexamples ----
        [Crux] Found counterexample for verification goal
        [Crux]   internal: error: in slice_mut/9abd2b5d::crux_test[0]
        [Crux]   Translation error in slice_mut/9abd2b5d::crux_test[0]: ill-typed assignment of SymbolicArrayRepr [BaseBVRepr 32] (BaseBVRepr 32) to AnyRepr (TyAdt crucible/6eda2caa::array[0]::Array[0]::_adt1e2825177cd3b608[0] crucible/6eda2caa::array[0]::Array[0] (Substs [TyInt B32])) LBase (Var {_varname = "_1", _varmut = Mut, _varty = TyAdt crucible/6eda2caa::array[0]::Array[0]::_adt1e2825177cd3b608[0] crucible/6eda2caa::array[0]::Array[0] (Substs [TyInt B32]), _varIsZST = False})
        
        [Crux] Overall status: Invalid.
        
        Use -p '/slice_mut/' to rerun this test only.
      basic:                     [0KFAIL (2.10s)
        files test/symb_eval/array/basic.good and test/symb_eval/array/basic.out differ; test/symb_eval/array/basic.out contains:
        test basic/79cad869::crux_test[0]: FAILED
        
        failures:
        
        ---- basic/79cad869::crux_test[0] counterexamples ----
        [Crux] Found counterexample for verification goal
        [Crux]   internal: error: in basic/79cad869::crux_test[0]
        [Crux]   Translation error in basic/79cad869::crux_test[0]: ill-typed assignment of SymbolicArrayRepr [BaseBVRepr 32] (BaseBVRepr 32) to AnyRepr (TyAdt crucible/6eda2caa::array[0]::Array[0]::_adt1e2825177cd3b608[0] crucible/6eda2caa::array[0]::Array[0] (Substs [TyInt B32])) LBase (Var {_varname = "_1", _varmut = Immut, _varty = TyAdt crucible/6eda2caa::array[0]::Array[0]::_adt1e2825177cd3b608[0] crucible/6eda2caa::array[0]::Array[0] (Substs [TyInt B32]), _varIsZST = False})
        
        [Crux] Overall status: Invalid.
        
        Use -p '/Output testing.basic/' to rerun this test only.
      slice:                     [0KFAIL (2.20s)
        files test/symb_eval/array/slice.good and test/symb_eval/array/slice.out differ; test/symb_eval/array/slice.out contains:
        test slice/0e7bff2f::crux_test[0]: FAILED
        
        failures:
        
        ---- slice/0e7bff2f::crux_test[0] counterexamples ----
        [Crux] Found counterexample for verification goal
        [Crux]   internal: error: in slice/0e7bff2f::crux_test[0]
        [Crux]   Translation error in slice/0e7bff2f::crux_test[0]: ill-typed assignment of SymbolicArrayRepr [BaseBVRepr 32] (BaseBVRepr 32) to AnyRepr (TyAdt crucible/6eda2caa::array[0]::Array[0]::_adt1e2825177cd3b608[0] crucible/6eda2caa::array[0]::Array[0] (Substs [TyInt B32])) LBase (Var {_varname = "_1", _varmut = Mut, _varty = TyAdt crucible/6eda2caa::array[0]::Array[0]::_adt1e2825177cd3b608[0] crucible/6eda2caa::array[0]::Array[0] (Substs [TyInt B32]), _varIsZST = False})
        
        [Crux] Overall status: Invalid.
        
        Use -p '$0=="crux-mir.crux symbolic.Output testing.slice"' to rerun this test only.
      mux_slice:                 [0KFAIL (2.16s)
        files test/symb_eval/array/mux_slice.good and test/symb_eval/array/mux_slice.out differ; test/symb_eval/array/mux_slice.out contains:
        test mux_slice/508aacc9::crux_test[0]: FAILED
        
        failures:
        
        ---- mux_slice/508aacc9::crux_test[0] counterexamples ----
        [Crux] Found counterexample for verification goal
        [Crux]   internal: error: in mux_slice/508aacc9::crux_test[0]
        [Crux]   Translation error in mux_slice/508aacc9::crux_test[0]: ill-typed assignment of SymbolicArrayRepr [BaseBVRepr 32] (BaseBVRepr 32) to AnyRepr (TyAdt crucible/6eda2caa::array[0]::Array[0]::_adt1e2825177cd3b608[0] crucible/6eda2caa::array[0]::Array[0] (Substs [TyInt B32])) LBase (Var {_varname = "_1", _varmut = Mut, _varty = TyAdt crucible/6eda2caa::array[0]::Array[0]::_adt1e2825177cd3b608[0] crucible/6eda2caa::array[0]::Array[0] (Substs [TyInt B32]), _varIsZST = False})
        
        [Crux] Overall status: Invalid.
        
        Use -p '/mux_slice/' to rerun this test only.
      mux:                       [0KFAIL (2.12s)
        files test/symb_eval/enum/mux.good and test/symb_eval/enum/mux.out differ; test/symb_eval/enum/mux.out contains:
        test mux/2bd00921::test[0]: FAILED
        
        failures:
        
        ---- mux/2bd00921::test[0] counterexamples ----
        [Crux] Found counterexample for verification goal
        [Crux]   internal: error: in crucible/6eda2caa::symbolic[0]::symbolic_u8[0]
        [Crux]   panicking::panic_fmt, called from crucible/6eda2caa::symbolic[0]::symbolic_u8[0]
        
        [Crux] Overall status: Invalid.
        
        Use -p '$0=="crux-mir.crux symbolic.Output testing.mux"' to rerun this test only.
      uninit_read:               [0KFAIL (2.23s)
        files test/symb_eval/alloc/uninit_read.good and test/symb_eval/alloc/uninit_read.out differ; test/symb_eval/alloc/uninit_read.out contains:
        test uninit_read/e9c1be4c::crux_test[0]: FAILED
        
        failures:
        
        ---- uninit_read/e9c1be4c::crux_test[0] counterexamples ----
        [Crux] Found counterexample for verification goal
        [Crux]   test/symb_eval/alloc/uninit_read.rs:9:9: 9:23: error: in uninit_read/e9c1be4c::crux_test[0]
        [Crux]   Attempted to read uninitialized vector index
        [Crux] Found counterexample for verification goal
        [Crux]   test/symb_eval/alloc/uninit_read.rs:9:9: 9:23: error: in uninit_read/e9c1be4c::crux_test[0]
        [Crux]   attempted to read empty mux tree
        
        [Crux] Overall status: Invalid.
        
        Use -p '/uninit_read/' to rerun this test only.
      valid_read:                [0KFAIL (2.19s)
        files test/symb_eval/alloc/valid_read.good and test/symb_eval/alloc/valid_read.out differ; test/symb_eval/alloc/valid_read.out contains:
        test valid_read/b81b29bc::crux_test[0]: FAILED
        
        failures:
        
        ---- valid_read/b81b29bc::crux_test[0] counterexamples ----
        [Crux] Found counterexample for verification goal
        [Crux]   /home/rscott/Documents/Hacking/Haskell/sandbox/crucible/crux-mir/lib/core/src/num/int_macros.rs:460:54: 460:57 !/home/rscott/Documents/Hacking/Haskell/sandbox/crucible/crux-mir/lib/core/src/num/mod.rs:293:5: 298:27: error: in core/5a1f6960::num[0]::{impl#6}[0]::unchecked_add[0]
        [Crux]   Translation error in core/5a1f6960::num[0]::{impl#6}[0]::unchecked_add[0]: callExp: Don't know how to call core/5a1f6960::intrinsics[0]::{extern#0}[0]::unchecked_add[0]::_inste14122fababf7d68[0]
        
        [Crux] Overall status: Invalid.
        
        Use -p '/valid_read/' to rerun this test only.
      out_of_bounds:             [0KFAIL (2.17s)
        files test/symb_eval/alloc/out_of_bounds.good and test/symb_eval/alloc/out_of_bounds.out differ; test/symb_eval/alloc/out_of_bounds.out contains:
        test out_of_bounds/a4641c13::crux_test[0]: FAILED
        
        failures:
        
        ---- out_of_bounds/a4641c13::crux_test[0] counterexamples ----
        [Crux] Found counterexample for verification goal
        [Crux]   /home/rscott/Documents/Hacking/Haskell/sandbox/crucible/crux-mir/lib/core/src/num/int_macros.rs:460:54: 460:57 !/home/rscott/Documents/Hacking/Haskell/sandbox/crucible/crux-mir/lib/core/src/num/mod.rs:293:5: 298:27: error: in core/5a1f6960::num[0]::{impl#6}[0]::unchecked_add[0]
        [Crux]   Translation error in core/5a1f6960::num[0]::{impl#6}[0]::unchecked_add[0]: callExp: Don't know how to call core/5a1f6960::intrinsics[0]::{extern#0}[0]::unchecked_add[0]::_inste14122fababf7d68[0]
        
        [Crux] Overall status: Invalid.
        
        Use -p '/out_of_bounds/' to rerun this test only.
      zero_length:               [0KFAIL (2.05s)
        files test/symb_eval/alloc/zero_length.good and test/symb_eval/alloc/zero_length.out differ; test/symb_eval/alloc/zero_length.out contains:
        test zero_length/a53db669::crux_test[0]: ok
        
        [Crux] Overall status: Valid.
        
        Use -p '/zero_length/' to rerun this test only.
      downcast:                  [0KFAIL (2.06s)
        files test/symb_eval/any/downcast.good and test/symb_eval/any/downcast.out differ; test/symb_eval/any/downcast.out contains:
        test downcast/cc755b1e::crux_test[0]: returned 1, ok
        
        [Crux] Overall status: Valid.
        
        Use -p '$0=="crux-mir.crux symbolic.Output testing.downcast"' to rerun this test only.
      downcast_fail:             [0KFAIL (2.11s)
        files test/symb_eval/any/downcast_fail.good and test/symb_eval/any/downcast_fail.out differ; test/symb_eval/any/downcast_fail.out contains:
        test downcast_fail/adccf677::crux_test[0]: FAILED
        
        failures:
        
        ---- downcast_fail/adccf677::crux_test[0] counterexamples ----
        [Crux] Found counterexample for verification goal
        [Crux]   test/symb_eval/any/downcast_fail.rs:10:14: 10:15: error: in downcast_fail/adccf677::crux_test[0]
        [Crux]   failed to downcast Any as BVRepr 32
        
        [Crux] Overall status: Invalid.
        
        Use -p '/downcast_fail/' to rerun this test only.
      conditional:               FAIL (0.05s)
        test/symb_eval/any/conditional.out: withFile: user error (Error 101 while running mir-json on test/symb_eval/any/conditional.rs)
        Use -p '/conditional/' to rerun this test only.
      literals:                  [0KFAIL (2.10s)
        files test/symb_eval/bitvector/literals.good and test/symb_eval/bitvector/literals.out differ; test/symb_eval/bitvector/literals.out contains:
        test literals/bc9c2ca9::crux_test[0]: FAILED
        
        failures:
        
        ---- literals/bc9c2ca9::crux_test[0] counterexamples ----
        [Crux] Found counterexample for verification goal
        [Crux]   /home/rscott/Documents/Hacking/Haskell/sandbox/crucible/crux-mir/lib/crucible/bitvector.rs:91:29: 91:30 !/home/rscott/Documents/Hacking/Haskell/sandbox/crucible/crux-mir/lib/crucible/bitvector.rs:125:1: 125:53: error: in crucible/6eda2caa::bitvector[0]::{impl#27}[0]::from[0]::_inst9ea2f935eda83dab[0]
        [Crux]   Translation error in crucible/6eda2caa::bitvector[0]::{impl#27}[0]::from[0]::_inst9ea2f935eda83dab[0]: BUG: invalid arguments to bv_convert: [$38: AnyRepr]
        
        [Crux] Overall status: Invalid.
        
        Use -p '/literals/' to rerun this test only.
      arith:                     [0KFAIL (2.16s)
        files test/symb_eval/bitvector/arith.good and test/symb_eval/bitvector/arith.out differ; test/symb_eval/bitvector/arith.out contains:
        test arith/58d00074::crux_test[0]: FAILED
        
        failures:
        
        ---- arith/58d00074::crux_test[0] counterexamples ----
        [Crux] Found counterexample for verification goal
        [Crux]   internal: error: in crucible/6eda2caa::symbolic[0]::symbolic_u64[0]
        [Crux]   panicking::panic_fmt, called from crucible/6eda2caa::symbolic[0]::symbolic_u64[0]
        
        [Crux] Overall status: Invalid.
        
        Use -p '/Output testing.arith/' to rerun this test only.
      leading_zeros:             [0KFAIL (2.16s)
        files test/symb_eval/bitvector/leading_zeros.good and test/symb_eval/bitvector/leading_zeros.out differ; test/symb_eval/bitvector/leading_zeros.out contains:
        test leading_zeros/5d113916::crux_test[0]: FAILED
        
        failures:
        
        ---- leading_zeros/5d113916::crux_test[0] counterexamples ----
        [Crux] Found counterexample for verification goal
        [Crux]   internal: error: in crucible/6eda2caa::symbolic[0]::symbolic_u64[0]
        [Crux]   panicking::panic_fmt, called from crucible/6eda2caa::symbolic[0]::symbolic_u64[0]
        
        [Crux] Overall status: Invalid.
        
        Use -p '/leading_zeros/' to rerun this test only.
      overflowing_sub:           [0KFAIL (2.07s)
        files test/symb_eval/bitvector/overflowing_sub.good and test/symb_eval/bitvector/overflowing_sub.out differ; test/symb_eval/bitvector/overflowing_sub.out contains:
        test overflowing_sub/0e7bfc8b::crux_test[0]: FAILED
        
        failures:
        
        ---- overflowing_sub/0e7bfc8b::crux_test[0] counterexamples ----
        [Crux] Found counterexample for verification goal
        [Crux]   internal: error: in crucible/6eda2caa::symbolic[0]::symbolic_u64[0]
        [Crux]   panicking::panic_fmt, called from crucible/6eda2caa::symbolic[0]::symbolic_u64[0]
        
        [Crux] Overall status: Invalid.
        
        Use -p '/overflowing_sub/' to rerun this test only.
      cmp:                       [0KFAIL (2.14s)
        files test/symb_eval/bitvector/cmp.good and test/symb_eval/bitvector/cmp.out differ; test/symb_eval/bitvector/cmp.out contains:
        test cmp/de4d4043::crux_test[0]: FAILED
        
        failures:
        
        ---- cmp/de4d4043::crux_test[0] counterexamples ----
        [Crux] Found counterexample for verification goal
        [Crux]   internal: error: in crucible/6eda2caa::symbolic[0]::symbolic_u64[0]
        [Crux]   panicking::panic_fmt, called from crucible/6eda2caa::symbolic[0]::symbolic_u64[0]
        
        [Crux] Overall status: Invalid.
        
        Use -p '/Output testing.cmp/' to rerun this test only.
      symbolic:                  [0KFAIL (2.00s)
        files test/symb_eval/bitvector/symbolic.good and test/symb_eval/bitvector/symbolic.out differ; test/symb_eval/bitvector/symbolic.out contains:
        test symbolic/6a0ffa6e::crux_test[0]: FAILED
        
        failures:
        
        ---- symbolic/6a0ffa6e::crux_test[0] counterexamples ----
        [Crux] Found counterexample for verification goal
        [Crux]   internal: error: in crucible/6eda2caa::bitvector[0]::make_symbolic_256[0]
        [Crux]   panicking::panic, called from crucible/6eda2caa::bitvector[0]::make_symbolic_256[0]
        
        [Crux] Overall status: Invalid.
        
        Use -p '/Output testing.symbolic/' to rerun this test only.
      from_to:                   [0KFAIL (2.04s)
        files test/symb_eval/bitvector/from_to.good and test/symb_eval/bitvector/from_to.out differ; test/symb_eval/bitvector/from_to.out contains:
        test from_to/dcb07b82::crux_test[0]: FAILED
        
        failures:
        
        ---- from_to/dcb07b82::crux_test[0] counterexamples ----
        [Crux] Found counterexample for verification goal
        [Crux]   /home/rscott/Documents/Hacking/Haskell/sandbox/crucible/crux-mir/lib/crucible/bitvector.rs:103:29: 103:30 !/home/rscott/Documents/Hacking/Haskell/sandbox/crucible/crux-mir/lib/crucible/bitvector.rs:125:1: 125:53: error: in crucible/6eda2caa::bitvector[0]::{impl#21}[0]::from[0]::_inst9ea2f935eda83dab[0]
        [Crux]   Translation error in crucible/6eda2caa::bitvector[0]::{impl#21}[0]::from[0]::_inst9ea2f935eda83dab[0]: BUG: invalid arguments to bv_convert: [$34: BVRepr 64]
        
        [Crux] Overall status: Invalid.
        
        Use -p '/from_to/' to rerun this test only.
      clone:                     [0KFAIL (2.23s)
        files test/symb_eval/vec/clone.good and test/symb_eval/vec/clone.out differ; test/symb_eval/vec/clone.out contains:
        test clone/dfc182b4::f[0]: FAILED
        
        failures:
        
        ---- clone/dfc182b4::f[0] counterexamples ----
        [Crux] Found counterexample for verification goal
        [Crux]   /home/rscott/Documents/Hacking/Haskell/sandbox/crucible/crux-mir/lib/core/src/ptr/alignment.rs:89:53: 89:58: error: in core/5a1f6960::ptr[0]::alignment[0]::{impl#0}[0]::new_unchecked[0]
        [Crux]   Translation error in core/5a1f6960::ptr[0]::alignment[0]::{impl#0}[0]::new_unchecked[0]: callExp: Don't know how to call core/5a1f6960::intrinsics[0]::{extern#0}[0]::transmute[0]::_instfab2666815496a23[0]
        
        [Crux] Overall status: Invalid.
        
        Use -p '/Output testing.clone/' to rerun this test only.
      sort_by_key:               [0KFAIL (3.08s)
        files test/symb_eval/vec/sort_by_key.good and test/symb_eval/vec/sort_by_key.out differ; test/symb_eval/vec/sort_by_key.out contains:
        test sort_by_key/ea977c8a::f[0]: FAILED
        
        failures:
        
        ---- sort_by_key/ea977c8a::f[0] counterexamples ----
        [Crux] Found counterexample for verification goal
        [Crux]   /home/rscott/Documents/Hacking/Haskell/sandbox/crucible/crux-mir/lib/core/src/ptr/alignment.rs:89:53: 89:58: error: in core/5a1f6960::ptr[0]::alignment[0]::{impl#0}[0]::new_unchecked[0]
        [Crux]   Translation error in core/5a1f6960::ptr[0]::alignment[0]::{impl#0}[0]::new_unchecked[0]: callExp: Don't know how to call core/5a1f6960::intrinsics[0]::{extern#0}[0]::transmute[0]::_instfab2666815496a23[0]
        
        [Crux] Overall status: Invalid.
        
        Use -p '/sort_by_key/' to rerun this test only.
      into_iter:                 [0KFAIL (2.90s)
        files test/symb_eval/vec/into_iter.good and test/symb_eval/vec/into_iter.out differ; test/symb_eval/vec/into_iter.out contains:
        test into_iter/e3aefb85::f[0]: FAILED
        
        failures:
        
        ---- into_iter/e3aefb85::f[0] counterexamples ----
        [Crux] Found counterexample for verification goal
        [Crux]   /home/rscott/Documents/Hacking/Haskell/sandbox/crucible/crux-mir/lib/core/src/ptr/alignment.rs:89:53: 89:58: error: in core/5a1f6960::ptr[0]::alignment[0]::{impl#0}[0]::new_unchecked[0]
        [Crux]   Translation error in core/5a1f6960::ptr[0]::alignment[0]::{impl#0}[0]::new_unchecked[0]: callExp: Don't know how to call core/5a1f6960::intrinsics[0]::{extern#0}[0]::transmute[0]::_instfab2666815496a23[0]
        
        [Crux] Overall status: Invalid.
        
        Use -p '/into_iter/' to rerun this test only.
      macro:                     [0KFAIL (2.30s)
        files test/symb_eval/vec/macro.good and test/symb_eval/vec/macro.out differ; test/symb_eval/vec/macro.out contains:
        test macro/e7284038::f[0]: FAILED
        
        failures:
        
        ---- macro/e7284038::f[0] counterexamples ----
        [Crux] Found counterexample for verification goal
        [Crux]   /home/rscott/Documents/Hacking/Haskell/sandbox/crucible/crux-mir/lib/core/src/ptr/alignment.rs:89:53: 89:58: error: in core/5a1f6960::ptr[0]::alignment[0]::{impl#0}[0]::new_unchecked[0]
        [Crux]   Translation error in core/5a1f6960::ptr[0]::alignment[0]::{impl#0}[0]::new_unchecked[0]: callExp: Don't know how to call core/5a1f6960::intrinsics[0]::{extern#0}[0]::transmute[0]::_instfab2666815496a23[0]
        
        [Crux] Overall status: Invalid.
        
        Use -p '/Output testing.macro/' to rerun this test only.
      construct:                 [0KFAIL (2.17s)
        files test/symb_eval/sym_bytes/construct.good and test/symb_eval/sym_bytes/construct.out differ; test/symb_eval/sym_bytes/construct.out contains:
        test construct/63aa86a0::crux_test[0]: FAILED
        
        failures:
        
        ---- construct/63aa86a0::crux_test[0] counterexamples ----
        [Crux] Found counterexample for verification goal
        [Crux]   internal: error: in crucible/6eda2caa::sym_bytes[0]::{impl#0}[0]::zeroed[0]
        [Crux]   Translation error in crucible/6eda2caa::sym_bytes[0]::{impl#0}[0]::zeroed[0]: ill-typed assignment of SymbolicArrayRepr [BaseBVRepr 32] (BaseBVRepr 8) to AnyRepr (TyAdt crucible/6eda2caa::array[0]::Array[0]::_adtaddce72e1232152c[0] crucible/6eda2caa::array[0]::Array[0] (Substs [TyUint B8])) LBase (Var {_varname = "_2", _varmut = Mut, _varty = TyAdt crucible/6eda2caa::array[0]::Array[0]::_adtaddce72e1232152c[0] crucible/6eda2caa::array[0]::Array[0] (Substs [TyUint B8]), _varIsZST = False})
        
        [Crux] Overall status: Invalid.
        
        Use -p '/construct/' to rerun this test only.
      deserialize:               [0KFAIL (2.23s)
        files test/symb_eval/sym_bytes/deserialize.good and test/symb_eval/sym_bytes/deserialize.out differ; test/symb_eval/sym_bytes/deserialize.out contains:
        test deserialize/40308d9e::crux_test[0]: FAILED
        
        failures:
        
        ---- deserialize/40308d9e::crux_test[0] counterexamples ----
        [Crux] Found counterexample for verification goal
        [Crux]   internal: error: in crucible/6eda2caa::array[0]::symbolic[0]::_instaddce72e1232152c[0]
        [Crux]   panicking::panic_fmt, called from crucible/6eda2caa::array[0]::symbolic[0]::_instaddce72e1232152c[0]
        
        [Crux] Overall status: Invalid.
        
        Use -p '/deserialize/' to rerun this test only.
  crux coverage
    Output testing
      coverage_dual:             warning: trailing semicolon in macro used in expression position
   --> src/main.rs:45:46
    |
45  |         return Err(format!($($args)*).into());
    |                                              ^
...
309 |         _ => die!("unknown tag {:?} for branch", tag),
    |              ---------------------------------------- in this macro invocation
    |
    = warning: this was previously accepted by the compiler but is being phased out; it will become a hard error in a future release!
    = note: for more information, see issue #79813 <https://github.com/rust-lang/rust/issues/79813>
    = note: `#[warn(semicolon_in_expressions_from_macros)]` on by default
    = note: this warning originates in the macro `die` (in Nightly builds, run with -Z macro-backtrace for more info)

[0K[0KOK (8.12s)
      coverage:                  warning: trailing semicolon in macro used in expression position
   --> src/main.rs:45:46
    |
45  |         return Err(format!($($args)*).into());
    |                                              ^
...
309 |         _ => die!("unknown tag {:?} for branch", tag),
    |              ---------------------------------------- in this macro invocation
    |
    = warning: this was previously accepted by the compiler but is being phased out; it will become a hard error in a future release!
    = note: for more information, see issue #79813 <https://github.com/rust-lang/rust/issues/79813>
    = note: `#[warn(semicolon_in_expressions_from_macros)]` on by default
    = note: this warning originates in the macro `die` (in Nightly builds, run with -Z macro-backtrace for more info)

[0KFAIL (2.28s)
        files test/coverage/coverage.good and test/coverage/coverage.out differ; test/coverage/coverage.out contains:
        warning: branch condition never has value true
             lib/core/src/fmt/mod.rs:400:12
            
        400          if pieces.len() < args.len() || pieces.len() > args.len() + 1 {
                        ^^^^^^^^^^^^^^^^^^^^^^^^^
        
        warning: branch condition never has value true
             lib/core/src/fmt/mod.rs:400:12
            
        400          if pieces.len() < args.len() || pieces.len() > args.len() + 1 {
                        ^^^^^^^^^^^^^^^^^^^^^^^^^^^^^^^^^^^^^^^^^^^^^^^^^^^^^^^^^^
        
        
        Use -p '$0=="crux-mir.crux coverage.Output testing.coverage"' to rerun this test only.
      coverage_try:              warning: trailing semicolon in macro used in expression position
   --> src/main.rs:45:46
    |
45  |         return Err(format!($($args)*).into());
    |                                              ^
...
309 |         _ => die!("unknown tag {:?} for branch", tag),
    |              ---------------------------------------- in this macro invocation
    |
    = warning: this was previously accepted by the compiler but is being phased out; it will become a hard error in a future release!
    = note: for more information, see issue #79813 <https://github.com/rust-lang/rust/issues/79813>
    = note: `#[warn(semicolon_in_expressions_from_macros)]` on by default
    = note: this warning originates in the macro `die` (in Nightly builds, run with -Z macro-backtrace for more info)

[0KFAIL (2.32s)
        files test/coverage/coverage_try.good and test/coverage/coverage_try.out differ; test/coverage/coverage_try.out contains:
        warning: branch condition never has value true
             lib/core/src/fmt/mod.rs:400:12
            
        400          if pieces.len() < args.len() || pieces.len() > args.len() + 1 {
                        ^^^^^^^^^^^^^^^^^^^^^^^^^
        
        warning: branch condition never has value true
             lib/core/src/fmt/mod.rs:400:12
            
        400          if pieces.len() < args.len() || pieces.len() > args.len() + 1 {
                        ^^^^^^^^^^^^^^^^^^^^^^^^^^^^^^^^^^^^^^^^^^^^^^^^^^^^^^^^^^
        
        
        Use -p '/coverage_try/' to rerun this test only.
      coverage_cond:             warning: trailing semicolon in macro used in expression position
   --> src/main.rs:45:46
    |
45  |         return Err(format!($($args)*).into());
    |                                              ^
...
309 |         _ => die!("unknown tag {:?} for branch", tag),
    |              ---------------------------------------- in this macro invocation
    |
    = warning: this was previously accepted by the compiler but is being phased out; it will become a hard error in a future release!
    = note: for more information, see issue #79813 <https://github.com/rust-lang/rust/issues/79813>
    = note: `#[warn(semicolon_in_expressions_from_macros)]` on by default
    = note: this warning originates in the macro `die` (in Nightly builds, run with -Z macro-backtrace for more info)

[0KOK (2.04s)
      coverage_loop:             warning: trailing semicolon in macro used in expression position
   --> src/main.rs:45:46
    |
45  |         return Err(format!($($args)*).into());
    |                                              ^
...
309 |         _ => die!("unknown tag {:?} for branch", tag),
    |              ---------------------------------------- in this macro invocation
    |
    = warning: this was previously accepted by the compiler but is being phased out; it will become a hard error in a future release!
    = note: for more information, see issue #79813 <https://github.com/rust-lang/rust/issues/79813>
    = note: `#[warn(semicolon_in_expressions_from_macros)]` on by default
    = note: this warning originates in the macro `die` (in Nightly builds, run with -Z macro-backtrace for more info)

[0KFAIL (2.19s)
        files test/coverage/coverage_loop.good and test/coverage/coverage_loop.out differ; test/coverage/coverage_loop.out contains:
        warning: branch condition never has value false
             /home/rscott/Documents/Hacking/Haskell/sandbox/crucible/crux-mir/lib/core/src/iter/range.rs:621:12
            
        621          if self.start < self.end {
                        ^^^^^^^^^^^^^^^^^^^^^
        
        
        Use -p '/coverage_loop/' to rerun this test only.
      coverage_shortcircuit:     warning: trailing semicolon in macro used in expression position
   --> src/main.rs:45:46
    |
45  |         return Err(format!($($args)*).into());
    |                                              ^
...
309 |         _ => die!("unknown tag {:?} for branch", tag),
    |              ---------------------------------------- in this macro invocation
    |
    = warning: this was previously accepted by the compiler but is being phased out; it will become a hard error in a future release!
    = note: for more information, see issue #79813 <https://github.com/rust-lang/rust/issues/79813>
    = note: `#[warn(semicolon_in_expressions_from_macros)]` on by default
    = note: this warning originates in the macro `die` (in Nightly builds, run with -Z macro-backtrace for more info)

[0KFAIL (2.21s)
        files test/coverage/coverage_shortcircuit.good and test/coverage/coverage_shortcircuit.out differ; test/coverage/coverage_shortcircuit.out contains:
        warning: branch condition never has value true
             lib/core/src/fmt/mod.rs:400:12
            
        400          if pieces.len() < args.len() || pieces.len() > args.len() + 1 {
                        ^^^^^^^^^^^^^^^^^^^^^^^^^
        
        warning: branch condition never has value true
             lib/core/src/fmt/mod.rs:400:12
            
        400          if pieces.len() < args.len() || pieces.len() > args.len() + 1 {
                        ^^^^^^^^^^^^^^^^^^^^^^^^^^^^^^^^^^^^^^^^^^^^^^^^^^^^^^^^^^
        
        
        Use -p '/coverage_shortcircuit/' to rerun this test only.
      coverage_mono:             warning: trailing semicolon in macro used in expression position
   --> src/main.rs:45:46
    |
45  |         return Err(format!($($args)*).into());
    |                                              ^
...
309 |         _ => die!("unknown tag {:?} for branch", tag),
    |              ---------------------------------------- in this macro invocation
    |
    = warning: this was previously accepted by the compiler but is being phased out; it will become a hard error in a future release!
    = note: for more information, see issue #79813 <https://github.com/rust-lang/rust/issues/79813>
    = note: `#[warn(semicolon_in_expressions_from_macros)]` on by default
    = note: this warning originates in the macro `die` (in Nightly builds, run with -Z macro-backtrace for more info)

[0KOK (1.99s)
      coverage_match:            warning: trailing semicolon in macro used in expression position
   --> src/main.rs:45:46
    |
45  |         return Err(format!($($args)*).into());
    |                                              ^
...
309 |         _ => die!("unknown tag {:?} for branch", tag),
    |              ---------------------------------------- in this macro invocation
    |
    = warning: this was previously accepted by the compiler but is being phased out; it will become a hard error in a future release!
    = note: for more information, see issue #79813 <https://github.com/rust-lang/rust/issues/79813>
    = note: `#[warn(semicolon_in_expressions_from_macros)]` on by default
    = note: this warning originates in the macro `die` (in Nightly builds, run with -Z macro-backtrace for more info)

[0KFAIL (2.13s)
        files test/coverage/coverage_match.good and test/coverage/coverage_match.out differ; test/coverage/coverage_match.out contains:
        warning: branch condition never has value true
             lib/core/src/fmt/mod.rs:400:12
            
        400          if pieces.len() < args.len() || pieces.len() > args.len() + 1 {
                        ^^^^^^^^^^^^^^^^^^^^^^^^^
        
        warning: branch condition never has value true
             lib/core/src/fmt/mod.rs:400:12
            
        400          if pieces.len() < args.len() || pieces.len() > args.len() + 1 {
                        ^^^^^^^^^^^^^^^^^^^^^^^^^^^^^^^^^^^^^^^^^^^^^^^^^^^^^^^^^^
        
        
        Use -p '/coverage_match/' to rerun this test only.
      coverage_macro:            warning: trailing semicolon in macro used in expression position
   --> src/main.rs:45:46
    |
45  |         return Err(format!($($args)*).into());
    |                                              ^
...
309 |         _ => die!("unknown tag {:?} for branch", tag),
    |              ---------------------------------------- in this macro invocation
    |
    = warning: this was previously accepted by the compiler but is being phased out; it will become a hard error in a future release!
    = note: for more information, see issue #79813 <https://github.com/rust-lang/rust/issues/79813>
    = note: `#[warn(semicolon_in_expressions_from_macros)]` on by default
    = note: this warning originates in the macro `die` (in Nightly builds, run with -Z macro-backtrace for more info)

[0KFAIL (2.13s)
        files test/coverage/coverage_macro.good and test/coverage/coverage_macro.out differ; test/coverage/coverage_macro.out contains:
        warning: branch condition never has value true
             lib/core/src/fmt/mod.rs:400:12
            
        400          if pieces.len() < args.len() || pieces.len() > args.len() + 1 {
                        ^^^^^^^^^^^^^^^^^^^^^^^^^
        
        warning: branch condition never has value true
             lib/core/src/fmt/mod.rs:400:12
            
        400          if pieces.len() < args.len() || pieces.len() > args.len() + 1 {
                        ^^^^^^^^^^^^^^^^^^^^^^^^^^^^^^^^^^^^^^^^^^^^^^^^^^^^^^^^^^
        
        
        Use -p '/coverage_macro/' to rerun this test only.

181 out of 339 tests failed (747.81s)
