Running scope as unit: run-rabc937d071ac43b59a95d19eca862da1.scope
Up to date
crux-mir
  crux concrete
    
      vec
        set_len:                 FAIL (3.44s)
          Compiling and running oracle program                           (0.91s)
          Oracle output: 2                                               (2.53s)
          Crux output: 
          failures:
          
          ---- set_len/19a6ca9c::crux_test[0] counterexamples ----
          [Crux] Found counterexample for verification goal
          [Crux]   /home/jlamar/prj/chainsaw/crucible/crux-mir/lib/core/src/num/uint_macros.rs:89:31: 89:47 !/home/jlamar/prj/chainsaw/crucible/crux-mir/lib/core/src/num/mod.rs:965:5: 970:27: error: in core/7ed35d8a::num[0]::{impl#12}[0]::count_ones[0]
          [Crux]   Translation error in core/7ed35d8a::num[0]::{impl#12}[0]::count_ones[0]: callExp: Don't know how to call core/7ed35d8a::intrinsics[0]::{extern#0}[0]::ctpop[0]::_inst11a9dd2a3cfdbd73[0]
          
          [Crux] Overall status: Invalid.
          
            test/Test.hs:126:
            crux doesn't match oracle
          
          Use -p '/set_len/' to rerun this test only.
        from_elem_zero:          FAIL (0.35s)
          Compiling and running oracle program (0.16s)
          Oracle output: 0                     (0.18s)
            user error (Error 101 while running mir-json on test/conc_eval/vec/from_elem_zero.rs)
          
          Use -p '/from_elem_zero/' to rerun this test only.
        extend:                  FAIL (1.77s)
          Compiling and running oracle program                           (0.20s)
          Oracle output: (1, 10)                                         (1.57s)
          Crux output: 
          failures:
          
          ---- extend/d078d8f4::crux_test[0] counterexamples ----
          [Crux] Found counterexample for verification goal
          [Crux]   lib/core/src/cmp.rs:1300:11: 1300:28: error: in core/7ed35d8a::cmp[0]::max_by[0]::_insta10905add4aa20a5[0]
          [Crux]   Translation error in core/7ed35d8a::cmp[0]::max_by[0]::_insta10905add4aa20a5[0]: illegal or unimplemented coercion from TyInt USize (concretely BVRepr 32) to TyInt B8
          
          [Crux] Overall status: Invalid.
          
            test/Test.hs:126:
            crux doesn't match oracle
          
          Use -p '$0=="crux-mir.crux concrete..vec.extend"' to rerun this test only.
        extend_trusted_len:      FAIL (1.82s)
          Compiling and running oracle program                           (0.16s)
          Oracle output: (1, 10)                                         (1.65s)
          Crux output: 
          failures:
          
          ---- extend_trusted_len/e53a641f::crux_test[0] counterexamples ----
          [Crux] Found counterexample for verification goal
          [Crux]   lib/core/src/cmp.rs:1300:11: 1300:28: error: in core/7ed35d8a::cmp[0]::max_by[0]::_insta10905add4aa20a5[0]
          [Crux]   Translation error in core/7ed35d8a::cmp[0]::max_by[0]::_insta10905add4aa20a5[0]: illegal or unimplemented coercion from TyInt USize (concretely BVRepr 32) to TyInt B8
          
          [Crux] Overall status: Invalid.
          
            test/Test.hs:126:
            crux doesn't match oracle
          
          Use -p '/extend_trusted_len/' to rerun this test only.
        collect:                 FAIL (1.91s)
          Compiling and running oracle program                           (0.15s)
          Oracle output: 45                                              (1.75s)
          Crux output: 
          failures:
          
          ---- collect/4f2b6e34::crux_test[0] counterexamples ----
          [Crux] Found counterexample for verification goal
          [Crux]   /home/jlamar/prj/chainsaw/crucible/crux-mir/lib/core/src/num/uint_macros.rs:89:31: 89:47 !/home/jlamar/prj/chainsaw/crucible/crux-mir/lib/core/src/num/mod.rs:965:5: 970:27: error: in core/7ed35d8a::num[0]::{impl#12}[0]::count_ones[0]
          [Crux]   Translation error in core/7ed35d8a::num[0]::{impl#12}[0]::count_ones[0]: callExp: Don't know how to call core/7ed35d8a::intrinsics[0]::{extern#0}[0]::ctpop[0]::_inst11a9dd2a3cfdbd73[0]
          
          [Crux] Overall status: Invalid.
          
            test/Test.hs:126:
            crux doesn't match oracle
          
          Use -p '/collect/' to rerun this test only.
        push:                    FAIL (1.57s)
          Compiling and running oracle program                           (0.14s)
          Oracle output: (1, 2)                                          (1.43s)
          Crux output: 
          failures:
          
          ---- push/0bc1f3e7::crux_test[0] counterexamples ----
          [Crux] Found counterexample for verification goal
          [Crux]   lib/core/src/cmp.rs:1300:11: 1300:28: error: in core/7ed35d8a::cmp[0]::max_by[0]::_insta10905add4aa20a5[0]
          [Crux]   Translation error in core/7ed35d8a::cmp[0]::max_by[0]::_insta10905add4aa20a5[0]: illegal or unimplemented coercion from TyInt USize (concretely BVRepr 32) to TyInt B8
          
          [Crux] Overall status: Invalid.
          
            test/Test.hs:126:
            crux doesn't match oracle
          
          Use -p '/vec.push/' to rerun this test only.
        drop:                    FAIL (1.17s)
          Compiling and running oracle program                           (0.14s)
          Oracle output: ()                                              (1.02s)
          Crux output: 
          failures:
          
          ---- drop/034551a4::crux_test[0] counterexamples ----
          [Crux] Found counterexample for verification goal
          [Crux]   /home/jlamar/prj/chainsaw/crucible/crux-mir/lib/core/src/num/uint_macros.rs:89:31: 89:47 !/home/jlamar/prj/chainsaw/crucible/crux-mir/lib/core/src/num/mod.rs:965:5: 970:27: error: in core/7ed35d8a::num[0]::{impl#12}[0]::count_ones[0]
          [Crux]   Translation error in core/7ed35d8a::num[0]::{impl#12}[0]::count_ones[0]: callExp: Don't know how to call core/7ed35d8a::intrinsics[0]::{extern#0}[0]::ctpop[0]::_inst11a9dd2a3cfdbd73[0]
          
          [Crux] Overall status: Invalid.
          
            test/Test.hs:126:
            crux doesn't match oracle
          
          Use -p '/drop/' to rerun this test only.
      dyn
        trait_param:             OK (1.03s)
          Compiling and running oracle program (0.14s)
          Oracle output: 100                   (0.89s)
          Crux output: 100
        inherit:                 FAIL (1.04s)
          Compiling and running oracle program                           (0.14s)
          Oracle output: 4                                               (0.90s)
          Crux output: 
          failures:
          
          ---- inherit/79188ef3::crux_test[0] counterexamples ----
          [Crux] Found counterexample for verification goal
          [Crux]   test/conc_eval/dyn/inherit.rs:20:13: 20:16: error: in inherit/79188ef3::crux_test[0]
          [Crux]   Translation error in inherit/79188ef3::crux_test[0]: cannot find static variable alloc$0/3a1fbbbh
          
          [Crux] Overall status: Invalid.
          
            test/Test.hs:126:
            crux doesn't match oracle
          
          Use -p '/inherit/' to rerun this test only.
        plain_trait:             OK (1.03s)
          Compiling and running oracle program (0.13s)
          Oracle output: 100                   (0.90s)
          Crux output: 100
        assoc_ty:                OK (1.07s)
          Compiling and running oracle program (0.14s)
          Oracle output: 100                   (0.93s)
          Crux output: 100
      tuple
        clone_from:              FAIL (1.08s)
          Compiling and running oracle program                           (0.14s)
          Oracle output: ()                                              (0.95s)
          Crux output: 
          failures:
          
          ---- clone_from/c0b06a97::f[0] counterexamples ----
          [Crux] Found counterexample for verification goal
          [Crux]   /home/jlamar/prj/chainsaw/crucible/crux-mir/lib/core/src/clone.rs:136:17: 136:31: error: in core/7ed35d8a::clone[0]::Clone[0]::clone_from[0]::_insta1f0a334420ce0e0[0]
          [Crux]   Translation error in core/7ed35d8a::clone[0]::Clone[0]::clone_from[0]::_insta1f0a334420ce0e0[0]: don't know how to generate CloneShim for unknown method core/7ed35d8a::clone[0]::Clone[0]::clone[0]
          
          [Crux] Overall status: Invalid.
          
            test/Test.hs:126:
            crux doesn't match oracle
          
          Use -p '/clone_from/' to rerun this test only.
        clone_struct:            FAIL (1.03s)
          Compiling and running oracle program                           (0.14s)
          Oracle output: ()                                              (0.90s)
          Crux output: 
          failures:
          
          ---- clone_struct/4ae579ad::f[0] counterexamples ----
          [Crux] Found counterexample for verification goal
          [Crux]   test/conc_eval/tuple/clone_struct.rs:8:13: 8:22: error: in clone_struct/4ae579ad::f[0]
          [Crux]   Translation error in clone_struct/4ae579ad::f[0]: don't know how to generate CloneShim for unknown method core/7ed35d8a::clone[0]::Clone[0]::clone[0]
          
          [Crux] Overall status: Invalid.
          
            test/Test.hs:126:
            crux doesn't match oracle
          
          Use -p '/clone_struct/' to rerun this test only.
        clone:                   OK (1.04s)
          Compiling and running oracle program (0.14s)
          Oracle output: ()                    (0.90s)
          Crux output: ()
        clone_rec:               FAIL (1.01s)
          Compiling and running oracle program                           (0.13s)
          Oracle output: ()                                              (0.88s)
          Crux output: 
          failures:
          
          ---- clone_rec/9305eb7c::f[0] counterexamples ----
          [Crux] Found counterexample for verification goal
          [Crux]   test/conc_eval/tuple/clone_rec.rs:4:17: 4:28: error: in clone_rec/9305eb7c::f[0]
          [Crux]   Translation error in clone_rec/9305eb7c::f[0]: fail or unimp constant: TyTuple [TyInt B32,TyInt B32] (StructRepr [MaybeRepr (BVRepr 32), MaybeRepr (BVRepr 32)]) ConstTuple [ConstInt (I32 3),ConstInt (I32 4)]
          
          [Crux] Overall status: Invalid.
          
            test/Test.hs:126:
            crux doesn't match oracle
          
          Use -p '/clone_rec/' to rerun this test only.
      cell
        ref_cell2:               FAIL (1.53s)
          Compiling and running oracle program                           (0.14s)
          Oracle output: 2                                               (1.39s)
          Crux output: 
          failures:
          
          ---- ref_cell2/963774ba::crux_test[0] counterexamples ----
          [Crux] Found counterexample for verification goal
          [Crux]   /home/jlamar/prj/chainsaw/crucible/crux-mir/lib/core/src/ptr/mut_ptr.rs:52:37: 52:52: error: in core/7ed35d8a::ptr[0]::mut_ptr[0]::{impl#0}[0]::is_null[0]::_inst1e2825177cd3b608[0]
          [Crux]   Translation error in core/7ed35d8a::ptr[0]::mut_ptr[0]::{impl#0}[0]::is_null[0]::_inst1e2825177cd3b608[0]: unimplemented cast: Misc
          [Crux]     ty: TyRawPtr (TyInt B32) Mut
          [Crux]     as: TyRawPtr (TyUint B8) Mut
          
          [Crux] Overall status: Invalid.
          
            test/Test.hs:126:
            crux doesn't match oracle
          
          Use -p '/ref_cell2/' to rerun this test only.
        ref_cell:                FAIL (1.52s)
          Compiling and running oracle program                           (0.14s)
          Oracle output: 2                                               (1.39s)
          Crux output: 
          failures:
          
          ---- ref_cell/e82ccec1::crux_test[0] counterexamples ----
          [Crux] Found counterexample for verification goal
          [Crux]   /home/jlamar/prj/chainsaw/crucible/crux-mir/lib/core/src/ptr/mut_ptr.rs:52:37: 52:52: error: in core/7ed35d8a::ptr[0]::mut_ptr[0]::{impl#0}[0]::is_null[0]::_inst1e2825177cd3b608[0]
          [Crux]   Translation error in core/7ed35d8a::ptr[0]::mut_ptr[0]::{impl#0}[0]::is_null[0]::_inst1e2825177cd3b608[0]: unimplemented cast: Misc
          [Crux]     ty: TyRawPtr (TyInt B32) Mut
          [Crux]     as: TyRawPtr (TyUint B8) Mut
          
          [Crux] Overall status: Invalid.
          
            test/Test.hs:126:
            crux doesn't match oracle
          
          Use -p '$0=="crux-mir.crux concrete..cell.ref_cell"' to rerun this test only.
        cell:                    OK (1.08s)
          Compiling and running oracle program (0.15s)
          Oracle output: 2                     (0.93s)
          Crux output: 2
      str
        format:                  FAIL (1.71s)
          Compiling and running oracle program                           (0.14s)
          Oracle output: true                                            (1.57s)
          Crux output: 
          failures:
          
          ---- format/15303e9f::crux_test[0] counterexamples ----
          [Crux] Found counterexample for verification goal
          [Crux]   test/conc_eval/str/format.rs:4:21: 4:27: error: in format/15303e9f::crux_test[0]
          [Crux]   Translation error in format/15303e9f::crux_test[0]: cannot find static variable alloc$0/3a1fbbbh
          
          [Crux] Overall status: Invalid.
          
            test/Test.hs:126:
            crux doesn't match oracle
          
          Use -p '$0=="crux-mir.crux concrete..str.format"' to rerun this test only.
        format_hex:              FAIL (1.68s)
          Compiling and running oracle program                           (0.13s)
          Oracle output: true                                            (1.55s)
          Crux output: 
          failures:
          
          ---- format_hex/0a1bfb4d::crux_test[0] counterexamples ----
          [Crux] Found counterexample for verification goal
          [Crux]   test/conc_eval/str/format_hex.rs:4:21: 4:29: error: in format_hex/0a1bfb4d::crux_test[0]
          [Crux]   Translation error in format_hex/0a1bfb4d::crux_test[0]: cannot find static variable alloc$0/3a1fbbbh
          
          [Crux] Overall status: Invalid.
          
            test/Test.hs:126:
            crux doesn't match oracle
          
          Use -p '/format_hex/' to rerun this test only.
        to_owned:                FAIL (1.15s)
          Compiling and running oracle program                           (0.13s)
          Oracle output: true                                            (1.01s)
          Crux output: 
          failures:
          
          ---- to_owned/026b6a7a::crux_test[0] counterexamples ----
          [Crux] Found counterexample for verification goal
          [Crux]   /home/jlamar/prj/chainsaw/crucible/crux-mir/lib/core/src/str/mod.rs:327:33: 327:37: error: in core/7ed35d8a::str[0]::{impl#0}[0]::as_bytes[0]
          [Crux]   Translation error in core/7ed35d8a::str[0]::{impl#0}[0]::as_bytes[0]: callExp: Don't know how to call core/7ed35d8a::intrinsics[0]::{extern#0}[0]::transmute[0]::_instf78f029a53f4941f[0]
          
          [Crux] Overall status: Invalid.
          
            test/Test.hs:126:
            crux doesn't match oracle
          
          Use -p '/to_owned/' to rerun this test only.
        format_struct:           FAIL (1.78s)
          Compiling and running oracle program                           (0.15s)
          Oracle output: true                                            (1.63s)
          Crux output: 
          failures:
          
          ---- format_struct/b7c0d82c::crux_test[0] counterexamples ----
          [Crux] Found counterexample for verification goal
          [Crux]   test/conc_eval/str/format_struct.rs:10:21: 10:27: error: in format_struct/b7c0d82c::crux_test[0]
          [Crux]   Translation error in format_struct/b7c0d82c::crux_test[0]: cannot find static variable alloc$0/3a1fbbbh
          
          [Crux] Overall status: Invalid.
          
            test/Test.hs:126:
            crux doesn't match oracle
          
          Use -p '/format_struct/' to rerun this test only.
        format_int:              FAIL (1.72s)
          Compiling and running oracle program                           (0.13s)
          Oracle output: true                                            (1.58s)
          Crux output: 
          failures:
          
          ---- format_int/56e6b565::crux_test[0] counterexamples ----
          [Crux] Found counterexample for verification goal
          [Crux]   test/conc_eval/str/format_int.rs:4:21: 4:27: error: in format_int/56e6b565::crux_test[0]
          [Crux]   Translation error in format_int/56e6b565::crux_test[0]: cannot find static variable alloc$0/3a1fbbbh
          
          [Crux] Overall status: Invalid.
          
            test/Test.hs:126:
            crux doesn't match oracle
          
          Use -p '/format_int/' to rerun this test only.
        format_array:            FAIL (1.82s)
          Compiling and running oracle program                           (0.14s)
          Oracle output: true                                            (1.68s)
          Crux output: 
          failures:
          
          ---- format_array/3bd38fe7::crux_test[0] counterexamples ----
          [Crux] Found counterexample for verification goal
          [Crux]   test/conc_eval/str/format_array.rs:4:21: 4:27: error: in format_array/3bd38fe7::crux_test[0]
          [Crux]   Translation error in format_array/3bd38fe7::crux_test[0]: cannot find static variable alloc$0/3a1fbbbh
          
          [Crux] Overall status: Invalid.
          
            test/Test.hs:126:
            crux doesn't match oracle
          
          Use -p '/format_array/' to rerun this test only.
        string_push:             FAIL (1.66s)
          Compiling and running oracle program                           (0.14s)
          Oracle output: true                                            (1.52s)
          Crux output: 
          failures:
          
          ---- string_push/82fdec64::crux_test[0] counterexamples ----
          [Crux] Found counterexample for verification goal
          [Crux]   lib/core/src/cmp.rs:1300:11: 1300:28: error: in core/7ed35d8a::cmp[0]::max_by[0]::_insta10905add4aa20a5[0]
          [Crux]   Translation error in core/7ed35d8a::cmp[0]::max_by[0]::_insta10905add4aa20a5[0]: illegal or unimplemented coercion from TyInt USize (concretely BVRepr 32) to TyInt B8
          
          [Crux] Overall status: Invalid.
          
            test/Test.hs:126:
            crux doesn't match oracle
          
          Use -p '/string_push/' to rerun this test only.
      iter
        cloned:                  FAIL (1.08s)
          Compiling and running oracle program                           (0.14s)
          Oracle output: 6                                               (0.95s)
          Crux output: 
          failures:
          
          ---- cloned/37b565a2::crux_test[0] counterexamples ----
          [Crux] Found counterexample for verification goal
          [Crux]   lib/core/src/ptr/const_ptr.rs:53:37: 53:54: error: in core/7ed35d8a::ptr[0]::const_ptr[0]::{impl#0}[0]::is_null[0]::_instaffa7a8b1157c078[0]
          [Crux]   Translation error in core/7ed35d8a::ptr[0]::const_ptr[0]::{impl#0}[0]::is_null[0]::_instaffa7a8b1157c078[0]: unimplemented cast: Misc
          [Crux]     ty: TyRawPtr (TyUint USize) Immut
          [Crux]     as: TyRawPtr (TyUint B8) Immut
          
          [Crux] Overall status: Invalid.
          
            test/Test.hs:126:
            crux doesn't match oracle
          
          Use -p '/cloned/' to rerun this test only.
        from_fn:                 OK (1.02s)
          Compiling and running oracle program (0.13s)
          Oracle output: ()                    (0.89s)
          Crux output: ()
        sum:                     FAIL (1.08s)
          Compiling and running oracle program                           (0.14s)
          Oracle output: ()                                              (0.94s)
          Crux output: 
          failures:
          
          ---- sum/0909eaa2::f[0] counterexamples ----
          [Crux] Found counterexample for verification goal
          [Crux]   lib/core/src/ptr/const_ptr.rs:53:37: 53:54: error: in core/7ed35d8a::ptr[0]::const_ptr[0]::{impl#0}[0]::is_null[0]::_instaffa7a8b1157c078[0]
          [Crux]   Translation error in core/7ed35d8a::ptr[0]::const_ptr[0]::{impl#0}[0]::is_null[0]::_instaffa7a8b1157c078[0]: unimplemented cast: Misc
          [Crux]     ty: TyRawPtr (TyUint USize) Immut
          [Crux]     as: TyRawPtr (TyUint B8) Immut
          
          [Crux] Overall status: Invalid.
          
            test/Test.hs:126:
            crux doesn't match oracle
          
          Use -p '/sum/' to rerun this test only.
        loop:                    OK (1.04s)
          Compiling and running oracle program (0.13s)
          Oracle output: 2                     (0.91s)
          Crux output: 2
        zip:                     FAIL (1.09s)
          Compiling and running oracle program                           (0.14s)
          Oracle output: ()                                              (0.96s)
          Crux output: 
          failures:
          
          ---- zip/4609a9d6::f[0] counterexamples ----
          [Crux] Found counterexample for verification goal
          [Crux]   /home/jlamar/prj/chainsaw/crucible/crux-mir/lib/core/src/ptr/const_ptr.rs:53:37: 53:54: error: in core/7ed35d8a::ptr[0]::const_ptr[0]::{impl#0}[0]::is_null[0]::_inst1e2825177cd3b608[0]
          [Crux]   Translation error in core/7ed35d8a::ptr[0]::const_ptr[0]::{impl#0}[0]::is_null[0]::_inst1e2825177cd3b608[0]: unimplemented cast: Misc
          [Crux]     ty: TyRawPtr (TyInt B32) Immut
          [Crux]     as: TyRawPtr (TyUint B8) Immut
          
          [Crux] Overall status: Invalid.
          
            test/Test.hs:126:
            crux doesn't match oracle
          
          Use -p '/zip/' to rerun this test only.
        for:                     FAIL (1.07s)
          Compiling and running oracle program                           (0.13s)
          Oracle output: 47                                              (0.94s)
          Crux output: 
          failures:
          
          ---- for/3551e9e4::crux_test[0] counterexamples ----
          [Crux] Found counterexample for verification goal
          [Crux]   /home/jlamar/prj/chainsaw/crucible/crux-mir/lib/core/src/num/uint_macros.rs:470:54: 470:57 !/home/jlamar/prj/chainsaw/crucible/crux-mir/lib/core/src/num/mod.rs:921:5: 922:101: error: in core/7ed35d8a::num[0]::{impl#9}[0]::unchecked_add[0]
          [Crux]   Translation error in core/7ed35d8a::num[0]::{impl#9}[0]::unchecked_add[0]: callExp: Don't know how to call core/7ed35d8a::intrinsics[0]::{extern#0}[0]::unchecked_add[0]::_instc5e93708b8ca6e2a[0]
          
          [Crux] Overall status: Invalid.
          
            test/Test.hs:126:
            crux doesn't match oracle
          
          Use -p '/iter.for/' to rerun this test only.
        peek:                    FAIL (1.11s)
          Compiling and running oracle program                           (0.13s)
          Oracle output: 3                                               (0.98s)
          Crux output: 
          failures:
          
          ---- peek/550fdb93::crux_test[0] counterexamples ----
          [Crux] Found counterexample for verification goal
          [Crux]   lib/core/src/ptr/const_ptr.rs:53:37: 53:54: error: in core/7ed35d8a::ptr[0]::const_ptr[0]::{impl#0}[0]::is_null[0]::_instaffa7a8b1157c078[0]
          [Crux]   Translation error in core/7ed35d8a::ptr[0]::const_ptr[0]::{impl#0}[0]::is_null[0]::_instaffa7a8b1157c078[0]: unimplemented cast: Misc
          [Crux]     ty: TyRawPtr (TyUint USize) Immut
          [Crux]     as: TyRawPtr (TyUint B8) Immut
          
          [Crux] Overall status: Invalid.
          
            test/Test.hs:126:
            crux doesn't match oracle
          
          Use -p '/peek/' to rerun this test only.
        filter_chain:            OK (1.18s)
          Compiling and running oracle program (0.15s)
          Oracle output: 0                     (1.03s)
          Crux output: 0
      hash_map
        insert_remove:           FAIL (2.10s)
          Compiling and running oracle program (0.17s)
          Oracle output: 12                    (1.94s)
            vtable signature mismatch for vtable core/7ed35d8a::ops[0]::function[0]::FnMut[0]::_vtblc2e637e13369cbd5[0] of trait core/7ed35d8a::ops[0]::function[0]::FnMut[0]::_trait35b29a8a4ae9e473[0] : StructRepr [FunctionHandleRepr [AnyRepr, StructRepr [MaybeRepr (BVRepr 32)]] BoolRepr, FunctionHandleRepr [AnyRepr, BVRepr 32] BoolRepr] != StructRepr [FunctionHandleRepr [AnyRepr, StructRepr [MaybeRepr (BVRepr 32)]] BoolRepr, FunctionHandleRepr [AnyRepr, StructRepr [MaybeRepr (BVRepr 32)]] BoolRepr]
            CallStack (from HasCallStack):
              error, called at src/Mir/Trans.hs:904:20 in crux-mir-0.6.0.99-inplace:Mir.Trans
              mkTraitObject, called at src/Mir/Trans.hs:747:11 in crux-mir-0.6.0.99-inplace:Mir.Trans
              evalCast', called at src/Mir/Trans.hs:878:5 in crux-mir-0.6.0.99-inplace:Mir.Trans
              evalCast, called at src/Mir/Trans.hs:930:30 in crux-mir-0.6.0.99-inplace:Mir.Trans
              evalRval, called at src/Mir/Trans.hs:1142:11 in crux-mir-0.6.0.99-inplace:Mir.Trans
              transStatement, called at src/Mir/Trans.hs:1740:68 in crux-mir-0.6.0.99-inplace:Mir.Trans
              translateBlockBody, called at src/Mir/Trans.hs:1749:28 in crux-mir-0.6.0.99-inplace:Mir.Trans
              registerBlock, called at src/Mir/Trans.hs:1789:10 in crux-mir-0.6.0.99-inplace:Mir.Trans
              genFn, called at src/Mir/Trans.hs:1835:24 in crux-mir-0.6.0.99-inplace:Mir.Trans
              transDefine, called at src/Mir/Trans.hs:2272:30 in crux-mir-0.6.0.99-inplace:Mir.Trans
              transCollection, called at src/Mir/Generate.hs:236:26 in crux-mir-0.6.0.99-inplace:Mir.Generate
              translateMIR, called at src/Mir/Language.hs:252:16 in crux-mir-0.6.0.99-inplace:Mir.Language
          
          Use -p '/insert_remove/' to rerun this test only.
        insert_iter:             FAIL (2.06s)
          Compiling and running oracle program (0.17s)
          Oracle output: [11, 12]              (1.89s)
            vtable signature mismatch for vtable core/7ed35d8a::ops[0]::function[0]::FnMut[0]::_vtblc2e637e13369cbd5[0] of trait core/7ed35d8a::ops[0]::function[0]::FnMut[0]::_trait35b29a8a4ae9e473[0] : StructRepr [FunctionHandleRepr [AnyRepr, StructRepr [MaybeRepr (BVRepr 32)]] BoolRepr, FunctionHandleRepr [AnyRepr, BVRepr 32] BoolRepr] != StructRepr [FunctionHandleRepr [AnyRepr, StructRepr [MaybeRepr (BVRepr 32)]] BoolRepr, FunctionHandleRepr [AnyRepr, StructRepr [MaybeRepr (BVRepr 32)]] BoolRepr]
            CallStack (from HasCallStack):
              error, called at src/Mir/Trans.hs:904:20 in crux-mir-0.6.0.99-inplace:Mir.Trans
              mkTraitObject, called at src/Mir/Trans.hs:747:11 in crux-mir-0.6.0.99-inplace:Mir.Trans
              evalCast', called at src/Mir/Trans.hs:878:5 in crux-mir-0.6.0.99-inplace:Mir.Trans
              evalCast, called at src/Mir/Trans.hs:930:30 in crux-mir-0.6.0.99-inplace:Mir.Trans
              evalRval, called at src/Mir/Trans.hs:1142:11 in crux-mir-0.6.0.99-inplace:Mir.Trans
              transStatement, called at src/Mir/Trans.hs:1740:68 in crux-mir-0.6.0.99-inplace:Mir.Trans
              translateBlockBody, called at src/Mir/Trans.hs:1749:28 in crux-mir-0.6.0.99-inplace:Mir.Trans
              registerBlock, called at src/Mir/Trans.hs:1789:10 in crux-mir-0.6.0.99-inplace:Mir.Trans
              genFn, called at src/Mir/Trans.hs:1835:24 in crux-mir-0.6.0.99-inplace:Mir.Trans
              transDefine, called at src/Mir/Trans.hs:2272:30 in crux-mir-0.6.0.99-inplace:Mir.Trans
              transCollection, called at src/Mir/Generate.hs:236:26 in crux-mir-0.6.0.99-inplace:Mir.Generate
              translateMIR, called at src/Mir/Language.hs:252:16 in crux-mir-0.6.0.99-inplace:Mir.Language
          
          Use -p '/insert_iter/' to rerun this test only.
        insert_multi:            FAIL (2.04s)
          Compiling and running oracle program (0.17s)
          Oracle output: 100                   (1.87s)
            vtable signature mismatch for vtable core/7ed35d8a::ops[0]::function[0]::FnMut[0]::_vtblc2e637e13369cbd5[0] of trait core/7ed35d8a::ops[0]::function[0]::FnMut[0]::_trait35b29a8a4ae9e473[0] : StructRepr [FunctionHandleRepr [AnyRepr, StructRepr [MaybeRepr (BVRepr 32)]] BoolRepr, FunctionHandleRepr [AnyRepr, BVRepr 32] BoolRepr] != StructRepr [FunctionHandleRepr [AnyRepr, StructRepr [MaybeRepr (BVRepr 32)]] BoolRepr, FunctionHandleRepr [AnyRepr, StructRepr [MaybeRepr (BVRepr 32)]] BoolRepr]
            CallStack (from HasCallStack):
              error, called at src/Mir/Trans.hs:904:20 in crux-mir-0.6.0.99-inplace:Mir.Trans
              mkTraitObject, called at src/Mir/Trans.hs:747:11 in crux-mir-0.6.0.99-inplace:Mir.Trans
              evalCast', called at src/Mir/Trans.hs:878:5 in crux-mir-0.6.0.99-inplace:Mir.Trans
              evalCast, called at src/Mir/Trans.hs:930:30 in crux-mir-0.6.0.99-inplace:Mir.Trans
              evalRval, called at src/Mir/Trans.hs:1142:11 in crux-mir-0.6.0.99-inplace:Mir.Trans
              transStatement, called at src/Mir/Trans.hs:1740:68 in crux-mir-0.6.0.99-inplace:Mir.Trans
              translateBlockBody, called at src/Mir/Trans.hs:1749:28 in crux-mir-0.6.0.99-inplace:Mir.Trans
              registerBlock, called at src/Mir/Trans.hs:1789:10 in crux-mir-0.6.0.99-inplace:Mir.Trans
              genFn, called at src/Mir/Trans.hs:1835:24 in crux-mir-0.6.0.99-inplace:Mir.Trans
              transDefine, called at src/Mir/Trans.hs:2272:30 in crux-mir-0.6.0.99-inplace:Mir.Trans
              transCollection, called at src/Mir/Generate.hs:236:26 in crux-mir-0.6.0.99-inplace:Mir.Generate
              translateMIR, called at src/Mir/Language.hs:252:16 in crux-mir-0.6.0.99-inplace:Mir.Language
          
          Use -p '/insert_multi/' to rerun this test only.
        insert_get:              FAIL (2.02s)
          Compiling and running oracle program (0.16s)
          Oracle output: (11, 12)              (1.86s)
            vtable signature mismatch for vtable core/7ed35d8a::ops[0]::function[0]::FnMut[0]::_vtblc2e637e13369cbd5[0] of trait core/7ed35d8a::ops[0]::function[0]::FnMut[0]::_trait35b29a8a4ae9e473[0] : StructRepr [FunctionHandleRepr [AnyRepr, StructRepr [MaybeRepr (BVRepr 32)]] BoolRepr, FunctionHandleRepr [AnyRepr, BVRepr 32] BoolRepr] != StructRepr [FunctionHandleRepr [AnyRepr, StructRepr [MaybeRepr (BVRepr 32)]] BoolRepr, FunctionHandleRepr [AnyRepr, StructRepr [MaybeRepr (BVRepr 32)]] BoolRepr]
            CallStack (from HasCallStack):
              error, called at src/Mir/Trans.hs:904:20 in crux-mir-0.6.0.99-inplace:Mir.Trans
              mkTraitObject, called at src/Mir/Trans.hs:747:11 in crux-mir-0.6.0.99-inplace:Mir.Trans
              evalCast', called at src/Mir/Trans.hs:878:5 in crux-mir-0.6.0.99-inplace:Mir.Trans
              evalCast, called at src/Mir/Trans.hs:930:30 in crux-mir-0.6.0.99-inplace:Mir.Trans
              evalRval, called at src/Mir/Trans.hs:1142:11 in crux-mir-0.6.0.99-inplace:Mir.Trans
              transStatement, called at src/Mir/Trans.hs:1740:68 in crux-mir-0.6.0.99-inplace:Mir.Trans
              translateBlockBody, called at src/Mir/Trans.hs:1749:28 in crux-mir-0.6.0.99-inplace:Mir.Trans
              registerBlock, called at src/Mir/Trans.hs:1789:10 in crux-mir-0.6.0.99-inplace:Mir.Trans
              genFn, called at src/Mir/Trans.hs:1835:24 in crux-mir-0.6.0.99-inplace:Mir.Trans
              transDefine, called at src/Mir/Trans.hs:2272:30 in crux-mir-0.6.0.99-inplace:Mir.Trans
              transCollection, called at src/Mir/Generate.hs:236:26 in crux-mir-0.6.0.99-inplace:Mir.Generate
              translateMIR, called at src/Mir/Language.hs:252:16 in crux-mir-0.6.0.99-inplace:Mir.Language
          
          Use -p '/insert_get/' to rerun this test only.
      enum
        cmp:                     OK (1.08s)
          Compiling and running oracle program (0.13s)
          Oracle output: -23                   (0.95s)
          Crux output: -23
        eq:                      FAIL (1.05s)
          Compiling and running oracle program                           (0.14s)
          Oracle output: ()                                              (0.91s)
          Crux output: 
          failures:
          
          ---- eq/0bcad3d7::crux_test[0] counterexamples ----
          [Crux] Found counterexample for verification goal
          [Crux]   test/conc_eval/enum/eq.rs:9:17: 9:21: error: in eq/0bcad3d7::f[0]
          [Crux]   Translation error in eq/0bcad3d7::f[0]: cannot find static variable alloc$0/3a1fbbbh
          
          [Crux] Overall status: Invalid.
          
            test/Test.hs:126:
            crux doesn't match oracle
          
          Use -p '/enum.eq/' to rerun this test only.
        arg2:                    rustc compilation failed for arg2
error output:
error[E0518]: attribute should be applied to function or closure
 --> test/conc_eval/enum/arg2.rs:3:5
  |
3 |     #[inline(never)]
  |     ^^^^^^^^^^^^^^^^
4 |     A(u8),
  |     ----- not a function or closure

error[E0518]: attribute should be applied to function or closure
 --> test/conc_eval/enum/arg2.rs:5:5
  |
5 |     #[inline(never)]
  |     ^^^^^^^^^^^^^^^^
6 |     B(i32,i32),
  |     ---------- not a function or closure

error: aborting due to 2 previous errors

For more information about this error, try `rustc --explain E0518`.

FAIL (0.04s)
          Compiling and running oracle program (0.04s)
            test/Test.hs:109:
            failed to compile and run
          
          Use -p '/arg2/' to rerun this test only.
        cow:                     FAIL (1.16s)
          Compiling and running oracle program                           (0.14s)
          Oracle output: 200                                             (1.02s)
          Crux output: 
          failures:
          
          ---- cow/5077b6e9::crux_test[0] counterexamples ----
          [Crux] Found counterexample for verification goal
          [Crux]   lib/core/src/ptr/metadata.rs:98:14: 98:40: error: in core/7ed35d8a::ptr[0]::metadata[0]::metadata[0]::_inst1743054c4d18d3c5[0]
          [Crux]   Translation error in core/7ed35d8a::ptr[0]::metadata[0]::metadata[0]::_inst1743054c4d18d3c5[0]: evalPlace (PField, Union) NYI
          
          [Crux] Overall status: Invalid.
          
            test/Test.hs:126:
            crux doesn't match oracle
          
          Use -p '/cow/' to rerun this test only.
        field_order:             OK (1.01s)
          Compiling and running oracle program (0.13s)
          Oracle output: ()                    (0.88s)
          Crux output: ()
        arg:                     OK (1.02s)
          Compiling and running oracle program (0.13s)
          Oracle output: 0                     (0.88s)
          Crux output: 0
        ret:                     OK (1.00s)
          Compiling and running oracle program   (0.13s)
          Oracle output: (A(42), B { x: 42 }, C) (0.87s)
          Crux output: (A(42), B { x: 42 }, C)
        match:                   OK (1.02s)
          Compiling and running oracle program (0.14s)
          Oracle output: 42                    (0.89s)
          Crux output: 42
        inner:                   OK (1.01s)
          Compiling and running oracle program (0.13s)
          Oracle output: 4                     (0.88s)
          Crux output: 4
        mixed_discrs:            rustc compilation failed for mixed_discrs
error output:
error[E0554]: `#![feature]` may not be used on the stable release channel
 --> test/conc_eval/enum/mixed_discrs.rs:2:12
  |
2 | #![feature(core_intrinsics)]
  |            ^^^^^^^^^^^^^^^

error: aborting due to previous error

For more information about this error, try `rustc --explain E0554`.

FAIL (0.05s)
          Compiling and running oracle program (0.05s)
            test/Test.hs:109:
            failed to compile and run
          
          Use -p '/mixed_discrs/' to rerun this test only.
      array
        wick2:                   OK (1.04s)
          Compiling and running oracle program (0.13s)
          Oracle output: true                  (0.91s)
          Crux output: true
        from_slice:              FAIL (1.58s)
          Compiling and running oracle program                           (0.13s)
          Oracle output: ()                                              (1.45s)
          Crux output: 
          failures:
          
          ---- from_slice/cc2b9543::f[0] counterexamples ----
          [Crux] Found counterexample for verification goal
          [Crux]   internal: error: in core/7ed35d8a::array[0]::{impl#10}[0]::try_from[0]::_instb3c76ad3dd4c5256[0]
          [Crux]   Translation error in core/7ed35d8a::array[0]::{impl#10}[0]::try_from[0]::_instb3c76ad3dd4c5256[0]: error building variant core/7ed35d8a::result[0]::Result[0]::Err[0]: not enough expressions -- []
          
          [Crux] Overall status: Invalid.
          
            test/Test.hs:126:
            crux doesn't match oracle
          
          Use -p '/array.from_slice/' to rerun this test only.
        clone:                   FAIL (1.08s)
          Compiling and running oracle program                           (0.13s)
          Oracle output: ()                                              (0.95s)
          Crux output: 
          failures:
          
          ---- clone/fccb4b75::f[0] counterexamples ----
          [Crux] Found counterexample for verification goal
          [Crux]   /home/jlamar/prj/chainsaw/crucible/crux-mir/lib/core/src/ptr/const_ptr.rs:61:9: 61:18: error: in core/7ed35d8a::ptr[0]::const_ptr[0]::{impl#0}[0]::cast[0]::_inst6cd22c7344b2c333[0]
          [Crux]   Translation error in core/7ed35d8a::ptr[0]::const_ptr[0]::{impl#0}[0]::cast[0]::_inst6cd22c7344b2c333[0]: unimplemented cast: Misc
          [Crux]     ty: TyRawPtr (TyInt B32) Immut
          [Crux]     as: TyRawPtr (TyArray (TyInt B32) 3) Immut
          
          [Crux] Overall status: Invalid.
          
            test/Test.hs:126:
            crux doesn't match oracle
          
          Use -p '/array.clone/' to rerun this test only.
        mut_index:               FAIL (1.46s)
          Compiling and running oracle program                           (0.13s)
          Oracle output: 7                                               (1.32s)
          Crux output: 
          failures:
          
          ---- mut_index/db5c06f4::crux_test[0] counterexamples ----
          [Crux] Found counterexample for verification goal
          [Crux]   lib/core/src/ptr/metadata.rs:98:14: 98:40: error: in core/7ed35d8a::ptr[0]::metadata[0]::metadata[0]::_inst1743054c4d18d3c5[0]
          [Crux]   Translation error in core/7ed35d8a::ptr[0]::metadata[0]::metadata[0]::_inst1743054c4d18d3c5[0]: evalPlace (PField, Union) NYI
          
          [Crux] Overall status: Invalid.
          
            test/Test.hs:126:
            crux doesn't match oracle
          
          Use -p '/mut_index/' to rerun this test only.
        wick1:                   FAIL (expected: needs Vec data structure from stdlib) (0.25s)
          Compiling and running oracle program (0.14s)
          Oracle output: true                  (0.11s)
            user error (Error 101 while running mir-json on test/conc_eval/array/wick1.rs)
           (expected failure)
        arg:                     OK (1.04s)
          Compiling and running oracle program (0.14s)
          Oracle output: 2                     (0.90s)
          Crux output: 2
        iter:                    FAIL (1.06s)
          Compiling and running oracle program                           (0.13s)
          Oracle output: 3                                               (0.93s)
          Crux output: 
          failures:
          
          ---- iter/f5646cc2::crux_test[0] counterexamples ----
          [Crux] Found counterexample for verification goal
          [Crux]   /home/jlamar/prj/chainsaw/crucible/crux-mir/lib/core/src/ptr/const_ptr.rs:53:37: 53:54: error: in core/7ed35d8a::ptr[0]::const_ptr[0]::{impl#0}[0]::is_null[0]::_inst1e2825177cd3b608[0]
          [Crux]   Translation error in core/7ed35d8a::ptr[0]::const_ptr[0]::{impl#0}[0]::is_null[0]::_inst1e2825177cd3b608[0]: unimplemented cast: Misc
          [Crux]     ty: TyRawPtr (TyInt B32) Immut
          [Crux]     as: TyRawPtr (TyUint B8) Immut
          
          [Crux] Overall status: Invalid.
          
            test/Test.hs:126:
            crux doesn't match oracle
          
          Use -p '/array.iter/' to rerun this test only.
        wick3:                   FAIL (expected: needs Vec data structure from stdlib) (0.18s)
          Compiling and running oracle program (0.14s)
          Oracle output: true                  (0.04s)
            user error (Error 101 while running mir-json on test/conc_eval/array/wick3.rs)
           (expected failure)
        mk_and_proj:             OK (0.98s)
          Compiling and running oracle program (0.13s)
          Oracle output: 42                    (0.85s)
          Crux output: 42
        mut_arg:                 OK (1.05s)
          Compiling and running oracle program (0.13s)
          Oracle output: 42                    (0.92s)
          Crux output: 42
        const:                   OK (1.02s)
          Compiling and running oracle program (0.13s)
          Oracle output: 1                     (0.89s)
          Crux output: 1
        const_impl:              OK (1.02s)
          Compiling and running oracle program (0.13s)
          Oracle output: 5                     (0.89s)
          Crux output: 5
      stdlib
        option:                  OK (1.01s)
          Compiling and running oracle program (0.13s)
          Oracle output: true                  (0.88s)
          Crux output: true
        range:                   OK (1.04s)
          Compiling and running oracle program (0.13s)
          Oracle output: 10                    (0.91s)
          Crux output: 10
        default_impl:            OK (1.02s)
          Compiling and running oracle program (0.13s)
          Oracle output: ()                    (0.89s)
          Crux output: ()
        teq:                     OK (1.01s)
          Compiling and running oracle program (0.15s)
          Oracle output: false                 (0.86s)
          Crux output: false
        option3:                 OK (1.03s)
          Compiling and running oracle program (0.13s)
          Oracle output: 27                    (0.90s)
          Crux output: 27
        result:                  OK (1.03s)
          Compiling and running oracle program (0.13s)
          Oracle output: 27                    (0.90s)
          Crux output: 27
        poly:                    OK (1.04s)
          Compiling and running oracle program (0.13s)
          Oracle output: 1                     (0.91s)
          Crux output: 1
        default:                 OK (1.02s)
          Compiling and running oracle program (0.14s)
          Oracle output: true                  (0.87s)
          Crux output: true
        cvt:                     OK (1.06s)
          Compiling and running oracle program (0.13s)
          Oracle output: 0                     (0.93s)
          Crux output: 0
        result_interior:         OK (1.04s)
          Compiling and running oracle program (0.14s)
          Oracle output: 3                     (0.90s)
          Crux output: 3
        option2:                 OK (1.04s)
          Compiling and running oracle program (0.15s)
          Oracle output: 0                     (0.89s)
          Crux output: 0
      intTest
        test0039:                OK (1.01s)
          Compiling and running oracle program (0.13s)
          Oracle output: 7                     (0.89s)
          Crux output: 7
        test0038:                FAIL (1.09s)
          Compiling and running oracle program                           (0.13s)
          Oracle output: ()                                              (0.96s)
          Crux output: 
          failures:
          
          ---- test0038/ee52fa9c::crux_test[0] counterexamples ----
          [Crux] Found counterexample for verification goal
          [Crux]   /home/jlamar/prj/chainsaw/crucible/crux-mir/lib/core/src/ptr/mut_ptr.rs:52:37: 52:52: error: in core/7ed35d8a::ptr[0]::mut_ptr[0]::{impl#0}[0]::is_null[0]::_inst5dab88813bb37c92[0]
          [Crux]   Translation error in core/7ed35d8a::ptr[0]::mut_ptr[0]::{impl#0}[0]::is_null[0]::_inst5dab88813bb37c92[0]: unimplemented cast: Misc
          [Crux]     ty: TyRawPtr (TyArray (TyInt B32) 4) Mut
          [Crux]     as: TyRawPtr (TyUint B8) Mut
          
          [Crux] Overall status: Invalid.
          
            test/Test.hs:126:
            crux doesn't match oracle
          
          Use -p '/test0038/' to rerun this test only.
      box
        new:                     FAIL (1.15s)
          Compiling and running oracle program                           (0.13s)
          Oracle output: ()                                              (1.02s)
          Crux output: 
          failures:
          
          ---- new/825ce802::f[0] counterexamples ----
          [Crux] Found counterexample for verification goal
          [Crux]   /home/jlamar/prj/chainsaw/crucible/crux-mir/lib/core/src/num/uint_macros.rs:89:31: 89:47 !/home/jlamar/prj/chainsaw/crucible/crux-mir/lib/core/src/num/mod.rs:965:5: 970:27: error: in core/7ed35d8a::num[0]::{impl#12}[0]::count_ones[0]
          [Crux]   Translation error in core/7ed35d8a::num[0]::{impl#12}[0]::count_ones[0]: callExp: Don't know how to call core/7ed35d8a::intrinsics[0]::{extern#0}[0]::ctpop[0]::_inst11a9dd2a3cfdbd73[0]
          
          [Crux] Overall status: Invalid.
          
            test/Test.hs:126:
            crux doesn't match oracle
          
          Use -p '/box.new/' to rerun this test only.
        struct:                  rustc compilation failed for struct
error output:
error[E0554]: `#![feature]` may not be used on the stable release channel
 --> test/conc_eval/box/struct.rs:1:1
  |
1 | #![feature(box_syntax)]
  | ^^^^^^^^^^^^^^^^^^^^^^^

error: aborting due to previous error

For more information about this error, try `rustc --explain E0554`.

FAIL (0.04s)
          Compiling and running oracle program (0.04s)
            test/Test.hs:109:
            failed to compile and run
          
          Use -p '/box.struct/' to rerun this test only.
        unsize:                  FAIL (1.09s)
          Compiling and running oracle program                           (0.13s)
          Oracle output: 2                                               (0.96s)
          Crux output: 
          failures:
          
          ---- unsize/ad9f3518::f[0] counterexamples ----
          [Crux] Found counterexample for verification goal
          [Crux]   /home/jlamar/prj/chainsaw/crucible/crux-mir/lib/core/src/num/uint_macros.rs:89:31: 89:47 !/home/jlamar/prj/chainsaw/crucible/crux-mir/lib/core/src/num/mod.rs:965:5: 970:27: error: in core/7ed35d8a::num[0]::{impl#12}[0]::count_ones[0]
          [Crux]   Translation error in core/7ed35d8a::num[0]::{impl#12}[0]::count_ones[0]: callExp: Don't know how to call core/7ed35d8a::intrinsics[0]::{extern#0}[0]::ctpop[0]::_inst11a9dd2a3cfdbd73[0]
          
          [Crux] Overall status: Invalid.
          
            test/Test.hs:126:
            crux doesn't match oracle
          
          Use -p '/box.unsize/' to rerun this test only.
        mut_ref:                 FAIL (1.14s)
          Compiling and running oracle program                           (0.13s)
          Oracle output: ()                                              (1.01s)
          Crux output: 
          failures:
          
          ---- mut_ref/b1bd8ce3::f[0] counterexamples ----
          [Crux] Found counterexample for verification goal
          [Crux]   /home/jlamar/prj/chainsaw/crucible/crux-mir/lib/core/src/num/uint_macros.rs:89:31: 89:47 !/home/jlamar/prj/chainsaw/crucible/crux-mir/lib/core/src/num/mod.rs:965:5: 970:27: error: in core/7ed35d8a::num[0]::{impl#12}[0]::count_ones[0]
          [Crux]   Translation error in core/7ed35d8a::num[0]::{impl#12}[0]::count_ones[0]: callExp: Don't know how to call core/7ed35d8a::intrinsics[0]::{extern#0}[0]::ctpop[0]::_inst11a9dd2a3cfdbd73[0]
          
          [Crux] Overall status: Invalid.
          
            test/Test.hs:126:
            crux doesn't match oracle
          
          Use -p '/box.mut_ref/' to rerun this test only.
        mut:                     FAIL (1.17s)
          Compiling and running oracle program                           (0.13s)
          Oracle output: ()                                              (1.05s)
          Crux output: 
          failures:
          
          ---- mut/38683331::f[0] counterexamples ----
          [Crux] Found counterexample for verification goal
          [Crux]   /home/jlamar/prj/chainsaw/crucible/crux-mir/lib/core/src/num/uint_macros.rs:89:31: 89:47 !/home/jlamar/prj/chainsaw/crucible/crux-mir/lib/core/src/num/mod.rs:965:5: 970:27: error: in core/7ed35d8a::num[0]::{impl#12}[0]::count_ones[0]
          [Crux]   Translation error in core/7ed35d8a::num[0]::{impl#12}[0]::count_ones[0]: callExp: Don't know how to call core/7ed35d8a::intrinsics[0]::{extern#0}[0]::ctpop[0]::_inst11a9dd2a3cfdbd73[0]
          
          [Crux] Overall status: Invalid.
          
            test/Test.hs:126:
            crux doesn't match oracle
          
          Use -p '$0=="crux-mir.crux concrete..box.mut"' to rerun this test only.
      sync
        rwlock:                  FAIL (1.90s)
          Compiling and running oracle program (0.14s)
          Oracle output: 2                     (1.76s)
            standalone use of `dyn` is not supported: TyDynamic core/7ed35d8a::error[0]::Error[0]::_trait56353a7b840403b4[0]
            CallStack (from HasCallStack):
              error, called at src/Mir/TransTy.hs:230:25 in crux-mir-0.6.0.99-inplace:Mir.TransTy
              tyToRepr, called at src/Mir/Trans.hs:810:12 in crux-mir-0.6.0.99-inplace:Mir.Trans
              evalCast', called at src/Mir/Trans.hs:878:5 in crux-mir-0.6.0.99-inplace:Mir.Trans
              evalCast, called at src/Mir/Trans.hs:930:30 in crux-mir-0.6.0.99-inplace:Mir.Trans
              evalRval, called at src/Mir/Trans.hs:1142:11 in crux-mir-0.6.0.99-inplace:Mir.Trans
              transStatement, called at src/Mir/Trans.hs:1740:68 in crux-mir-0.6.0.99-inplace:Mir.Trans
              translateBlockBody, called at src/Mir/Trans.hs:1749:28 in crux-mir-0.6.0.99-inplace:Mir.Trans
              registerBlock, called at src/Mir/Trans.hs:1789:10 in crux-mir-0.6.0.99-inplace:Mir.Trans
              genFn, called at src/Mir/Trans.hs:1835:24 in crux-mir-0.6.0.99-inplace:Mir.Trans
              transDefine, called at src/Mir/Trans.hs:2272:30 in crux-mir-0.6.0.99-inplace:Mir.Trans
              transCollection, called at src/Mir/Generate.hs:236:26 in crux-mir-0.6.0.99-inplace:Mir.Generate
              translateMIR, called at src/Mir/Language.hs:252:16 in crux-mir-0.6.0.99-inplace:Mir.Language
          
          Use -p '$0=="crux-mir.crux concrete..sync.rwlock"' to rerun this test only.
        atomic_cxchg:            FAIL (1.14s)
          Compiling and running oracle program                           (0.15s)
          Oracle output: 6                                               (0.99s)
          Crux output: 
          failures:
          
          ---- atomic_cxchg/4bcd370f::crux_test[0] counterexamples ----
          [Crux] Found counterexample for verification goal
          [Crux]   test/conc_eval/sync/atomic_cxchg.rs:8:22: 8:66: error: in atomic_cxchg/4bcd370f::crux_test[0]
          [Crux]   Translation error in atomic_cxchg/4bcd370f::crux_test[0]: cannot find static variable alloc$0/3a1fbbbh
          
          [Crux] Overall status: Invalid.
          
            test/Test.hs:126:
            crux doesn't match oracle
          
          Use -p '/atomic_cxchg/' to rerun this test only.
        atomic_fence:            FAIL (1.08s)
          Compiling and running oracle program                           (0.13s)
          Oracle output: 2                                               (0.95s)
          Crux output: 
          failures:
          
          ---- atomic_fence/a8477cc6::crux_test[0] counterexamples ----
          [Crux] Found counterexample for verification goal
          [Crux]   /home/jlamar/prj/chainsaw/crucible/crux-mir/lib/core/src/sync/atomic.rs:3010:60: 3010:63: error: in core/7ed35d8a::sync[0]::atomic[0]::atomic_store[0]::_inst1e2825177cd3b608[0]
          [Crux]   Translation error in core/7ed35d8a::sync[0]::atomic[0]::atomic_store[0]::_inst1e2825177cd3b608[0]: callExp: Don't know how to call core/7ed35d8a::intrinsics[0]::{extern#0}[0]::atomic_store_seqcst[0]::_inst1e2825177cd3b608[0]
          
          [Crux] Overall status: Invalid.
          
            test/Test.hs:126:
            crux doesn't match oracle
          
          Use -p '/atomic_fence/' to rerun this test only.
        atomic_add:              FAIL (1.13s)
          Compiling and running oracle program                           (0.14s)
          Oracle output: 6                                               (0.99s)
          Crux output: 
          failures:
          
          ---- atomic_add/4b66494a::crux_test[0] counterexamples ----
          [Crux] Found counterexample for verification goal
          [Crux]   test/conc_eval/sync/atomic_add.rs:8:22: 8:66: error: in atomic_add/4b66494a::crux_test[0]
          [Crux]   Translation error in atomic_add/4b66494a::crux_test[0]: cannot find static variable alloc$0/3a1fbbbh
          
          [Crux] Overall status: Invalid.
          
            test/Test.hs:126:
            crux doesn't match oracle
          
          Use -p '/atomic_add/' to rerun this test only.
        arc:                     FAIL (1.17s)
          Compiling and running oracle program                           (0.13s)
          Oracle output: 1                                               (1.04s)
          Crux output: 
          failures:
          
          ---- arc/b5204711::crux_test[0] counterexamples ----
          [Crux] Found counterexample for verification goal
          [Crux]   /home/jlamar/prj/chainsaw/crucible/crux-mir/lib/core/src/num/uint_macros.rs:89:31: 89:47 !/home/jlamar/prj/chainsaw/crucible/crux-mir/lib/core/src/num/mod.rs:965:5: 970:27: error: in core/7ed35d8a::num[0]::{impl#12}[0]::count_ones[0]
          [Crux]   Translation error in core/7ed35d8a::num[0]::{impl#12}[0]::count_ones[0]: callExp: Don't know how to call core/7ed35d8a::intrinsics[0]::{extern#0}[0]::ctpop[0]::_inst11a9dd2a3cfdbd73[0]
          
          [Crux] Overall status: Invalid.
          
            test/Test.hs:126:
            crux doesn't match oracle
          
          Use -p '$0=="crux-mir.crux concrete..sync.arc"' to rerun this test only.
        rwlock_multi:            FAIL (1.88s)
          Compiling and running oracle program (0.14s)
          Oracle output: 3                     (1.74s)
            standalone use of `dyn` is not supported: TyDynamic core/7ed35d8a::error[0]::Error[0]::_trait56353a7b840403b4[0]
            CallStack (from HasCallStack):
              error, called at src/Mir/TransTy.hs:230:25 in crux-mir-0.6.0.99-inplace:Mir.TransTy
              tyToRepr, called at src/Mir/Trans.hs:810:12 in crux-mir-0.6.0.99-inplace:Mir.Trans
              evalCast', called at src/Mir/Trans.hs:878:5 in crux-mir-0.6.0.99-inplace:Mir.Trans
              evalCast, called at src/Mir/Trans.hs:930:30 in crux-mir-0.6.0.99-inplace:Mir.Trans
              evalRval, called at src/Mir/Trans.hs:1142:11 in crux-mir-0.6.0.99-inplace:Mir.Trans
              transStatement, called at src/Mir/Trans.hs:1740:68 in crux-mir-0.6.0.99-inplace:Mir.Trans
              translateBlockBody, called at src/Mir/Trans.hs:1749:28 in crux-mir-0.6.0.99-inplace:Mir.Trans
              registerBlock, called at src/Mir/Trans.hs:1789:10 in crux-mir-0.6.0.99-inplace:Mir.Trans
              genFn, called at src/Mir/Trans.hs:1835:24 in crux-mir-0.6.0.99-inplace:Mir.Trans
              transDefine, called at src/Mir/Trans.hs:2272:30 in crux-mir-0.6.0.99-inplace:Mir.Trans
              transCollection, called at src/Mir/Generate.hs:236:26 in crux-mir-0.6.0.99-inplace:Mir.Generate
              translateMIR, called at src/Mir/Language.hs:252:16 in crux-mir-0.6.0.99-inplace:Mir.Language
          
          Use -p '/rwlock_multi/' to rerun this test only.
        arc_clone:               FAIL (1.13s)
          Compiling and running oracle program                           (0.13s)
          Oracle output: 2                                               (1.00s)
          Crux output: 
          failures:
          
          ---- arc_clone/b9b1f82e::crux_test[0] counterexamples ----
          [Crux] Found counterexample for verification goal
          [Crux]   /home/jlamar/prj/chainsaw/crucible/crux-mir/lib/core/src/num/uint_macros.rs:89:31: 89:47 !/home/jlamar/prj/chainsaw/crucible/crux-mir/lib/core/src/num/mod.rs:965:5: 970:27: error: in core/7ed35d8a::num[0]::{impl#12}[0]::count_ones[0]
          [Crux]   Translation error in core/7ed35d8a::num[0]::{impl#12}[0]::count_ones[0]: callExp: Don't know how to call core/7ed35d8a::intrinsics[0]::{extern#0}[0]::ctpop[0]::_inst11a9dd2a3cfdbd73[0]
          
          [Crux] Overall status: Invalid.
          
            test/Test.hs:126:
            crux doesn't match oracle
          
          Use -p '/arc_clone/' to rerun this test only.
        mutex:                   FAIL (1.92s)
          Compiling and running oracle program (0.13s)
          Oracle output: 1                     (1.79s)
            standalone use of `dyn` is not supported: TyDynamic core/7ed35d8a::error[0]::Error[0]::_trait56353a7b840403b4[0]
            CallStack (from HasCallStack):
              error, called at src/Mir/TransTy.hs:230:25 in crux-mir-0.6.0.99-inplace:Mir.TransTy
              tyToRepr, called at src/Mir/Trans.hs:810:12 in crux-mir-0.6.0.99-inplace:Mir.Trans
              evalCast', called at src/Mir/Trans.hs:878:5 in crux-mir-0.6.0.99-inplace:Mir.Trans
              evalCast, called at src/Mir/Trans.hs:930:30 in crux-mir-0.6.0.99-inplace:Mir.Trans
              evalRval, called at src/Mir/Trans.hs:1142:11 in crux-mir-0.6.0.99-inplace:Mir.Trans
              transStatement, called at src/Mir/Trans.hs:1740:68 in crux-mir-0.6.0.99-inplace:Mir.Trans
              translateBlockBody, called at src/Mir/Trans.hs:1749:28 in crux-mir-0.6.0.99-inplace:Mir.Trans
              registerBlock, called at src/Mir/Trans.hs:1789:10 in crux-mir-0.6.0.99-inplace:Mir.Trans
              genFn, called at src/Mir/Trans.hs:1835:24 in crux-mir-0.6.0.99-inplace:Mir.Trans
              transDefine, called at src/Mir/Trans.hs:2272:30 in crux-mir-0.6.0.99-inplace:Mir.Trans
              transCollection, called at src/Mir/Generate.hs:236:26 in crux-mir-0.6.0.99-inplace:Mir.Generate
              translateMIR, called at src/Mir/Language.hs:252:16 in crux-mir-0.6.0.99-inplace:Mir.Language
          
          Use -p '$0=="crux-mir.crux concrete..sync.mutex"' to rerun this test only.
        arc_cell:                FAIL (1.17s)
          Compiling and running oracle program                           (0.14s)
          Oracle output: 4                                               (1.03s)
          Crux output: 
          failures:
          
          ---- arc_cell/9fa1118b::crux_test[0] counterexamples ----
          [Crux] Found counterexample for verification goal
          [Crux]   /home/jlamar/prj/chainsaw/crucible/crux-mir/lib/core/src/num/uint_macros.rs:89:31: 89:47 !/home/jlamar/prj/chainsaw/crucible/crux-mir/lib/core/src/num/mod.rs:965:5: 970:27: error: in core/7ed35d8a::num[0]::{impl#12}[0]::count_ones[0]
          [Crux]   Translation error in core/7ed35d8a::num[0]::{impl#12}[0]::count_ones[0]: callExp: Don't know how to call core/7ed35d8a::intrinsics[0]::{extern#0}[0]::ctpop[0]::_inst11a9dd2a3cfdbd73[0]
          
          [Crux] Overall status: Invalid.
          
            test/Test.hs:126:
            crux doesn't match oracle
          
          Use -p '/arc_cell/' to rerun this test only.
        mutex_multi:             FAIL (1.89s)
          Compiling and running oracle program (0.14s)
          Oracle output: 3                     (1.76s)
            standalone use of `dyn` is not supported: TyDynamic core/7ed35d8a::error[0]::Error[0]::_trait56353a7b840403b4[0]
            CallStack (from HasCallStack):
              error, called at src/Mir/TransTy.hs:230:25 in crux-mir-0.6.0.99-inplace:Mir.TransTy
              tyToRepr, called at src/Mir/Trans.hs:810:12 in crux-mir-0.6.0.99-inplace:Mir.Trans
              evalCast', called at src/Mir/Trans.hs:878:5 in crux-mir-0.6.0.99-inplace:Mir.Trans
              evalCast, called at src/Mir/Trans.hs:930:30 in crux-mir-0.6.0.99-inplace:Mir.Trans
              evalRval, called at src/Mir/Trans.hs:1142:11 in crux-mir-0.6.0.99-inplace:Mir.Trans
              transStatement, called at src/Mir/Trans.hs:1740:68 in crux-mir-0.6.0.99-inplace:Mir.Trans
              translateBlockBody, called at src/Mir/Trans.hs:1749:28 in crux-mir-0.6.0.99-inplace:Mir.Trans
              registerBlock, called at src/Mir/Trans.hs:1789:10 in crux-mir-0.6.0.99-inplace:Mir.Trans
              genFn, called at src/Mir/Trans.hs:1835:24 in crux-mir-0.6.0.99-inplace:Mir.Trans
              transDefine, called at src/Mir/Trans.hs:2272:30 in crux-mir-0.6.0.99-inplace:Mir.Trans
              transCollection, called at src/Mir/Generate.hs:236:26 in crux-mir-0.6.0.99-inplace:Mir.Generate
              translateMIR, called at src/Mir/Language.hs:252:16 in crux-mir-0.6.0.99-inplace:Mir.Language
          
          Use -p '/mutex_multi/' to rerun this test only.
        atomic_swap:             FAIL (1.08s)
          Compiling and running oracle program                           (0.13s)
          Oracle output: (2, 1)                                          (0.95s)
          Crux output: 
          failures:
          
          ---- atomic_swap/6d7e3f7b::crux_test[0] counterexamples ----
          [Crux] Found counterexample for verification goal
          [Crux]   /home/jlamar/prj/chainsaw/crucible/crux-mir/lib/core/src/sync/atomic.rs:3010:60: 3010:63: error: in core/7ed35d8a::sync[0]::atomic[0]::atomic_store[0]::_inst1e2825177cd3b608[0]
          [Crux]   Translation error in core/7ed35d8a::sync[0]::atomic[0]::atomic_store[0]::_inst1e2825177cd3b608[0]: callExp: Don't know how to call core/7ed35d8a::intrinsics[0]::{extern#0}[0]::atomic_store_seqcst[0]::_inst1e2825177cd3b608[0]
          
          [Crux] Overall status: Invalid.
          
            test/Test.hs:126:
            crux doesn't match oracle
          
          Use -p '/atomic_swap/' to rerun this test only.
      slice
        range_len:               rustc compilation failed for range_len
error output:
warning: unused import: `core::slice::SliceIndex`
 --> test/conc_eval/slice/range_len.rs:5:5
  |
5 | use core::slice::SliceIndex;
  |     ^^^^^^^^^^^^^^^^^^^^^^^
  |
  = note: `#[warn(unused_imports)]` on by default

warning: unused import: `core::ops::Range`
 --> test/conc_eval/slice/range_len.rs:6:5
  |
6 | use core::ops::Range;
  |     ^^^^^^^^^^^^^^^^

error[E0554]: `#![feature]` may not be used on the stable release channel
 --> test/conc_eval/slice/range_len.rs:2:12
  |
2 | #![feature(slice_index_methods)]
  |            ^^^^^^^^^^^^^^^^^^^

error: aborting due to previous error; 2 warnings emitted

For more information about this error, try `rustc --explain E0554`.

FAIL (0.04s)
          Compiling and running oracle program (0.04s)
            test/Test.hs:109:
            failed to compile and run
          
          Use -p '$0=="crux-mir.crux concrete..slice.range_len"' to rerun this test only.
        iter_mut:                FAIL (1.14s)
          Compiling and running oracle program                           (0.13s)
          Oracle output: ()                                              (1.01s)
          Crux output: 
          failures:
          
          ---- iter_mut/51d61b89::f[0] counterexamples ----
          [Crux] Found counterexample for verification goal
          [Crux]   /home/jlamar/prj/chainsaw/crucible/crux-mir/lib/core/src/ptr/mut_ptr.rs:52:37: 52:52: error: in core/7ed35d8a::ptr[0]::mut_ptr[0]::{impl#0}[0]::is_null[0]::_inst1e2825177cd3b608[0]
          [Crux]   Translation error in core/7ed35d8a::ptr[0]::mut_ptr[0]::{impl#0}[0]::is_null[0]::_inst1e2825177cd3b608[0]: unimplemented cast: Misc
          [Crux]     ty: TyRawPtr (TyInt B32) Mut
          [Crux]     as: TyRawPtr (TyUint B8) Mut
          
          [Crux] Overall status: Invalid.
          
            test/Test.hs:126:
            crux doesn't match oracle
          
          Use -p '/iter_mut/' to rerun this test only.
        eq:                      FAIL (1.09s)
          Compiling and running oracle program                           (0.14s)
          Oracle output: ()                                              (0.95s)
          Crux output: 
          failures:
          
          ---- eq/2c663db8::f[0] counterexamples ----
          [Crux] Found counterexample for verification goal
          [Crux]   /home/jlamar/prj/chainsaw/crucible/crux-mir/lib/core/src/mem/mod.rs:338:38: 338:41: error: in core/7ed35d8a::mem[0]::size_of_val[0]::_inst55af81a2cef2701c[0]
          [Crux]   Translation error in core/7ed35d8a::mem[0]::size_of_val[0]::_inst55af81a2cef2701c[0]: callExp: Don't know how to call core/7ed35d8a::intrinsics[0]::{extern#0}[0]::size_of_val[0]::_inst55af81a2cef2701c[0]
          
          [Crux] Overall status: Invalid.
          
            test/Test.hs:126:
            crux doesn't match oracle
          
          Use -p '/slice.eq/' to rerun this test only.
        swap:                    OK (1.07s)
          Compiling and running oracle program (0.14s)
          Oracle output: 2001                  (0.93s)
          Crux output: 2001
        last:                    OK (1.08s)
          Compiling and running oracle program (0.13s)
          Oracle output: 3                     (0.95s)
          Crux output: 3
        mut_range:               FAIL (1.51s)
          Compiling and running oracle program                           (0.13s)
          Oracle output: 86                                              (1.38s)
          Crux output: 
          failures:
          
          ---- mut_range/3c8d2622::crux_test[0] counterexamples ----
          [Crux] Found counterexample for verification goal
          [Crux]   lib/core/src/ptr/metadata.rs:98:14: 98:40: error: in core/7ed35d8a::ptr[0]::metadata[0]::metadata[0]::_inst1743054c4d18d3c5[0]
          [Crux]   Translation error in core/7ed35d8a::ptr[0]::metadata[0]::metadata[0]::_inst1743054c4d18d3c5[0]: evalPlace (PField, Union) NYI
          
          [Crux] Overall status: Invalid.
          
            test/Test.hs:126:
            crux doesn't match oracle
          
          Use -p '/mut_range/' to rerun this test only.
        mk_and_proj:             OK (1.05s)
          Compiling and running oracle program (0.13s)
          Oracle output: 42                    (0.92s)
          Crux output: 42
        get:                     rustc compilation failed for get
error output:
error[E0554]: `#![feature]` may not be used on the stable release channel
 --> test/conc_eval/slice/get.rs:2:1
  |
2 | #![feature(never_type)]
  | ^^^^^^^^^^^^^^^^^^^^^^^

error: aborting due to previous error

For more information about this error, try `rustc --explain E0554`.

FAIL (0.04s)
          Compiling and running oracle program (0.04s)
            test/Test.hs:109:
            failed to compile and run
          
          Use -p '/slice.get/' to rerun this test only.
        len:                     OK (1.01s)
          Compiling and running oracle program (0.13s)
          Oracle output: 5                     (0.88s)
          Crux output: 5
        range_len_mut:           rustc compilation failed for range_len_mut
error output:
warning: unused import: `core::slice::SliceIndex`
 --> test/conc_eval/slice/range_len_mut.rs:5:5
  |
5 | use core::slice::SliceIndex;
  |     ^^^^^^^^^^^^^^^^^^^^^^^
  |
  = note: `#[warn(unused_imports)]` on by default

warning: unused import: `core::ops::Range`
 --> test/conc_eval/slice/range_len_mut.rs:6:5
  |
6 | use core::ops::Range;
  |     ^^^^^^^^^^^^^^^^

error[E0554]: `#![feature]` may not be used on the stable release channel
 --> test/conc_eval/slice/range_len_mut.rs:2:12
  |
2 | #![feature(slice_index_methods)]
  |            ^^^^^^^^^^^^^^^^^^^

error: aborting due to previous error; 2 warnings emitted

For more information about this error, try `rustc --explain E0554`.

FAIL (0.04s)
          Compiling and running oracle program (0.04s)
            test/Test.hs:109:
            failed to compile and run
          
          Use -p '/range_len_mut/' to rerun this test only.
        mut:                     OK (1.06s)
          Compiling and running oracle program (0.13s)
          Oracle output: 42                    (0.93s)
          Crux output: 42
      clos
        fnptr_fn:                OK (1.07s)
          Compiling and running oracle program (0.13s)
          Oracle output: 4                     (0.94s)
          Crux output: 4
        fnonce1:                 OK (1.00s)
          Compiling and running oracle program (0.13s)
          Oracle output: 3                     (0.87s)
          Crux output: 3
        conv_fnonce_fn:          OK (1.03s)
          Compiling and running oracle program (0.13s)
          Oracle output: 2                     (0.90s)
          Crux output: 2
        fo:                      rustc compilation failed for fo
error output:
error[E0554]: `#![feature]` may not be used on the stable release channel
 --> test/conc_eval/clos/fo.rs:3:1
  |
3 | #![feature(type_ascription)]
  | ^^^^^^^^^^^^^^^^^^^^^^^^^^^^

warning: unnecessary parentheses around function argument
  --> test/conc_eval/clos/fo.rs:11:7
   |
11 |     g((1 :i32))
   |       ^      ^
   |
   = note: `#[warn(unused_parens)]` on by default
help: remove these parentheses
   |
11 -     g((1 :i32))
11 +     g(1 :i32)
   |

error: aborting due to previous error; 1 warning emitted

For more information about this error, try `rustc --explain E0554`.

FAIL (0.04s)
          Compiling and running oracle program (0.04s)
            test/Test.hs:109:
            failed to compile and run
          
          Use -p '/clos.fo/' to rerun this test only.
        direct_fn:               OK (1.01s)
          Compiling and running oracle program (0.13s)
          Oracle output: 2                     (0.88s)
          Crux output: 2
        unique_borrow:           OK (1.09s)
          Compiling and running oracle program (0.13s)
          Oracle output: 3                     (0.96s)
          Crux output: 3
        fn_static:               OK (1.07s)
          Compiling and running oracle program (0.13s)
          Oracle output: 3                     (0.93s)
          Crux output: 3
        fnptr_fnonce:            OK (1.07s)
          Compiling and running oracle program (0.14s)
          Oracle output: 4                     (0.93s)
          Crux output: 4
        direct_fnonce:           OK (1.06s)
          Compiling and running oracle program (0.13s)
          Oracle output: 2                     (0.93s)
          Crux output: 2
        dispatch_fnmut:          FAIL (1.10s)
          Compiling and running oracle program                           (0.13s)
          Oracle output: 7                                               (0.97s)
          Crux output: 
          failures:
          
          ---- dispatch_fnmut/3f7bd57d::crux_test[0] counterexamples ----
          [Crux] Found counterexample for verification goal
          [Crux]   test/conc_eval/clos/dispatch_fnmut.rs:7:7: 7:9: error: in dispatch_fnmut/3f7bd57d::call_it2[0]::_inst15715dbe1d0521ca[0]
          [Crux]   Translation error in dispatch_fnmut/3f7bd57d::call_it2[0]::_inst15715dbe1d0521ca[0]: cannot find static variable alloc$0/3a1fbbbh
          
          [Crux] Overall status: Invalid.
          
            test/Test.hs:126:
            crux doesn't match oracle
          
          Use -p '/dispatch_fnmut/' to rerun this test only.
        conv_fnmut_fn:           OK (1.01s)
          Compiling and running oracle program (0.13s)
          Oracle output: 2                     (0.88s)
          Crux output: 2
        fnptr_fnmut:             OK (1.08s)
          Compiling and running oracle program (0.14s)
          Oracle output: 4                     (0.94s)
          Crux output: 4
        poly:                    OK (1.02s)
          Compiling and running oracle program (0.13s)
          Oracle output: 3                     (0.89s)
          Crux output: 3
        conv_fnonce_fnmut:       OK (1.07s)
          Compiling and running oracle program (0.13s)
          Oracle output: 2                     (0.94s)
          Crux output: 2
        fn_dyn:                  FAIL (expected: call_once shim (in `dyn Fn` vtable)) (0.16s)
          Compiling and running oracle program (0.13s)
          Oracle output: 3                     (0.03s)
            user error (Error 101 while running mir-json on test/conc_eval/clos/fn_dyn.rs)
           (expected failure)
        ref_fnmut:               OK (1.07s)
          Compiling and running oracle program (0.13s)
          Oracle output: 7                     (0.94s)
          Crux output: 7
        as_fn_ptr:               FAIL (expected: ClosureFnPointer cast) (1.01s)
          Compiling and running oracle program                           (0.12s)
          Oracle output: 1                                               (0.89s)
          Crux output: 
          failures:
          
          ---- as_fn_ptr/d4076aaa::crux_test[0] counterexamples ----
          [Crux] Found counterexample for verification goal
          [Crux]   test/conc_eval/clos/as_fn_ptr.rs:9:13: 9:19: error: in as_fn_ptr/d4076aaa::crux_test[0]
          [Crux]   Translation error in as_fn_ptr/d4076aaa::crux_test[0]: unimplemented cast: ClosureFnPointer
          [Crux]     ty: TyClosure []
          [Crux]     as: TyFnPtr (FnSig {_fsarg_tys = [], _fsreturn_ty = TyInt B32, _fsabi = RustAbi, _fsspreadarg = Nothing})
          
          [Crux] Overall status: Invalid.
          
            test/Test.hs:126:
            crux doesn't match oracle
           (expected failure)
        fnonce:                  OK (1.04s)
          Compiling and running oracle program (0.12s)
          Oracle output: false                 (0.91s)
          Crux output: false
        promoted:                FAIL (1.08s)
          Compiling and running oracle program                           (0.12s)
          Oracle output: 33                                              (0.96s)
          Crux output: 
          failures:
          
          ---- promoted/599dd748::crux_test[0] counterexamples ----
          [Crux] Found counterexample for verification goal
          [Crux]   test/conc_eval/clos/promoted.rs:15:9: 15:11: error: in promoted/599dd748::f[0]
          [Crux]   Translation error in promoted/599dd748::f[0]: cannot find static variable alloc$0/3a1fbbbh
          
          [Crux] Overall status: Invalid.
          
            test/Test.hs:126:
            crux doesn't match oracle
          
          Use -p '/clos.promoted/' to rerun this test only.
        fnptr_closure:           FAIL (1.06s)
          Compiling and running oracle program                           (0.13s)
          Oracle output: 7                                               (0.92s)
          Crux output: 
          failures:
          
          ---- fnptr_closure/af787938::crux_test[0] counterexamples ----
          [Crux] Found counterexample for verification goal
          [Crux]   test/conc_eval/clos/fnptr_closure.rs:7:7: 7:9: error: in fnptr_closure/af787938::call_it2[0]::_inste366449525d6d5d6[0]
          [Crux]   Translation error in fnptr_closure/af787938::call_it2[0]::_inste366449525d6d5d6[0]: cannot find static variable alloc$0/3a1fbbbh
          
          [Crux] Overall status: Invalid.
          
            test/Test.hs:126:
            crux doesn't match oracle
          
          Use -p '/fnptr_closure/' to rerun this test only.
        direct_fnmut2:           OK (1.07s)
          Compiling and running oracle program (0.13s)
          Oracle output: 7                     (0.94s)
          Crux output: 7
        direct_fnmut:            OK (1.06s)
          Compiling and running oracle program (0.13s)
          Oracle output: 7                     (0.94s)
          Crux output: 7
        fn_static_poly:          OK (1.07s)
          Compiling and running oracle program (0.14s)
          Oracle output: 3                     (0.93s)
          Crux output: 3
      prim
        ffs:                     FAIL (1.17s)
          Compiling and running oracle program                           (0.15s)
          Oracle output: true                                            (1.02s)
          Crux output: 
          failures:
          
          ---- ffs/61eaece5::crux_test[0] counterexamples ----
          [Crux] Found counterexample for verification goal
          [Crux]   /home/jlamar/prj/chainsaw/crucible/crux-mir/lib/core/src/num/int_macros.rs:460:54: 460:57 !/home/jlamar/prj/chainsaw/crucible/crux-mir/lib/core/src/num/mod.rs:251:5: 253:45: error: in core/7ed35d8a::num[0]::{impl#3}[0]::unchecked_add[0]
          [Crux]   Translation error in core/7ed35d8a::num[0]::{impl#3}[0]::unchecked_add[0]: callExp: Don't know how to call core/7ed35d8a::intrinsics[0]::{extern#0}[0]::unchecked_add[0]::_inst1e2825177cd3b608[0]
          
          [Crux] Overall status: Invalid.
          
            test/Test.hs:126:
            crux doesn't match oracle
          
          Use -p '/prim.ffs/' to rerun this test only.
        add1:                    OK (0.99s)
          Compiling and running oracle program (0.14s)
          Oracle output: 2                     (0.86s)
          Crux output: 2
        litstring:               FAIL (1.02s)
          Compiling and running oracle program                           (0.13s)
          Oracle output: true                                            (0.90s)
          Crux output: 
          failures:
          
          ---- litstring/aac23d18::crux_test[0] counterexamples ----
          [Crux] Found counterexample for verification goal
          [Crux]   /home/jlamar/prj/chainsaw/crucible/crux-mir/lib/core/src/str/mod.rs:327:33: 327:37: error: in core/7ed35d8a::str[0]::{impl#0}[0]::as_bytes[0]
          [Crux]   Translation error in core/7ed35d8a::str[0]::{impl#0}[0]::as_bytes[0]: callExp: Don't know how to call core/7ed35d8a::intrinsics[0]::{extern#0}[0]::transmute[0]::_instf78f029a53f4941f[0]
          
          [Crux] Overall status: Invalid.
          
            test/Test.hs:126:
            crux doesn't match oracle
          
          Use -p '/litstring/' to rerun this test only.
        wrapping_sub:            OK (1.05s)
          Compiling and running oracle program (0.13s)
          Oracle output: true                  (0.92s)
          Crux output: true
        shift2:                  OK (1.03s)
          Compiling and running oracle program (0.13s)
          Oracle output: 2                     (0.90s)
          Crux output: 2
        shift3:                  OK (1.00s)
          Compiling and running oracle program (0.12s)
          Oracle output: -9223372036854775808  (0.87s)
          Crux output: -9223372036854775808
        char_from_u32:           FAIL (1.07s)
          Compiling and running oracle program                           (0.12s)
          Oracle output: 'A'                                             (0.95s)
          Crux output: 
          failures:
          
          ---- char_from_u32/2f7600db::crux_test[0] counterexamples ----
          [Crux] Found counterexample for verification goal
          [Crux]   /home/jlamar/prj/chainsaw/crucible/crux-mir/lib/core/src/char/convert.rs:215:31: 215:32: error: in core/7ed35d8a::char[0]::convert[0]::char_try_from_u32[0]
          [Crux]   Translation error in core/7ed35d8a::char[0]::convert[0]::char_try_from_u32[0]: callExp: Don't know how to call core/7ed35d8a::intrinsics[0]::{extern#0}[0]::transmute[0]::_instdc3291f36c45d6de[0]
          
          [Crux] Overall status: Invalid.
          
            test/Test.hs:126:
            crux doesn't match oracle
          
          Use -p '/char_from_u32/' to rerun this test only.
        div:                     OK (1.03s)
          Compiling and running oracle program (0.13s)
          Oracle output: 4                     (0.90s)
          Crux output: 4
        shift_exceeding:         rustc compilation failed for shift_exceeding
error output:
error[E0425]: cannot find function `catch_unwind` in module `panic`
  --> test/conc_eval/prim/shift_exceeding.rs:14:25
   |
14 |     let result = panic::catch_unwind(|| {
   |                         ^^^^^^^^^^^^ not found in `panic`
   |
help: consider importing this function
   |
3  | use std::panic::catch_unwind;
   |
help: if you import `catch_unwind`, refer to it directly
   |
14 -     let result = panic::catch_unwind(|| {
14 +     let result = catch_unwind(|| {
   |

warning: lint `exceeding_bitshifts` has been renamed to `arithmetic_overflow`
 --> test/conc_eval/prim/shift_exceeding.rs:4:9
  |
4 | #[allow(exceeding_bitshifts)]
  |         ^^^^^^^^^^^^^^^^^^^ help: use the new name: `arithmetic_overflow`
  |
  = note: `#[warn(renamed_and_removed_lints)]` on by default

error: aborting due to previous error; 1 warning emitted

For more information about this error, try `rustc --explain E0425`.

FAIL (expected: Should panic, but doesn't) (0.08s)
          Compiling and running oracle program (0.08s)
            test/Test.hs:109:
            failed to compile and run
           (expected failure)
        bool:                    OK (1.02s)
          Compiling and running oracle program (0.12s)
          Oracle output: false                 (0.89s)
          Crux output: false
        ge:                      OK (1.01s)
          Compiling and running oracle program (0.12s)
          Oracle output: true                  (0.88s)
          Crux output: true
        shift1:                  OK (1.02s)
          Compiling and running oracle program (0.13s)
          Oracle output: 2                     (0.89s)
          Crux output: 2
        lit:                     FAIL (1.04s)
          Compiling and running oracle program                           (0.13s)
          Oracle output: false                                           (0.92s)
          Crux output: 
          failures:
          
          ---- lit/c6ed0473::crux_test[0] counterexamples ----
          [Crux] Found counterexample for verification goal
          [Crux]   internal: error: in lit/c6ed0473::crux_test[0]
          [Crux]   Translation error in lit/c6ed0473::crux_test[0]: fail or unimp constant: TyTuple [TyBool,TyBool] (StructRepr [MaybeRepr BoolRepr, MaybeRepr BoolRepr]) ConstTuple [ConstBool True,ConstBool True]
          
          [Crux] Overall status: Invalid.
          
            test/Test.hs:126:
            crux doesn't match oracle
          
          Use -p '$0=="crux-mir.crux concrete..prim.lit"' to rerun this test only.
        litbstring:              OK (0.99s)
          Compiling and running oracle program (0.12s)
          Oracle output: true                  (0.87s)
          Crux output: true
        mut_arg:                 OK (1.01s)
          Compiling and running oracle program (0.12s)
          Oracle output: 1                     (0.89s)
          Crux output: 1
        shift4:                  OK (1.04s)
          Compiling and running oracle program (0.12s)
          Oracle output: -9223372036854775808  (0.92s)
          Crux output: -9223372036854775808
        mut:                     OK (1.03s)
          Compiling and running oracle program (0.13s)
          Oracle output: 14                    (0.90s)
          Crux output: 14
      fnptr
        make:                    OK (1.04s)
          Compiling and running oracle program (0.13s)
          Oracle output: 0                     (0.91s)
          Crux output: 0
        call:                    OK (1.04s)
          Compiling and running oracle program (0.12s)
          Oracle output: 2                     (0.92s)
          Crux output: 2
        custom:                  rustc compilation failed for custom
error output:
error[E0432]: unresolved import `core`
 --> test/conc_eval/fnptr/custom.rs:2:5
  |
2 | use core::mem;
  |     ^^^^ maybe a missing crate `core`?
  |
  = help: consider adding `extern crate core` to use the `core` crate

error: aborting due to previous error

For more information about this error, try `rustc --explain E0432`.

FAIL (expected: taking address of an overridden function) (0.04s)
          Compiling and running oracle program (0.05s)
            test/Test.hs:109:
            failed to compile and run
           (expected failure)
        field:                   OK (1.02s)
          Compiling and running oracle program (0.14s)
          Oracle output: 2                     (0.88s)
          Crux output: 2
      mem
        maybe_uninit_array_cast: FAIL (1.05s)
          Compiling and running oracle program                           (0.13s)
          Oracle output: [1, 2]                                          (0.92s)
          Crux output: 
          failures:
          
          ---- maybe_uninit_array_cast/841e0bf8::crux_test[0] counterexamples ----
          [Crux] Found counterexample for verification goal
          [Crux]   /home/jlamar/prj/chainsaw/crucible/crux-mir/lib/core/src/ptr/mut_ptr.rs:487:43: 487:48: error: in core/7ed35d8a::ptr[0]::mut_ptr[0]::{impl#0}[0]::offset[0]::_inst1e2825177cd3b608[0]
          [Crux]   Translation error in core/7ed35d8a::ptr[0]::mut_ptr[0]::{impl#0}[0]::offset[0]::_inst1e2825177cd3b608[0]: callExp: Don't know how to call core/7ed35d8a::intrinsics[0]::{extern#0}[0]::offset[0]::_inst1e2825177cd3b608[0]
          
          [Crux] Overall status: Invalid.
          
            test/Test.hs:126:
            crux doesn't match oracle
          
          Use -p '/maybe_uninit_array_cast/' to rerun this test only.
        maybe_uninit:            FAIL (1.02s)
          Compiling and running oracle program                           (0.14s)
          Oracle output: 1                                               (0.88s)
          Crux output: 
          failures:
          
          ---- maybe_uninit/b2a646dd::crux_test[0] counterexamples ----
          [Crux] Found counterexample for verification goal
          [Crux]   internal: error: in core/7ed35d8a::mem[0]::maybe_uninit[0]::{impl#2}[0]::assume_init[0]::_inst1e2825177cd3b608[0]
          [Crux]   Translation error in core/7ed35d8a::mem[0]::maybe_uninit[0]::{impl#2}[0]::assume_init[0]::_inst1e2825177cd3b608[0]: callExp: Don't know how to call core/7ed35d8a::intrinsics[0]::{extern#0}[0]::assert_inhabited[0]::_inst1e2825177cd3b608[0]
          
          [Crux] Overall status: Invalid.
          
            test/Test.hs:126:
            crux doesn't match oracle
          
          Use -p '$0=="crux-mir.crux concrete..mem.maybe_uninit"' to rerun this test only.
      consts
        local_key:               FAIL (1.05s)
          Compiling and running oracle program                           (0.13s)
          Oracle output: 1                                               (0.92s)
          Crux output: 
          failures:
          
          ---- local_key/cc4d5e1d::crux_test[0] counterexamples ----
          [Crux] Found counterexample for verification goal
          [Crux]   test/conc_eval/consts/local_key.rs:22:78: 22:93: error: in local_key/cc4d5e1d::crux_test[0]
          [Crux]   Translation error in local_key/cc4d5e1d::crux_test[0]: cannot find static variable alloc$0/3a1fbbbh
          
          [Crux] Overall status: Invalid.
          
            test/Test.hs:126:
            crux doesn't match oracle
          
          Use -p '/local_key/' to rerun this test only.
        struct_val:              OK (1.06s)
          Compiling and running oracle program (0.14s)
          Oracle output: Foo { x: true }       (0.92s)
          Crux output: Foo { x: true }
        fn_def:                  FAIL (1.04s)
          Compiling and running oracle program (0.13s)
          Oracle output: 1                     (0.91s)
            user error (JSON Decoding of test/conc_eval/consts/fn_def.all.mir failed: Error in $.fns[0].body.blocks[0].block.terminator.func.data.rendered: parseJSON - bad rendered constant kind: Just (String "fn_ptr"))
          
          Use -p '/fn_def/' to rerun this test only.
        enum_val:                OK (1.09s)
          Compiling and running oracle program (0.13s)
          Oracle output: None                  (0.96s)
          Crux output: None
        struct_unit:             FAIL (1.10s)
          Compiling and running oracle program                           (0.13s)
          Oracle output: Err(Foo { x: () })                              (0.97s)
          Crux output: 
          failures:
          
          ---- struct_unit/b3f925bc::crux_test[0] counterexamples ----
          [Crux] Found counterexample for verification goal
          [Crux]   internal: error: in struct_unit/b3f925bc::crux_test[0]
          [Crux]   Translation error in struct_unit/b3f925bc::crux_test[0]: error building variant core/7ed35d8a::result[0]::Result[0]::Err[0]: not enough expressions -- []
          
          [Crux] Overall status: Invalid.
          
            test/Test.hs:126:
            crux doesn't match oracle
          
          Use -p '/struct_unit/' to rerun this test only.
      refs
        imm_raw:                 OK (1.04s)
          Compiling and running oracle program (0.13s)
          Oracle output: 123                   (0.90s)
          Crux output: 123
        never_mut:               rustc compilation failed for never_mut
error output:
error[E0554]: `#![feature]` may not be used on the stable release channel
 --> test/conc_eval/refs/never_mut.rs:1:1
  |
1 | #![feature(never_type)]
  | ^^^^^^^^^^^^^^^^^^^^^^^

warning: unreachable expression
 --> test/conc_eval/refs/never_mut.rs:9:21
  |
9 |             let r = &mut e;
  |                     ^^^^^-
  |                     |    |
  |                     |    any code following this expression is unreachable
  |                     unreachable expression
  |
  = note: `#[warn(unreachable_code)]` on by default

error: aborting due to previous error; 1 warning emitted

For more information about this error, try `rustc --explain E0554`.

FAIL (0.04s)
          Compiling and running oracle program (0.04s)
            test/Test.hs:109:
            failed to compile and run
          
          Use -p '/never_mut/' to rerun this test only.
        promoted_mut:            FAIL (1.06s)
          Compiling and running oracle program                           (0.13s)
          Oracle output: 0                                               (0.93s)
          Crux output: 
          failures:
          
          ---- promoted_mut/0c05e950::crux_test[0] counterexamples ----
          [Crux] Found counterexample for verification goal
          [Crux]   test/conc_eval/refs/promoted_mut.rs:4:27: 4:34: error: in promoted_mut/0c05e950::crux_test[0]
          [Crux]   Translation error in promoted_mut/0c05e950::crux_test[0]: cannot find static variable alloc$0/3a1fbbbh
          
          [Crux] Overall status: Invalid.
          
            test/Test.hs:126:
            crux doesn't match oracle
          
          Use -p '/promoted_mut/' to rerun this test only.
        mut_nested:              OK (1.06s)
          Compiling and running oracle program (0.13s)
          Oracle output: ()                    (0.92s)
          Crux output: ()
        static_mut:              OK (1.04s)
          Compiling and running oracle program (0.13s)
          Oracle output: 2                     (0.91s)
          Crux output: 2
        never:                   rustc compilation failed for never
error output:
error[E0554]: `#![feature]` may not be used on the stable release channel
 --> test/conc_eval/refs/never.rs:1:1
  |
1 | #![feature(never_type)]
  | ^^^^^^^^^^^^^^^^^^^^^^^

warning: unreachable expression
 --> test/conc_eval/refs/never.rs:9:21
  |
9 |             let r = &e;
  |                     ^-
  |                     ||
  |                     |any code following this expression is unreachable
  |                     unreachable expression
  |
  = note: `#[warn(unreachable_code)]` on by default

error: aborting due to previous error; 1 warning emitted

For more information about this error, try `rustc --explain E0554`.

FAIL (0.04s)
          Compiling and running oracle program (0.04s)
            test/Test.hs:109:
            failed to compile and run
          
          Use -p '$0=="crux-mir.crux concrete..refs.never"' to rerun this test only.
        temp:                    FAIL (1.05s)
          Compiling and running oracle program                           (0.13s)
          Oracle output: 1                                               (0.92s)
          Crux output: 
          failures:
          
          ---- temp/8e197f82::crux_test[0] counterexamples ----
          [Crux] Found counterexample for verification goal
          [Crux]   test/conc_eval/refs/temp.rs:4:13: 4:16: error: in temp/8e197f82::crux_test[0]
          [Crux]   Translation error in temp/8e197f82::crux_test[0]: cannot find static variable alloc$1/3a1fbbbh
          
          [Crux] Overall status: Invalid.
          
            test/Test.hs:126:
            crux doesn't match oracle
          
          Use -p '/temp/' to rerun this test only.
        fn_ptr:                  rustc compilation failed for fn_ptr
error output:
error[E0554]: `#![feature]` may not be used on the stable release channel
 --> test/conc_eval/refs/fn_ptr.rs:1:1
  |
1 | #![feature(never_type)]
  | ^^^^^^^^^^^^^^^^^^^^^^^

error: aborting due to previous error

For more information about this error, try `rustc --explain E0554`.

FAIL (0.04s)
          Compiling and running oracle program (0.04s)
            test/Test.hs:109:
            failed to compile and run
          
          Use -p '$0=="crux-mir.crux concrete..refs.fn_ptr"' to rerun this test only.
        fn_ptr_mut:              rustc compilation failed for fn_ptr_mut
error output:
error[E0554]: `#![feature]` may not be used on the stable release channel
 --> test/conc_eval/refs/fn_ptr_mut.rs:1:1
  |
1 | #![feature(never_type)]
  | ^^^^^^^^^^^^^^^^^^^^^^^

error: aborting due to previous error

For more information about this error, try `rustc --explain E0554`.

FAIL (0.04s)
          Compiling and running oracle program (0.04s)
            test/Test.hs:109:
            failed to compile and run
          
          Use -p '/fn_ptr_mut/' to rerun this test only.
        promoted_imm:            OK (1.08s)
          Compiling and running oracle program (0.13s)
          Oracle output: 0                     (0.95s)
          Crux output: 0
        imm_arg:                 OK (1.08s)
          Compiling and running oracle program (0.13s)
          Oracle output: 1                     (0.95s)
          Crux output: 1
        mut_tuple_field:         FAIL (1.05s)
          Compiling and running oracle program                           (0.13s)
          Oracle output: ()                                              (0.92s)
          Crux output: 
          failures:
          
          ---- mut_tuple_field/c0cb8da5::f[0] counterexamples ----
          [Crux] Found counterexample for verification goal
          [Crux]   test/conc_eval/refs/mut_tuple_field.rs:10:19: 10:25: error: in mut_tuple_field/c0cb8da5::f[0]
          [Crux]   Translation error in mut_tuple_field/c0cb8da5::f[0]: cannot find static variable alloc$0/3a1fbbbh
          
          [Crux] Overall status: Invalid.
          
            test/Test.hs:126:
            crux doesn't match oracle
          
          Use -p '/mut_tuple_field/' to rerun this test only.
        mut_raw:                 OK (1.03s)
          Compiling and running oracle program (0.13s)
          Oracle output: 123                   (0.90s)
          Crux output: 123
        imm_ref:                 OK (1.04s)
          Compiling and running oracle program (0.13s)
          Oracle output: 123                   (0.92s)
          Crux output: 123
        mut_ref:                 OK (1.03s)
          Compiling and running oracle program (0.14s)
          Oracle output: 1                     (0.89s)
          Crux output: 1
        mut_arg:                 OK (1.01s)
          Compiling and running oracle program (0.14s)
          Oracle output: 1                     (0.88s)
          Crux output: 1
      time
        instant:                 FAIL (1.80s)
          Compiling and running oracle program (0.13s)
          Oracle output: ()                    (1.67s)
            standalone use of `dyn` is not supported: TyDynamic core/7ed35d8a::error[0]::Error[0]::_trait56353a7b840403b4[0]
            CallStack (from HasCallStack):
              error, called at src/Mir/TransTy.hs:230:25 in crux-mir-0.6.0.99-inplace:Mir.TransTy
              tyToRepr, called at src/Mir/Trans.hs:810:12 in crux-mir-0.6.0.99-inplace:Mir.Trans
              evalCast', called at src/Mir/Trans.hs:878:5 in crux-mir-0.6.0.99-inplace:Mir.Trans
              evalCast, called at src/Mir/Trans.hs:930:30 in crux-mir-0.6.0.99-inplace:Mir.Trans
              evalRval, called at src/Mir/Trans.hs:1142:11 in crux-mir-0.6.0.99-inplace:Mir.Trans
              transStatement, called at src/Mir/Trans.hs:1740:68 in crux-mir-0.6.0.99-inplace:Mir.Trans
              translateBlockBody, called at src/Mir/Trans.hs:1749:28 in crux-mir-0.6.0.99-inplace:Mir.Trans
              registerBlock, called at src/Mir/Trans.hs:1789:10 in crux-mir-0.6.0.99-inplace:Mir.Trans
              genFn, called at src/Mir/Trans.hs:1835:24 in crux-mir-0.6.0.99-inplace:Mir.Trans
              transDefine, called at src/Mir/Trans.hs:2272:30 in crux-mir-0.6.0.99-inplace:Mir.Trans
              transCollection, called at src/Mir/Generate.hs:236:26 in crux-mir-0.6.0.99-inplace:Mir.Generate
              translateMIR, called at src/Mir/Language.hs:252:16 in crux-mir-0.6.0.99-inplace:Mir.Language
          
          Use -p '/instant/' to rerun this test only.
      impl
        simple:                  OK (1.03s)
          Compiling and running oracle program (0.13s)
          Oracle output: 42                    (0.90s)
          Crux output: 42
        self_mut:                OK (1.02s)
          Compiling and running oracle program (0.13s)
          Oracle output: 42                    (0.89s)
          Crux output: 42
        self:                    OK (1.03s)
          Compiling and running oracle program (0.15s)
          Oracle output: 42                    (0.88s)
          Crux output: 42
      vec_deque
        iter_clone:              FAIL (1.77s)
          Compiling and running oracle program                           (0.15s)
          Oracle output: [1, 2, 3, 2, 3]                                 (1.62s)
          Crux output: 
          failures:
          
          ---- iter_clone/a40d79d5::crux_test[0] counterexamples ----
          [Crux] Found counterexample for verification goal
          [Crux]   /home/jlamar/prj/chainsaw/crucible/crux-mir/lib/core/src/num/uint_macros.rs:89:31: 89:47 !/home/jlamar/prj/chainsaw/crucible/crux-mir/lib/core/src/num/mod.rs:965:5: 970:27: error: in core/7ed35d8a::num[0]::{impl#12}[0]::count_ones[0]
          [Crux]   Translation error in core/7ed35d8a::num[0]::{impl#12}[0]::count_ones[0]: callExp: Don't know how to call core/7ed35d8a::intrinsics[0]::{extern#0}[0]::ctpop[0]::_inst11a9dd2a3cfdbd73[0]
          
          [Crux] Overall status: Invalid.
          
            test/Test.hs:126:
            crux doesn't match oracle
          
          Use -p '/iter_clone/' to rerun this test only.
        pop:                     FAIL (1.61s)
          Compiling and running oracle program                           (0.14s)
          Oracle output: [5, 4, 3, 1, 2]                                 (1.47s)
          Crux output: 
          failures:
          
          ---- pop/358c93ef::crux_test[0] counterexamples ----
          [Crux] Found counterexample for verification goal
          [Crux]   /home/jlamar/prj/chainsaw/crucible/crux-mir/lib/core/src/num/uint_macros.rs:89:31: 89:47 !/home/jlamar/prj/chainsaw/crucible/crux-mir/lib/core/src/num/mod.rs:965:5: 970:27: error: in core/7ed35d8a::num[0]::{impl#12}[0]::count_ones[0]
          [Crux]   Translation error in core/7ed35d8a::num[0]::{impl#12}[0]::count_ones[0]: callExp: Don't know how to call core/7ed35d8a::intrinsics[0]::{extern#0}[0]::ctpop[0]::_inst11a9dd2a3cfdbd73[0]
          
          [Crux] Overall status: Invalid.
          
            test/Test.hs:126:
            crux doesn't match oracle
          
          Use -p '/vec_deque.pop/' to rerun this test only.
        push:                    FAIL (1.72s)
          Compiling and running oracle program                           (0.15s)
          Oracle output: [4, 1, 2, 3, 5]                                 (1.57s)
          Crux output: 
          failures:
          
          ---- push/f2efcdfd::crux_test[0] counterexamples ----
          [Crux] Found counterexample for verification goal
          [Crux]   lib/core/src/cmp.rs:1300:11: 1300:28: error: in core/7ed35d8a::cmp[0]::max_by[0]::_insta10905add4aa20a5[0]
          [Crux]   Translation error in core/7ed35d8a::cmp[0]::max_by[0]::_insta10905add4aa20a5[0]: illegal or unimplemented coercion from TyInt USize (concretely BVRepr 32) to TyInt B8
          
          [Crux] Overall status: Invalid.
          
            test/Test.hs:126:
            crux doesn't match oracle
          
          Use -p '/vec_deque.push/' to rerun this test only.
        retain:                  FAIL (1.66s)
          Compiling and running oracle program                           (0.15s)
          Oracle output: [1, 4]                                          (1.52s)
          Crux output: 
          failures:
          
          ---- retain/405ed612::crux_test[0] counterexamples ----
          [Crux] Found counterexample for verification goal
          [Crux]   /home/jlamar/prj/chainsaw/crucible/crux-mir/lib/core/src/num/uint_macros.rs:89:31: 89:47 !/home/jlamar/prj/chainsaw/crucible/crux-mir/lib/core/src/num/mod.rs:965:5: 970:27: error: in core/7ed35d8a::num[0]::{impl#12}[0]::count_ones[0]
          [Crux]   Translation error in core/7ed35d8a::num[0]::{impl#12}[0]::count_ones[0]: callExp: Don't know how to call core/7ed35d8a::intrinsics[0]::{extern#0}[0]::ctpop[0]::_inst11a9dd2a3cfdbd73[0]
          
          [Crux] Overall status: Invalid.
          
            test/Test.hs:126:
            crux doesn't match oracle
          
          Use -p '/retain/' to rerun this test only.
        rotate_left:             FAIL (1.77s)
          Compiling and running oracle program                           (0.15s)
          Oracle output: [3, 4, 5, 1, 2]                                 (1.62s)
          Crux output: 
          failures:
          
          ---- rotate_left/86784989::crux_test[0] counterexamples ----
          [Crux] Found counterexample for verification goal
          [Crux]   /home/jlamar/prj/chainsaw/crucible/crux-mir/lib/core/src/num/uint_macros.rs:89:31: 89:47 !/home/jlamar/prj/chainsaw/crucible/crux-mir/lib/core/src/num/mod.rs:965:5: 970:27: error: in core/7ed35d8a::num[0]::{impl#12}[0]::count_ones[0]
          [Crux]   Translation error in core/7ed35d8a::num[0]::{impl#12}[0]::count_ones[0]: callExp: Don't know how to call core/7ed35d8a::intrinsics[0]::{extern#0}[0]::ctpop[0]::_inst11a9dd2a3cfdbd73[0]
          
          [Crux] Overall status: Invalid.
          
            test/Test.hs:126:
            crux doesn't match oracle
          
          Use -p '/rotate_left/' to rerun this test only.
        rotate_right:            FAIL (1.72s)
          Compiling and running oracle program                           (0.14s)
          Oracle output: [4, 5, 1, 2, 3]                                 (1.58s)
          Crux output: 
          failures:
          
          ---- rotate_right/0cfc3b17::crux_test[0] counterexamples ----
          [Crux] Found counterexample for verification goal
          [Crux]   /home/jlamar/prj/chainsaw/crucible/crux-mir/lib/core/src/num/uint_macros.rs:89:31: 89:47 !/home/jlamar/prj/chainsaw/crucible/crux-mir/lib/core/src/num/mod.rs:965:5: 970:27: error: in core/7ed35d8a::num[0]::{impl#12}[0]::count_ones[0]
          [Crux]   Translation error in core/7ed35d8a::num[0]::{impl#12}[0]::count_ones[0]: callExp: Don't know how to call core/7ed35d8a::intrinsics[0]::{extern#0}[0]::ctpop[0]::_inst11a9dd2a3cfdbd73[0]
          
          [Crux] Overall status: Invalid.
          
            test/Test.hs:126:
            crux doesn't match oracle
          
          Use -p '/rotate_right/' to rerun this test only.
      ops
        deref3:                  OK (1.04s)
          Compiling and running oracle program (0.14s)
          Oracle output: ()                    (0.90s)
          Crux output: ()
        index3:                  OK (1.00s)
          Compiling and running oracle program (0.13s)
          Oracle output: ()                    (0.87s)
          Crux output: ()
        deref2:                  OK (1.00s)
          Compiling and running oracle program (0.14s)
          Oracle output: ()                    (0.86s)
          Crux output: ()
        deref1:                  OK (1.01s)
          Compiling and running oracle program (0.13s)
          Oracle output: ()                    (0.88s)
          Crux output: ()
        index2:                  OK (1.04s)
          Compiling and running oracle program (0.14s)
          Oracle output: ()                    (0.91s)
          Crux output: ()
        arith1:                  OK (1.05s)
          Compiling and running oracle program (0.13s)
          Oracle output: ()                    (0.92s)
          Crux output: ()
        index1:                  OK (1.03s)
          Compiling and running oracle program (0.14s)
          Oracle output: ()                    (0.89s)
          Crux output: ()
      num
        saturate:                FAIL (1.49s)
          Compiling and running oracle program                           (0.14s)
          Oracle output: ()                                              (1.36s)
          Crux output: 
          failures:
          
          ---- saturate/6a87c133::crux_test[0] counterexamples ----
          [Crux] Found counterexample for verification goal
          [Crux]   /home/jlamar/prj/chainsaw/crucible/crux-mir/lib/core/src/num/uint_macros.rs:1022:46: 1022:49 !/home/jlamar/prj/chainsaw/crucible/crux-mir/lib/core/src/num/mod.rs:305:5: 306:27: error: in core/7ed35d8a::num[0]::{impl#7}[0]::saturating_add[0]
          [Crux]   Translation error in core/7ed35d8a::num[0]::{impl#7}[0]::saturating_add[0]: callExp: Don't know how to call core/7ed35d8a::intrinsics[0]::{extern#0}[0]::saturating_add[0]::_instaddce72e1232152c[0]
          
          [Crux] Overall status: Invalid.
          
            test/Test.hs:126:
            crux doesn't match oracle
          
          Use -p '/saturate/' to rerun this test only.
        overflow:                FAIL (1.08s)
          Compiling and running oracle program                           (0.14s)
          Oracle output: ()                                              (0.94s)
          Crux output: 
          failures:
          
          ---- overflow/bd0e6831::crux_test[0] counterexamples ----
          [Crux] Found counterexample for verification goal
          [Crux]   test/conc_eval/num/overflow.rs:5:40: 5:50: error: in overflow/bd0e6831::crux_test[0]
          [Crux]   Translation error in overflow/bd0e6831::crux_test[0]: cannot find static variable alloc$0/3a1fbbbh
          
          [Crux] Overall status: Invalid.
          
            test/Test.hs:126:
            crux doesn't match oracle
          
          Use -p '/num.overflow/' to rerun this test only.
        from_bytes:              FAIL (1.05s)
          Compiling and running oracle program                           (0.13s)
          Oracle output: ()                                              (0.92s)
          Crux output: 
          failures:
          
          ---- from_bytes/4a8462ce::f[0] counterexamples ----
          [Crux] Found counterexample for verification goal
          [Crux]   /home/jlamar/prj/chainsaw/crucible/crux-mir/lib/core/src/num/uint_macros.rs:2417:37: 2417:42 !/home/jlamar/prj/chainsaw/crucible/crux-mir/lib/core/src/num/mod.rs:890:5: 891:49: error: in core/7ed35d8a::num[0]::{impl#8}[0]::from_ne_bytes[0]
          [Crux]   Translation error in core/7ed35d8a::num[0]::{impl#8}[0]::from_ne_bytes[0]: callExp: Don't know how to call core/7ed35d8a::intrinsics[0]::{extern#0}[0]::transmute[0]::_inst850c595be4adc72f[0]
          
          [Crux] Overall status: Invalid.
          
            test/Test.hs:126:
            crux doesn't match oracle
          
          Use -p '/from_bytes/' to rerun this test only.
      crypto
        add:                     FAIL (1.09s)
          Compiling and running oracle program                           (0.14s)
          Oracle output: true                                            (0.95s)
          Crux output: 
          failures:
          
          ---- add/182a6d35::crux_test[0] counterexamples ----
          [Crux] Found counterexample for verification goal
          [Crux]   lib/core/src/num/uint_macros.rs:470:54: 470:57 !lib/core/src/num/mod.rs:965:5: 970:27: error: in core/7ed35d8a::num[0]::{impl#12}[0]::unchecked_add[0]
          [Crux]   Translation error in core/7ed35d8a::num[0]::{impl#12}[0]::unchecked_add[0]: callExp: Don't know how to call core/7ed35d8a::intrinsics[0]::{extern#0}[0]::unchecked_add[0]::_instaffa7a8b1157c078[0]
          
          [Crux] Overall status: Invalid.
          
            test/Test.hs:126:
            crux doesn't match oracle
          
          Use -p '$0=="crux-mir.crux concrete..crypto.add"' to rerun this test only.
        add_noL:                 FAIL (1.06s)
          Compiling and running oracle program                           (0.14s)
          Oracle output: false                                           (0.93s)
          Crux output: 
          failures:
          
          ---- add_noL/81992a91::crux_test[0] counterexamples ----
          [Crux] Found counterexample for verification goal
          [Crux]   lib/core/src/num/uint_macros.rs:470:54: 470:57 !lib/core/src/num/mod.rs:965:5: 970:27: error: in core/7ed35d8a::num[0]::{impl#12}[0]::unchecked_add[0]
          [Crux]   Translation error in core/7ed35d8a::num[0]::{impl#12}[0]::unchecked_add[0]: callExp: Don't know how to call core/7ed35d8a::intrinsics[0]::{extern#0}[0]::unchecked_add[0]::_instaffa7a8b1157c078[0]
          
          [Crux] Overall status: Invalid.
          
            test/Test.hs:126:
            crux doesn't match oracle
          
          Use -p '/add_noL/' to rerun this test only.
      traits
        bounds2:                 FAIL (1.05s)
          Compiling and running oracle program                           (0.14s)
          Oracle output: ()                                              (0.91s)
          Crux output: 
          failures:
          
          ---- bounds2/5d337868::crux_test[0] counterexamples ----
          [Crux] Found counterexample for verification goal
          [Crux]   internal: error: in bounds2/5d337868::f[0]
          [Crux]   Translation error in bounds2/5d337868::f[0]: error building variant core/7ed35d8a::option[0]::Option[0]::Some[0]: not enough expressions -- []
          
          [Crux] Overall status: Invalid.
          
            test/Test.hs:126:
            crux doesn't match oracle
          
          Use -p '/bounds2/' to rerun this test only.
        tyfam:                   OK (1.02s)
          Compiling and running oracle program (0.13s)
          Oracle output: 23                    (0.89s)
          Crux output: 23
        dict_poly:               OK (1.03s)
          Compiling and running oracle program (0.14s)
          Oracle output: 1                     (0.89s)
          Crux output: 1
        dynamic_simple:          OK (0.98s)
          Compiling and running oracle program (0.13s)
          Oracle output: 1                     (0.85s)
          Crux output: 1
        assoc1:                  OK (1.03s)
          Compiling and running oracle program (0.14s)
          Oracle output: ()                    (0.89s)
          Crux output: ()
        static_two:              OK (1.04s)
          Compiling and running oracle program (0.13s)
          Oracle output: 1                     (0.91s)
          Crux output: 1
        static_self:             OK (1.02s)
          Compiling and running oracle program (0.14s)
          Oracle output: 42                    (0.88s)
          Crux output: 42
        generic2:                FAIL (1.05s)
          Compiling and running oracle program                           (0.13s)
          Oracle output: ()                                              (0.92s)
          Crux output: 
          failures:
          
          ---- generic2/21c9978c::crux_test[0] counterexamples ----
          [Crux] Found counterexample for verification goal
          [Crux]   internal: error: in generic2/21c9978c::f[0]
          [Crux]   Translation error in generic2/21c9978c::f[0]: error building variant core/7ed35d8a::option[0]::Option[0]::Some[0]: not enough expressions -- []
          
          [Crux] Overall status: Invalid.
          
            test/Test.hs:126:
            crux doesn't match oracle
          
          Use -p '/generic2/' to rerun this test only.
        bounds1:                 FAIL (1.08s)
          Compiling and running oracle program                           (0.14s)
          Oracle output: ()                                              (0.94s)
          Crux output: 
          failures:
          
          ---- bounds1/324a6555::crux_test[0] counterexamples ----
          [Crux] Found counterexample for verification goal
          [Crux]   internal: error: in bounds1/324a6555::f[0]
          [Crux]   Translation error in bounds1/324a6555::f[0]: error building variant core/7ed35d8a::option[0]::Option[0]::Some[0]: not enough expressions -- []
          
          [Crux] Overall status: Invalid.
          
            test/Test.hs:126:
            crux doesn't match oracle
          
          Use -p '/bounds1/' to rerun this test only.
        gen_trait_poly:          OK (1.02s)
          Compiling and running oracle program (0.13s)
          Oracle output: 12                    (0.88s)
          Crux output: 12
        dynamic_poly:            FAIL (0.17s)
          Compiling and running oracle program (0.14s)
          Oracle output: 3                     (0.03s)
            user error (Error 101 while running mir-json on test/conc_eval/traits/dynamic_poly.rs)
          
          Use -p '/dynamic_poly/' to rerun this test only.
        static:                  OK (1.00s)
          Compiling and running oracle program (0.15s)
          Oracle output: 42                    (0.85s)
          Crux output: 42
        tyfam4:                  OK (1.02s)
          Compiling and running oracle program (0.14s)
          Oracle output: 0                     (0.88s)
          Crux output: 0
        assoc2:                  OK (1.01s)
          Compiling and running oracle program (0.13s)
          Oracle output: ()                    (0.88s)
          Crux output: ()
        basics1:                 OK (1.06s)
          Compiling and running oracle program (0.14s)
          Oracle output: ()                    (0.92s)
          Crux output: ()
        gen_trait:               OK (1.01s)
          Compiling and running oracle program (0.13s)
          Oracle output: -69                   (0.88s)
          Crux output: -69
        assoc3:                  OK (1.02s)
          Compiling and running oracle program (0.14s)
          Oracle output: ()                    (0.88s)
          Crux output: ()
        default:                 OK (1.00s)
          Compiling and running oracle program (0.13s)
          Oracle output: 12                    (0.87s)
          Crux output: 12
        bounds4:                 FAIL (1.05s)
          Compiling and running oracle program                           (0.14s)
          Oracle output: ()                                              (0.90s)
          Crux output: 
          failures:
          
          ---- bounds4/a5df7d79::crux_test[0] counterexamples ----
          [Crux] Found counterexample for verification goal
          [Crux]   internal: error: in bounds4/a5df7d79::f[0]
          [Crux]   Translation error in bounds4/a5df7d79::f[0]: error building variant core/7ed35d8a::option[0]::Option[0]::Some[0]: not enough expressions -- []
          
          [Crux] Overall status: Invalid.
          
            test/Test.hs:126:
            crux doesn't match oracle
          
          Use -p '/bounds4/' to rerun this test only.
        intoiter:                OK (0.98s)
          Compiling and running oracle program (0.13s)
          Oracle output: 0                     (0.85s)
          Crux output: 0
        tyfam5:                  OK (1.02s)
          Compiling and running oracle program (0.14s)
          Oracle output: ()                    (0.87s)
          Crux output: ()
        dict_polymem:            OK (1.04s)
          Compiling and running oracle program (0.13s)
          Oracle output: 4                     (0.91s)
          Crux output: 4
        dynamic_branch:          FAIL (0.19s)
          Compiling and running oracle program (0.16s)
          Oracle output: 1                     (0.03s)
            user error (Error 101 while running mir-json on test/conc_eval/traits/dynamic_branch.rs)
          
          Use -p '/dynamic_branch/' to rerun this test only.
        subtrait:                OK (1.00s)
          Compiling and running oracle program (0.13s)
          Oracle output: 73                    (0.86s)
          Crux output: 73
        params:                  OK (1.00s)
          Compiling and running oracle program (0.14s)
          Oracle output: 25                    (0.86s)
          Crux output: 25
        conv:                    OK (1.00s)
          Compiling and running oracle program (0.13s)
          Oracle output: 1                     (0.87s)
          Crux output: 1
        bounds5:                 FAIL (1.07s)
          Compiling and running oracle program                           (0.14s)
          Oracle output: ()                                              (0.93s)
          Crux output: 
          failures:
          
          ---- bounds5/5b4757b0::crux_test[0] counterexamples ----
          [Crux] Found counterexample for verification goal
          [Crux]   internal: error: in bounds5/5b4757b0::f[0]
          [Crux]   Translation error in bounds5/5b4757b0::f[0]: error building variant core/7ed35d8a::option[0]::Option[0]::Some[0]: not enough expressions -- []
          
          [Crux] Overall status: Invalid.
          
            test/Test.hs:126:
            crux doesn't match oracle
          
          Use -p '/bounds5/' to rerun this test only.
        dict_simple:             OK (1.01s)
          Compiling and running oracle program (0.13s)
          Oracle output: 32                    (0.88s)
          Crux output: 32
        subtrait2:               OK (1.05s)
          Compiling and running oracle program (0.13s)
          Oracle output: 64                    (0.92s)
          Crux output: 64
        generic3:                FAIL (1.05s)
          Compiling and running oracle program                           (0.13s)
          Oracle output: ()                                              (0.92s)
          Crux output: 
          failures:
          
          ---- generic3/a3e60e58::crux_test[0] counterexamples ----
          [Crux] Found counterexample for verification goal
          [Crux]   internal: error: in generic3/a3e60e58::f[0]
          [Crux]   Translation error in generic3/a3e60e58::f[0]: error building variant core/7ed35d8a::option[0]::Option[0]::Some[0]: not enough expressions -- []
          
          [Crux] Overall status: Invalid.
          
            test/Test.hs:126:
            crux doesn't match oracle
          
          Use -p '/generic3/' to rerun this test only.
        bounds3:                 FAIL (1.02s)
          Compiling and running oracle program                           (0.16s)
          Oracle output: ()                                              (0.87s)
          Crux output: 
          failures:
          
          ---- bounds3/ad390bcf::crux_test[0] counterexamples ----
          [Crux] Found counterexample for verification goal
          [Crux]   internal: error: in bounds3/ad390bcf::f[0]
          [Crux]   Translation error in bounds3/ad390bcf::f[0]: error building variant core/7ed35d8a::option[0]::Option[0]::Some[0]: not enough expressions -- []
          
          [Crux] Overall status: Invalid.
          
            test/Test.hs:126:
            crux doesn't match oracle
          
          Use -p '/bounds3/' to rerun this test only.
        static_eq:               OK (0.98s)
          Compiling and running oracle program (0.13s)
          Oracle output: true                  (0.85s)
          Crux output: true
        static_three:            OK (1.05s)
          Compiling and running oracle program (0.14s)
          Oracle output: 2                     (0.92s)
          Crux output: 2
        tyfam2:                  OK (1.04s)
          Compiling and running oracle program (0.13s)
          Oracle output: 23                    (0.91s)
          Crux output: 23
        dict_med:                OK (1.03s)
          Compiling and running oracle program (0.14s)
          Oracle output: 42                    (0.89s)
          Crux output: 42
        tyfam3:                  OK (1.00s)
          Compiling and running oracle program (0.15s)
          Oracle output: 23                    (0.86s)
          Crux output: 23
        generic1:                FAIL (1.07s)
          Compiling and running oracle program                           (0.14s)
          Oracle output: ()                                              (0.93s)
          Crux output: 
          failures:
          
          ---- generic1/c742374a::crux_test[0] counterexamples ----
          [Crux] Found counterexample for verification goal
          [Crux]   internal: error: in generic1/c742374a::f[0]
          [Crux]   Translation error in generic1/c742374a::f[0]: error building variant core/7ed35d8a::option[0]::Option[0]::Some[0]: not enough expressions -- []
          
          [Crux] Overall status: Invalid.
          
            test/Test.hs:126:
            crux doesn't match oracle
          
          Use -p '/generic1/' to rerun this test only.
        dynamic_med:             FAIL (0.16s)
          Compiling and running oracle program (0.13s)
          Oracle output: 1                     (0.03s)
            user error (Error 101 while running mir-json on test/conc_eval/traits/dynamic_med.rs)
          
          Use -p '/dynamic_med/' to rerun this test only.
        dynamic_two:             FAIL (0.17s)
          Compiling and running oracle program (0.14s)
          Oracle output: 1                     (0.03s)
            user error (Error 101 while running mir-json on test/conc_eval/traits/dynamic_two.rs)
          
          Use -p '/dynamic_two/' to rerun this test only.
      io
        cursor_read:             FAIL (1.50s)
          Compiling and running oracle program (0.15s)
          Oracle output: 0                     (1.34s)
            standalone use of `dyn` is not supported: TyDynamic core/7ed35d8a::error[0]::Error[0]::_trait56353a7b840403b4[0]
            CallStack (from HasCallStack):
              error, called at src/Mir/TransTy.hs:230:25 in crux-mir-0.6.0.99-inplace:Mir.TransTy
              tyToRepr, called at src/Mir/Trans.hs:810:12 in crux-mir-0.6.0.99-inplace:Mir.Trans
              evalCast', called at src/Mir/Trans.hs:878:5 in crux-mir-0.6.0.99-inplace:Mir.Trans
              evalCast, called at src/Mir/Trans.hs:930:30 in crux-mir-0.6.0.99-inplace:Mir.Trans
              evalRval, called at src/Mir/Trans.hs:1142:11 in crux-mir-0.6.0.99-inplace:Mir.Trans
              transStatement, called at src/Mir/Trans.hs:1740:68 in crux-mir-0.6.0.99-inplace:Mir.Trans
              translateBlockBody, called at src/Mir/Trans.hs:1749:28 in crux-mir-0.6.0.99-inplace:Mir.Trans
              registerBlock, called at src/Mir/Trans.hs:1789:10 in crux-mir-0.6.0.99-inplace:Mir.Trans
              genFn, called at src/Mir/Trans.hs:1835:24 in crux-mir-0.6.0.99-inplace:Mir.Trans
              transDefine, called at src/Mir/Trans.hs:2272:30 in crux-mir-0.6.0.99-inplace:Mir.Trans
              transCollection, called at src/Mir/Generate.hs:236:26 in crux-mir-0.6.0.99-inplace:Mir.Generate
              translateMIR, called at src/Mir/Language.hs:252:16 in crux-mir-0.6.0.99-inplace:Mir.Language
          
          Use -p '/io.cursor_read/' to rerun this test only.
        cursor_write2:           FAIL (1.87s)
          Compiling and running oracle program (0.15s)
          Oracle output: 0                     (1.72s)
            standalone use of `dyn` is not supported: TyDynamic core/7ed35d8a::error[0]::Error[0]::_trait56353a7b840403b4[0]
            CallStack (from HasCallStack):
              error, called at src/Mir/TransTy.hs:230:25 in crux-mir-0.6.0.99-inplace:Mir.TransTy
              tyToRepr, called at src/Mir/Trans.hs:810:12 in crux-mir-0.6.0.99-inplace:Mir.Trans
              evalCast', called at src/Mir/Trans.hs:878:5 in crux-mir-0.6.0.99-inplace:Mir.Trans
              evalCast, called at src/Mir/Trans.hs:930:30 in crux-mir-0.6.0.99-inplace:Mir.Trans
              evalRval, called at src/Mir/Trans.hs:1142:11 in crux-mir-0.6.0.99-inplace:Mir.Trans
              transStatement, called at src/Mir/Trans.hs:1740:68 in crux-mir-0.6.0.99-inplace:Mir.Trans
              translateBlockBody, called at src/Mir/Trans.hs:1749:28 in crux-mir-0.6.0.99-inplace:Mir.Trans
              registerBlock, called at src/Mir/Trans.hs:1789:10 in crux-mir-0.6.0.99-inplace:Mir.Trans
              genFn, called at src/Mir/Trans.hs:1835:24 in crux-mir-0.6.0.99-inplace:Mir.Trans
              transDefine, called at src/Mir/Trans.hs:2272:30 in crux-mir-0.6.0.99-inplace:Mir.Trans
              transCollection, called at src/Mir/Generate.hs:236:26 in crux-mir-0.6.0.99-inplace:Mir.Generate
              translateMIR, called at src/Mir/Language.hs:252:16 in crux-mir-0.6.0.99-inplace:Mir.Language
          
          Use -p '/cursor_write2/' to rerun this test only.
        cursor_write:            FAIL (1.48s)
          Compiling and running oracle program (0.14s)
          Oracle output: 0                     (1.33s)
            standalone use of `dyn` is not supported: TyDynamic core/7ed35d8a::error[0]::Error[0]::_trait56353a7b840403b4[0]
            CallStack (from HasCallStack):
              error, called at src/Mir/TransTy.hs:230:25 in crux-mir-0.6.0.99-inplace:Mir.TransTy
              tyToRepr, called at src/Mir/Trans.hs:810:12 in crux-mir-0.6.0.99-inplace:Mir.Trans
              evalCast', called at src/Mir/Trans.hs:878:5 in crux-mir-0.6.0.99-inplace:Mir.Trans
              evalCast, called at src/Mir/Trans.hs:930:30 in crux-mir-0.6.0.99-inplace:Mir.Trans
              evalRval, called at src/Mir/Trans.hs:1142:11 in crux-mir-0.6.0.99-inplace:Mir.Trans
              transStatement, called at src/Mir/Trans.hs:1740:68 in crux-mir-0.6.0.99-inplace:Mir.Trans
              translateBlockBody, called at src/Mir/Trans.hs:1749:28 in crux-mir-0.6.0.99-inplace:Mir.Trans
              registerBlock, called at src/Mir/Trans.hs:1789:10 in crux-mir-0.6.0.99-inplace:Mir.Trans
              genFn, called at src/Mir/Trans.hs:1835:24 in crux-mir-0.6.0.99-inplace:Mir.Trans
              transDefine, called at src/Mir/Trans.hs:2272:30 in crux-mir-0.6.0.99-inplace:Mir.Trans
              transCollection, called at src/Mir/Generate.hs:236:26 in crux-mir-0.6.0.99-inplace:Mir.Generate
              translateMIR, called at src/Mir/Language.hs:252:16 in crux-mir-0.6.0.99-inplace:Mir.Language
          
          Use -p '$0=="crux-mir.crux concrete..io.cursor_write"' to rerun this test only.
      statics
        promoted_static:         OK (1.00s)
          Compiling and running oracle program (0.13s)
          Oracle output: 1                     (0.88s)
          Crux output: 1
        promoted_fn:             FAIL (1.04s)
          Compiling and running oracle program                           (0.14s)
          Oracle output: 1                                               (0.90s)
          Crux output: 
          failures:
          
          ---- promoted_fn/8e484c2a::crux_test[0] counterexamples ----
          [Crux] Found counterexample for verification goal
          [Crux]   test/conc_eval/statics/promoted_fn.rs:4:13: 4:16: error: in promoted_fn/8e484c2a::crux_test[0]
          [Crux]   Translation error in promoted_fn/8e484c2a::crux_test[0]: cannot find static variable alloc$1/3a1fbbbh
          
          [Crux] Overall status: Invalid.
          
            test/Test.hs:126:
            crux doesn't match oracle
          
          Use -p '/promoted_fn/' to rerun this test only.
      struct
        repr_transparent:        FAIL (1.07s)
          Compiling and running oracle program                           (0.14s)
          Oracle output: 6                                               (0.93s)
          Crux output: 
          failures:
          
          ---- repr_transparent/5ed63a8b::crux_test[0] counterexamples ----
          [Crux] Found counterexample for verification goal
          [Crux]   /home/jlamar/prj/chainsaw/crucible/crux-mir/lib/core/src/ptr/const_ptr.rs:61:9: 61:18: error: in core/7ed35d8a::ptr[0]::const_ptr[0]::{impl#0}[0]::cast[0]::_inst1fe84093a10a77db[0]
          [Crux]   Translation error in core/7ed35d8a::ptr[0]::const_ptr[0]::{impl#0}[0]::cast[0]::_inst1fe84093a10a77db[0]: unimplemented cast: Misc
          [Crux]     ty: TyRawPtr (TyInt B32) Immut
          [Crux]     as: TyRawPtr (TyArray (TyInt B32) 2) Immut
          
          [Crux] Overall status: Invalid.
          
            test/Test.hs:126:
            crux doesn't match oracle
          
          Use -p '$0=="crux-mir.crux concrete..struct.repr_transparent"' to rerun this test only.
        repr_transparent_const:  OK (1.00s)
          Compiling and running oracle program (0.14s)
          Oracle output: 124                   (0.86s)
          Crux output: 124
        field_order:             OK (1.04s)
          Compiling and running oracle program (0.13s)
          Oracle output: ()                    (0.91s)
          Crux output: ()
        arg:                     OK (0.99s)
          Compiling and running oracle program (0.14s)
          Oracle output: 42                    (0.85s)
          Crux output: 42
        proj:                    OK (1.02s)
          Compiling and running oracle program (0.13s)
          Oracle output: 42                    (0.88s)
          Crux output: 42
        ret:                     OK (1.05s)
          Compiling and running oracle program (0.14s)
          Oracle output: S { x: 42, y: 120 }   (0.91s)
          Crux output: S { x: 42, y: 120 }
        tup:                     OK (1.06s)
          Compiling and running oracle program (0.13s)
          Oracle output: ()                    (0.92s)
          Crux output: ()
      ptr
        valid_eq:                OK (1.06s)
          Compiling and running oracle program (0.15s)
          Oracle output: ()                    (0.91s)
          Crux output: ()
        cast_eq:                 OK (1.03s)
          Compiling and running oracle program (0.13s)
          Oracle output: ()                    (0.90s)
          Crux output: ()
        read_write:              OK (1.10s)
          Compiling and running oracle program (0.14s)
          Oracle output: [1, 3, 1]             (0.96s)
          Crux output: [1, 3, 1]
        coerce_unsized:          rustc compilation failed for coerce_unsized
error output:
warning: unused import: `std::ptr`
 --> test/conc_eval/ptr/coerce_unsized.rs:5:5
  |
5 | use std::ptr;
  |     ^^^^^^^^
  |
  = note: `#[warn(unused_imports)]` on by default

error[E0554]: `#![feature]` may not be used on the stable release channel
 --> test/conc_eval/ptr/coerce_unsized.rs:1:12
  |
1 | #![feature(unsize)]
  |            ^^^^^^

error[E0554]: `#![feature]` may not be used on the stable release channel
 --> test/conc_eval/ptr/coerce_unsized.rs:2:12
  |
2 | #![feature(coerce_unsized)]
  |            ^^^^^^^^^^^^^^

error: aborting due to 2 previous errors; 1 warning emitted

For more information about this error, try `rustc --explain E0554`.

FAIL (0.04s)
          Compiling and running oracle program (0.04s)
            test/Test.hs:109:
            failed to compile and run
          
          Use -p '/coerce_unsized/' to rerun this test only.
        null_eq:                 FAIL (1.06s)
          Compiling and running oracle program                           (0.14s)
          Oracle output: 1                                               (0.93s)
          Crux output: 
          failures:
          
          ---- null_eq/399f1a30::crux_test[0] counterexamples ----
          [Crux] Found counterexample for verification goal
          [Crux]   /home/jlamar/prj/chainsaw/crucible/crux-mir/lib/core/src/ptr/mod.rs:568:29: 568:33: error: in core/7ed35d8a::ptr[0]::invalid[0]::_instf59dc84daa91a404[0]
          [Crux]   Translation error in core/7ed35d8a::ptr[0]::invalid[0]::_instf59dc84daa91a404[0]: callExp: Don't know how to call core/7ed35d8a::intrinsics[0]::{extern#0}[0]::transmute[0]::_insta5d0a99e3b08f3bd[0]
          
          [Crux] Overall status: Invalid.
          
            test/Test.hs:126:
            crux doesn't match oracle
          
          Use -p '/null_eq/' to rerun this test only.
        offset_from:             rustc compilation failed for offset_from
error output:
warning: unused import: `std::ptr`
 --> test/conc_eval/ptr/offset_from.rs:2:5
  |
2 | use std::ptr;
  |     ^^^^^^^^
  |
  = note: `#[warn(unused_imports)]` on by default

error[E0554]: `#![feature]` may not be used on the stable release channel
 --> test/conc_eval/ptr/offset_from.rs:1:12
  |
1 | #![feature(ptr_offset_from)]
  |            ^^^^^^^^^^^^^^^

warning: the feature `ptr_offset_from` has been stable since 1.47.0 and no longer requires an attribute to enable
 --> test/conc_eval/ptr/offset_from.rs:1:12
  |
1 | #![feature(ptr_offset_from)]
  |            ^^^^^^^^^^^^^^^
  |
  = note: `#[warn(stable_features)]` on by default

error: aborting due to previous error; 2 warnings emitted

For more information about this error, try `rustc --explain E0554`.

FAIL (0.06s)
          Compiling and running oracle program (0.06s)
            test/Test.hs:109:
            failed to compile and run
          
          Use -p '/offset_from/' to rerun this test only.
        is_null:                 FAIL (1.06s)
          Compiling and running oracle program                           (0.14s)
          Oracle output: (false, true)                                   (0.91s)
          Crux output: 
          failures:
          
          ---- is_null/42d14c9d::crux_test[0] counterexamples ----
          [Crux] Found counterexample for verification goal
          [Crux]   test/conc_eval/ptr/is_null.rs:5:13: 5:15: error: in is_null/42d14c9d::crux_test[0]
          [Crux]   Translation error in is_null/42d14c9d::crux_test[0]: cannot find static variable alloc$0/3a1fbbbh
          
          [Crux] Overall status: Invalid.
          
            test/Test.hs:126:
            crux doesn't match oracle
          
          Use -p '$0=="crux-mir.crux concrete..ptr.is_null"' to rerun this test only.
        dangling_eq:             FAIL (1.03s)
          Compiling and running oracle program                           (0.13s)
          Oracle output: ()                                              (0.90s)
          Crux output: 
          failures:
          
          ---- dangling_eq/f33166fd::crux_test[0] counterexamples ----
          [Crux] Found counterexample for verification goal
          [Crux]   /home/jlamar/prj/chainsaw/crucible/crux-mir/lib/core/src/ptr/mod.rs:599:29: 599:33: error: in core/7ed35d8a::ptr[0]::invalid_mut[0]::_inst1e2825177cd3b608[0]
          [Crux]   Translation error in core/7ed35d8a::ptr[0]::invalid_mut[0]::_inst1e2825177cd3b608[0]: callExp: Don't know how to call core/7ed35d8a::intrinsics[0]::{extern#0}[0]::transmute[0]::_inst102627303ebf2823[0]
          
          [Crux] Overall status: Invalid.
          
            test/Test.hs:126:
            crux doesn't match oracle
          
          Use -p '/dangling_eq/' to rerun this test only.
        offset:                  FAIL (1.06s)
          Compiling and running oracle program                           (0.15s)
          Oracle output: 3                                               (0.92s)
          Crux output: 
          failures:
          
          ---- offset/dd961ed4::crux_test[0] counterexamples ----
          [Crux] Found counterexample for verification goal
          [Crux]   /home/jlamar/prj/chainsaw/crucible/crux-mir/lib/core/src/ptr/const_ptr.rs:473:43: 473:48: error: in core/7ed35d8a::ptr[0]::const_ptr[0]::{impl#0}[0]::offset[0]::_inst1e2825177cd3b608[0]
          [Crux]   Translation error in core/7ed35d8a::ptr[0]::const_ptr[0]::{impl#0}[0]::offset[0]::_inst1e2825177cd3b608[0]: callExp: Don't know how to call core/7ed35d8a::intrinsics[0]::{extern#0}[0]::offset[0]::_inst1e2825177cd3b608[0]
          
          [Crux] Overall status: Invalid.
          
            test/Test.hs:126:
            crux doesn't match oracle
          
          Use -p '$0=="crux-mir.crux concrete..ptr.offset"' to rerun this test only.
        offset_mut:              FAIL (1.07s)
          Compiling and running oracle program                           (0.13s)
          Oracle output: 3                                               (0.93s)
          Crux output: 
          failures:
          
          ---- offset_mut/b36ef04b::crux_test[0] counterexamples ----
          [Crux] Found counterexample for verification goal
          [Crux]   /home/jlamar/prj/chainsaw/crucible/crux-mir/lib/core/src/ptr/mut_ptr.rs:487:43: 487:48: error: in core/7ed35d8a::ptr[0]::mut_ptr[0]::{impl#0}[0]::offset[0]::_inst1e2825177cd3b608[0]
          [Crux]   Translation error in core/7ed35d8a::ptr[0]::mut_ptr[0]::{impl#0}[0]::offset[0]::_inst1e2825177cd3b608[0]: callExp: Don't know how to call core/7ed35d8a::intrinsics[0]::{extern#0}[0]::offset[0]::_inst1e2825177cd3b608[0]
          
          [Crux] Overall status: Invalid.
          
            test/Test.hs:126:
            crux doesn't match oracle
          
          Use -p '/offset_mut/' to rerun this test only.
        unsize_slice:            FAIL (1.06s)
          Compiling and running oracle program                           (0.14s)
          Oracle output: (1, 2)                                          (0.91s)
          Crux output: 
          failures:
          
          ---- unsize_slice/0d5b391d::crux_test[0] counterexamples ----
          [Crux] Found counterexample for verification goal
          [Crux]   /home/jlamar/prj/chainsaw/crucible/crux-mir/lib/core/src/ptr/const_ptr.rs:473:43: 473:48: error: in core/7ed35d8a::ptr[0]::const_ptr[0]::{impl#0}[0]::offset[0]::_inst1e2825177cd3b608[0]
          [Crux]   Translation error in core/7ed35d8a::ptr[0]::const_ptr[0]::{impl#0}[0]::offset[0]::_inst1e2825177cd3b608[0]: callExp: Don't know how to call core/7ed35d8a::intrinsics[0]::{extern#0}[0]::offset[0]::_inst1e2825177cd3b608[0]
          
          [Crux] Overall status: Invalid.
          
            test/Test.hs:126:
            crux doesn't match oracle
          
          Use -p '/unsize_slice/' to rerun this test only.
        struct_eq:               OK (1.03s)
          Compiling and running oracle program (0.13s)
          Oracle output: ()                    (0.90s)
          Crux output: ()
        copy:                    OK (1.08s)
          Compiling and running oracle program (0.15s)
          Oracle output: [1, 2, 3, 1, 2, 3]    (0.93s)
          Crux output: [1, 2, 3, 1, 2, 3]
        is_null_slice:           FAIL (expected: can't unsize null pointers) (1.05s)
          Compiling and running oracle program                           (0.14s)
          Oracle output: (false, true)                                   (0.91s)
          Crux output: 
          failures:
          
          ---- is_null_slice/767ccbda::crux_test[0] counterexamples ----
          [Crux] Found counterexample for verification goal
          [Crux]   test/conc_eval/ptr/is_null_slice.rs:6:13: 6:20: error: in is_null_slice/767ccbda::crux_test[0]
          [Crux]   Translation error in is_null_slice/767ccbda::crux_test[0]: cannot find static variable alloc$0/3a1fbbbh
          
          [Crux] Overall status: Invalid.
          
            test/Test.hs:126:
            crux doesn't match oracle
           (expected failure)
  crux symbolic
    Output testing
      sort_by_key:               [0KFAIL (1.57s)
        files test/symb_eval/vec/sort_by_key.good and test/symb_eval/vec/sort_by_key.out differ; test/symb_eval/vec/sort_by_key.out contains:
        test sort_by_key/43dcef21::f[0]: FAILED
        
        failures:
        
        ---- sort_by_key/43dcef21::f[0] counterexamples ----
        [Crux] Found counterexample for verification goal
        [Crux]   /home/jlamar/prj/chainsaw/crucible/crux-mir/lib/core/src/num/uint_macros.rs:89:31: 89:47 !/home/jlamar/prj/chainsaw/crucible/crux-mir/lib/core/src/num/mod.rs:965:5: 970:27: error: in core/7ed35d8a::num[0]::{impl#12}[0]::count_ones[0]
        [Crux]   Translation error in core/7ed35d8a::num[0]::{impl#12}[0]::count_ones[0]: callExp: Don't know how to call core/7ed35d8a::intrinsics[0]::{extern#0}[0]::ctpop[0]::_inst11a9dd2a3cfdbd73[0]
        
        [Crux] Overall status: Invalid.
        
        Use -p '/sort_by_key/' to rerun this test only.
      clone:                     [0KFAIL (1.10s)
        files test/symb_eval/vec/clone.good and test/symb_eval/vec/clone.out differ; test/symb_eval/vec/clone.out contains:
        test clone/b5c63e0e::f[0]: FAILED
        
        failures:
        
        ---- clone/b5c63e0e::f[0] counterexamples ----
        [Crux] Found counterexample for verification goal
        [Crux]   /home/jlamar/prj/chainsaw/crucible/crux-mir/lib/core/src/num/uint_macros.rs:89:31: 89:47 !/home/jlamar/prj/chainsaw/crucible/crux-mir/lib/core/src/num/mod.rs:965:5: 970:27: error: in core/7ed35d8a::num[0]::{impl#12}[0]::count_ones[0]
        [Crux]   Translation error in core/7ed35d8a::num[0]::{impl#12}[0]::count_ones[0]: callExp: Don't know how to call core/7ed35d8a::intrinsics[0]::{extern#0}[0]::ctpop[0]::_inst11a9dd2a3cfdbd73[0]
        
        [Crux] Overall status: Invalid.
        
        Use -p '/Output testing.clone/' to rerun this test only.
      into_iter:                 [0KFAIL (1.67s)
        files test/symb_eval/vec/into_iter.good and test/symb_eval/vec/into_iter.out differ; test/symb_eval/vec/into_iter.out contains:
        test into_iter/9e3ff4b9::f[0]: FAILED
        
        failures:
        
        ---- into_iter/9e3ff4b9::f[0] counterexamples ----
        [Crux] Found counterexample for verification goal
        [Crux]   /home/jlamar/prj/chainsaw/crucible/crux-mir/lib/core/src/num/uint_macros.rs:89:31: 89:47 !/home/jlamar/prj/chainsaw/crucible/crux-mir/lib/core/src/num/mod.rs:965:5: 970:27: error: in core/7ed35d8a::num[0]::{impl#12}[0]::count_ones[0]
        [Crux]   Translation error in core/7ed35d8a::num[0]::{impl#12}[0]::count_ones[0]: callExp: Don't know how to call core/7ed35d8a::intrinsics[0]::{extern#0}[0]::ctpop[0]::_inst11a9dd2a3cfdbd73[0]
        
        [Crux] Overall status: Invalid.
        
        Use -p '/into_iter/' to rerun this test only.
      macro:                     [0KFAIL (1.05s)
        files test/symb_eval/vec/macro.good and test/symb_eval/vec/macro.out differ; test/symb_eval/vec/macro.out contains:
        test macro/7e21692f::f[0]: FAILED
        
        failures:
        
        ---- macro/7e21692f::f[0] counterexamples ----
        [Crux] Found counterexample for verification goal
        [Crux]   /home/jlamar/prj/chainsaw/crucible/crux-mir/lib/core/src/num/uint_macros.rs:89:31: 89:47 !/home/jlamar/prj/chainsaw/crucible/crux-mir/lib/core/src/num/mod.rs:965:5: 970:27: error: in core/7ed35d8a::num[0]::{impl#12}[0]::count_ones[0]
        [Crux]   Translation error in core/7ed35d8a::num[0]::{impl#12}[0]::count_ones[0]: callExp: Don't know how to call core/7ed35d8a::intrinsics[0]::{extern#0}[0]::ctpop[0]::_inst11a9dd2a3cfdbd73[0]
        
        [Crux] Overall status: Invalid.
        
        Use -p '/Output testing.macro/' to rerun this test only.
      override4:                 [0KFAIL (0.96s)
        files test/symb_eval/overrides/override4.good and test/symb_eval/overrides/override4.out differ; test/symb_eval/overrides/override4.out contains:
        test override4/5f4a247f::f[0]: FAILED
        
        failures:
        
        ---- override4/5f4a247f::f[0] counterexamples ----
        [Crux] Found counterexample for verification goal
        [Crux]   /home/jlamar/prj/chainsaw/crucible/crux-mir/lib/core/src/macros/mod.rs:709:24: 709:45 !lib/crucible/symbolic.rs:30:1: 36:2: error: in crucible/5888ca02::symbolic[0]::symbolic_u8[0]
        [Crux]   Translation error in crucible/5888ca02::symbolic[0]::symbolic_u8[0]: cannot find static variable alloc$8/3a1fbbbh
        
        [Crux] Overall status: Invalid.
        
        Use -p '/override4/' to rerun this test only.
      bad_symb2:                 [0KFAIL (0.95s)
        files test/symb_eval/overrides/bad_symb2.good and test/symb_eval/overrides/bad_symb2.out differ; test/symb_eval/overrides/bad_symb2.out contains:
        test bad_symb2/db5a10b0::crux_test[0]: FAILED
        
        failures:
        
        ---- bad_symb2/db5a10b0::crux_test[0] counterexamples ----
        [Crux] Found counterexample for verification goal
        [Crux]   /home/jlamar/prj/chainsaw/crucible/crux-mir/lib/core/src/macros/mod.rs:709:24: 709:45 !lib/crucible/symbolic.rs:30:1: 36:2: error: in crucible/5888ca02::symbolic[0]::symbolic_u8[0]
        [Crux]   Translation error in crucible/5888ca02::symbolic[0]::symbolic_u8[0]: cannot find static variable alloc$8/3a1fbbbh
        
        [Crux] Overall status: Invalid.
        
        Use -p '/bad_symb2/' to rerun this test only.
      override3:                 [0KFAIL (0.96s)
        files test/symb_eval/overrides/override3.good and test/symb_eval/overrides/override3.out differ; test/symb_eval/overrides/override3.out contains:
        test override3/5788e0ec::f[0]: FAILED
        
        failures:
        
        ---- override3/5788e0ec::f[0] counterexamples ----
        [Crux] Found counterexample for verification goal
        [Crux]   /home/jlamar/prj/chainsaw/crucible/crux-mir/lib/core/src/macros/mod.rs:709:24: 709:45 !lib/crucible/symbolic.rs:30:1: 36:2: error: in crucible/5888ca02::symbolic[0]::symbolic_u8[0]
        [Crux]   Translation error in crucible/5888ca02::symbolic[0]::symbolic_u8[0]: cannot find static variable alloc$8/3a1fbbbh
        
        [Crux] Overall status: Invalid.
        
        Use -p '/override3/' to rerun this test only.
      override2:                 [0KFAIL (0.95s)
        files test/symb_eval/overrides/override2.good and test/symb_eval/overrides/override2.out differ; test/symb_eval/overrides/override2.out contains:
        test override2/463e2c44::f[0]: FAILED
        
        failures:
        
        ---- override2/463e2c44::f[0] counterexamples ----
        [Crux] Found counterexample for verification goal
        [Crux]   /home/jlamar/prj/chainsaw/crucible/crux-mir/lib/core/src/macros/mod.rs:709:24: 709:45 !lib/crucible/symbolic.rs:30:1: 36:2: error: in crucible/5888ca02::symbolic[0]::symbolic_u8[0]
        [Crux]   Translation error in crucible/5888ca02::symbolic[0]::symbolic_u8[0]: cannot find static variable alloc$8/3a1fbbbh
        
        [Crux] Overall status: Invalid.
        
        Use -p '/override2/' to rerun this test only.
      bad_symb1:                 [0KFAIL (1.00s)
        files test/symb_eval/overrides/bad_symb1.good and test/symb_eval/overrides/bad_symb1.out differ; test/symb_eval/overrides/bad_symb1.out contains:
        test bad_symb1/69aa9e9b::crux_test[0]: FAILED
        
        failures:
        
        ---- bad_symb1/69aa9e9b::crux_test[0] counterexamples ----
        [Crux] Found counterexample for verification goal
        [Crux]   /home/jlamar/prj/chainsaw/crucible/crux-mir/lib/core/src/macros/mod.rs:709:24: 709:45 !lib/crucible/symbolic.rs:30:1: 36:2: error: in crucible/5888ca02::symbolic[0]::symbolic_u8[0]
        [Crux]   Translation error in crucible/5888ca02::symbolic[0]::symbolic_u8[0]: cannot find static variable alloc$8/3a1fbbbh
        
        [Crux] Overall status: Invalid.
        
        Use -p '/bad_symb1/' to rerun this test only.
      override5:                 [0KFAIL (0.99s)
        files test/symb_eval/overrides/override5.good and test/symb_eval/overrides/override5.out differ; test/symb_eval/overrides/override5.out contains:
        test override5/ae1ba196::f[0]: FAILED
        
        failures:
        
        ---- override5/ae1ba196::f[0] counterexamples ----
        [Crux] Found counterexample for verification goal
        [Crux]   /home/jlamar/prj/chainsaw/crucible/crux-mir/lib/core/src/macros/mod.rs:709:24: 709:45 !lib/crucible/symbolic.rs:30:1: 36:2: error: in crucible/5888ca02::symbolic[0]::symbolic_u64[0]
        [Crux]   Translation error in crucible/5888ca02::symbolic[0]::symbolic_u64[0]: cannot find static variable alloc$6/3a1fbbbh
        
        [Crux] Overall status: Invalid.
        
        Use -p '/override5/' to rerun this test only.
      override1:                 [0KFAIL (0.91s)
        files test/symb_eval/overrides/override1.good and test/symb_eval/overrides/override1.out differ; test/symb_eval/overrides/override1.out contains:
        test override1/c3978c77::f[0]: FAILED
        
        failures:
        
        ---- override1/c3978c77::f[0] counterexamples ----
        [Crux] Found counterexample for verification goal
        [Crux]   internal: error: in crucible/5888ca02::one[0]
        [Crux]   panicking::panic, called from crucible/5888ca02::one[0]
        
        [Crux] Overall status: Invalid.
        
        Use -p '/override1/' to rerun this test only.
      override_rust:             [0KFAIL (0.95s)
        files test/symb_eval/overrides/override_rust.good and test/symb_eval/overrides/override_rust.out differ; test/symb_eval/overrides/override_rust.out contains:
        test override_rust/59b18491::crux_test[0]: FAILED
        
        failures:
        
        ---- override_rust/59b18491::crux_test[0] counterexamples ----
        [Crux] Found counterexample for verification goal
        [Crux]   /home/jlamar/prj/chainsaw/crucible/crux-mir/lib/core/src/macros/mod.rs:709:24: 709:45 !/home/jlamar/prj/chainsaw/crucible/crux-mir/lib/crucible/lib.rs:129:5: 129:42: error: in crucible/5888ca02::override_[0]::_inst28abcb7c380bf102[0]
        [Crux]   Translation error in crucible/5888ca02::override_[0]::_inst28abcb7c380bf102[0]: cannot find static variable alloc$0/3a1fbbbh
        
        [Crux] Overall status: Invalid.
        
        Use -p '/override_rust/' to rerun this test only.
      read:                      FAIL (0.09s)
        test/symb_eval/byteorder/read.out: withFile: user error (Error 101 while running mir-json on test/symb_eval/byteorder/read.rs)
        Use -p '/Output testing.read/' to rerun this test only.
      write:                     FAIL
        test/symb_eval/byteorder/write.out: withFile: user error (Error 101 while running mir-json on test/symb_eval/byteorder/write.rs)
        Use -p '/Output testing.write/' to rerun this test only.
      mux:                       [0KFAIL (0.96s)
        files test/symb_eval/enum/mux.good and test/symb_eval/enum/mux.out differ; test/symb_eval/enum/mux.out contains:
        test mux/aa4fe2e6::test[0]: FAILED
        
        failures:
        
        ---- mux/aa4fe2e6::test[0] counterexamples ----
        [Crux] Found counterexample for verification goal
        [Crux]   /home/jlamar/prj/chainsaw/crucible/crux-mir/lib/core/src/macros/mod.rs:709:24: 709:45 !lib/crucible/symbolic.rs:30:1: 36:2: error: in crucible/5888ca02::symbolic[0]::symbolic_u8[0]
        [Crux]   Translation error in crucible/5888ca02::symbolic[0]::symbolic_u8[0]: cannot find static variable alloc$8/3a1fbbbh
        
        [Crux] Overall status: Invalid.
        
        Use -p '$0=="crux-mir.crux symbolic.Output testing.mux"' to rerun this test only.
      split_off:                 [0KFAIL (1.42s)
        files test/symb_eval/bytes/split_off.good and test/symb_eval/bytes/split_off.out differ; test/symb_eval/bytes/split_off.out contains:
        test split_off/4ecfcbdd::f[0]: FAILED
        
        failures:
        
        ---- split_off/4ecfcbdd::f[0] counterexamples ----
        [Crux] Found counterexample for verification goal
        [Crux]   /home/jlamar/prj/chainsaw/crucible/crux-mir/lib/core/src/macros/mod.rs:709:24: 709:45 !/home/jlamar/prj/chainsaw/crucible/crux-mir/lib/crucible/vector.rs:81:9: 81:44: error: in crucible/5888ca02::vector[0]::{impl#1}[0]::replicate[0]::_instaddce72e1232152c[0]
        [Crux]   Translation error in crucible/5888ca02::vector[0]::{impl#1}[0]::replicate[0]::_instaddce72e1232152c[0]: cannot find static variable alloc$0/3a1fbbbh
        
        [Crux] Overall status: Invalid.
        
        Use -p '/split_off/' to rerun this test only.
      new:                       [0KFAIL (1.00s)
        files test/symb_eval/bytes/new.good and test/symb_eval/bytes/new.out differ; test/symb_eval/bytes/new.out contains:
        test new/b6888249::f[0]: FAILED
        
        failures:
        
        ---- new/b6888249::f[0] counterexamples ----
        [Crux] Found counterexample for verification goal
        [Crux]   /home/jlamar/prj/chainsaw/crucible/crux-mir/lib/core/src/macros/mod.rs:709:24: 709:45 !/home/jlamar/prj/chainsaw/crucible/crux-mir/lib/crucible/vector.rs:81:9: 81:44: error: in crucible/5888ca02::vector[0]::{impl#1}[0]::replicate[0]::_instaddce72e1232152c[0]
        [Crux]   Translation error in crucible/5888ca02::vector[0]::{impl#1}[0]::replicate[0]::_instaddce72e1232152c[0]: cannot find static variable alloc$0/3a1fbbbh
        
        [Crux] Overall status: Invalid.
        
        Use -p '$0=="crux-mir.crux symbolic.Output testing.new"' to rerun this test only.
      split_to:                  [0KFAIL (1.35s)
        files test/symb_eval/bytes/split_to.good and test/symb_eval/bytes/split_to.out differ; test/symb_eval/bytes/split_to.out contains:
        test split_to/437fab7e::f[0]: FAILED
        
        failures:
        
        ---- split_to/437fab7e::f[0] counterexamples ----
        [Crux] Found counterexample for verification goal
        [Crux]   /home/jlamar/prj/chainsaw/crucible/crux-mir/lib/core/src/macros/mod.rs:709:24: 709:45 !/home/jlamar/prj/chainsaw/crucible/crux-mir/lib/crucible/vector.rs:81:9: 81:44: error: in crucible/5888ca02::vector[0]::{impl#1}[0]::replicate[0]::_instaddce72e1232152c[0]
        [Crux]   Translation error in crucible/5888ca02::vector[0]::{impl#1}[0]::replicate[0]::_instaddce72e1232152c[0]: cannot find static variable alloc$0/3a1fbbbh
        
        [Crux] Overall status: Invalid.
        
        Use -p '/split_to/' to rerun this test only.
      put_overflow:              [0KFAIL (1.40s)
        files test/symb_eval/bytes/put_overflow.good and test/symb_eval/bytes/put_overflow.out differ; test/symb_eval/bytes/put_overflow.out contains:
        test put_overflow/bfb2f26d::f[0]: FAILED
        
        failures:
        
        ---- put_overflow/bfb2f26d::f[0] counterexamples ----
        [Crux] Found counterexample for verification goal
        [Crux]   /home/jlamar/prj/chainsaw/crucible/crux-mir/lib/core/src/macros/mod.rs:709:24: 709:45 !/home/jlamar/prj/chainsaw/crucible/crux-mir/lib/crucible/vector.rs:81:9: 81:44: error: in crucible/5888ca02::vector[0]::{impl#1}[0]::replicate[0]::_instaddce72e1232152c[0]
        [Crux]   Translation error in crucible/5888ca02::vector[0]::{impl#1}[0]::replicate[0]::_instaddce72e1232152c[0]: cannot find static variable alloc$0/3a1fbbbh
        
        [Crux] Overall status: Invalid.
        
        Use -p '/put_overflow/' to rerun this test only.
      sym_len:                   [0KFAIL (1.37s)
        files test/symb_eval/bytes/sym_len.good and test/symb_eval/bytes/sym_len.out differ; test/symb_eval/bytes/sym_len.out contains:
        test sym_len/d901b6ca::f[0]: FAILED
        
        failures:
        
        ---- sym_len/d901b6ca::f[0] counterexamples ----
        [Crux] Found counterexample for verification goal
        [Crux]   /home/jlamar/prj/chainsaw/crucible/crux-mir/lib/core/src/macros/mod.rs:709:24: 709:45 !/home/jlamar/prj/chainsaw/crucible/crux-mir/lib/crucible/vector.rs:81:9: 81:44: error: in crucible/5888ca02::vector[0]::{impl#1}[0]::replicate[0]::_instaddce72e1232152c[0]
        [Crux]   Translation error in crucible/5888ca02::vector[0]::{impl#1}[0]::replicate[0]::_instaddce72e1232152c[0]: cannot find static variable alloc$0/3a1fbbbh
        
        [Crux] Overall status: Invalid.
        
        Use -p '/sym_len/' to rerun this test only.
      put:                       [0KFAIL (1.33s)
        files test/symb_eval/bytes/put.good and test/symb_eval/bytes/put.out differ; test/symb_eval/bytes/put.out contains:
        test put/5170e38f::f[0]: FAILED
        
        failures:
        
        ---- put/5170e38f::f[0] counterexamples ----
        [Crux] Found counterexample for verification goal
        [Crux]   /home/jlamar/prj/chainsaw/crucible/crux-mir/lib/core/src/macros/mod.rs:709:24: 709:45 !/home/jlamar/prj/chainsaw/crucible/crux-mir/lib/crucible/vector.rs:81:9: 81:44: error: in crucible/5888ca02::vector[0]::{impl#1}[0]::replicate[0]::_instaddce72e1232152c[0]
        [Crux]   Translation error in crucible/5888ca02::vector[0]::{impl#1}[0]::replicate[0]::_instaddce72e1232152c[0]: cannot find static variable alloc$0/3a1fbbbh
        
        [Crux] Overall status: Invalid.
        
        Use -p '$0=="crux-mir.crux symbolic.Output testing.put"' to rerun this test only.
      extend_bytes:              [0KFAIL (0.94s)
        files test/symb_eval/bytes/extend_bytes.good and test/symb_eval/bytes/extend_bytes.out differ; test/symb_eval/bytes/extend_bytes.out contains:
        test extend_bytes/d25848e0::f[0]: FAILED
        
        failures:
        
        ---- extend_bytes/d25848e0::f[0] counterexamples ----
        [Crux] Found counterexample for verification goal
        [Crux]   /home/jlamar/prj/chainsaw/crucible/crux-mir/lib/core/src/macros/mod.rs:709:24: 709:45 !/home/jlamar/prj/chainsaw/crucible/crux-mir/lib/crucible/vector.rs:81:9: 81:44: error: in crucible/5888ca02::vector[0]::{impl#1}[0]::replicate[0]::_instaddce72e1232152c[0]
        [Crux]   Translation error in crucible/5888ca02::vector[0]::{impl#1}[0]::replicate[0]::_instaddce72e1232152c[0]: cannot find static variable alloc$0/3a1fbbbh
        
        [Crux] Overall status: Invalid.
        
        Use -p '/extend_bytes/' to rerun this test only.
      basic:                     